#
# A fatal error has been detected by the Java Runtime Environment:
#
#  SIGSEGV (0xb) at pc=0x00007f58d106977a, pid=2294, tid=0x00007f58c8814700
#
# JRE version: OpenJDK Runtime Environment (8.0_141-b15) (build 1.8.0_141-BLFS-b15)
# Java VM: OpenJDK 64-Bit Server VM (25.141-b15 mixed mode linux-amd64 compressed oops)
# Problematic frame:
# v  ~BufferBlob::jni_fast_GetLongField
#
# Failed to write core dump. Core dumps have been disabled. To enable core dumping, try "ulimit -c unlimited" before starting Java again
#
# If you would like to submit a bug report, please visit:
#   http://bugreport.java.com/bugreport/crash.jsp
# The crash happened outside the Java Virtual Machine in native code.
# See problematic frame for where to report the bug.
#

---------------  T H R E A D  ---------------

Current thread (0x00007f588c100000):  JavaThread "AWT-XAWT" daemon [_thread_in_native, id=2470, stack(0x00007f58c8714000,0x00007f58c8815000)]

siginfo: si_signo: 11 (SIGSEGV), si_code: 1 (SEGV_MAPERR), si_addr: 0x0000000000000000

Registers:
RAX=0x00007f58e875bf60, RBX=0x00007f588c1001e0, RCX=0x0000000000000001, RDX=0x0000000000000042
RSP=0x00007f58c88137f8, RBP=0x00007f58c8813820, RSI=0x0000000000000000, RDI=0x00007f588c1001e0
R8 =0x00007f58c95e7050, R9 =0x0000000000000000, R10=0x0000000000000360, R11=0x00007f58d111a958
R12=0x0000000000000000, R13=0x0000000000000000, R14=0x00007f58c9b2cae0, R15=0x00007f588c100000
RIP=0x00007f58d106977a, EFLAGS=0x0000000000010246, CSGSFS=0x002b000000000033, ERR=0x0000000000000004
  TRAPNO=0x000000000000000e

Top of Stack: (sp=0x00007f58c88137f8)
0x00007f58c88137f8:   00007f58c990a624 00007f58d0c7f228
0x00007f58c8813808:   0000000000000000 00007f58c88138d0
0x00007f58c8813818:   00007f58c88138a0 00007f58740de9c0
0x00007f58c8813828:   00007f58c95ef3ad 00007f58d0c7f228
0x00007f58c8813838:   00007f58c8813860 0000000000000000
0x00007f58c8813848:   00007f58c95e7073 00007f58c88138d0
0x00007f58c8813858:   00007f58c9902a8f 00007f58c88138b0
0x00007f58c8813868:   00007f58d111a9f6 0000000000000000
0x00007f58c8813878:   00007f58d12430f6 00007f58c88138d0
0x00007f58c8813888:   00007f58d117086c 00007f58c8813930
0x00007f58c8813898:   00000000c006adb8 00000000c0002ca0
0x00007f58c88138a8:   0000000000000031 00007f58c8813930
0x00007f58c88138b8:   00007f58d10077d0 00007f58c8813930
0x00007f58c88138c8:   00007f58d10077d0 0000000000000000
0x00007f58c88138d8:   00007f58d1007b10 00007f5884001100
0x00007f58c88138e8:   00000000c00bb560 00007f58c88138f0
0x00007f58c88138f8:   00007f58d0be56dc 00007f58c8813978
0x00007f58c8813908:   00007f58d0c43c28 0000000000000000
0x00007f58c8813918:   00007f58d0be5818 00007f58c88138d0
0x00007f58c8813928:   00007f58c8813970 00007f58c88139c0
0x00007f58c8813938:   00007f58d1007ffd 0000000000000000
0x00007f58c8813948:   00000000c021cad0 00000000c021c8c8
0x00007f58c8813958:   0000000000000000 0000000000000000
0x00007f58c8813968:   00000000c00bb560 0000000000000000
0x00007f58c8813978:   00000000c00646c0 00007f58c8813980
0x00007f58c8813988:   00007f58d0be551d 00007f58c88139d0
0x00007f58c8813998:   00007f58d0c43c28 0000000000000000
0x00007f58c88139a8:   00007f58d0be5528 00007f58c8813970
0x00007f58c88139b8:   00007f58c88139d0 00007f58c8813a18
0x00007f58c88139c8:   00007f58d1008042 00000000c00646c0
0x00007f58c88139d8:   00007f58c88139d8 00007f58d082d4b3
0x00007f58c88139e8:   00007f58c8813a28 00007f58d08b4020 

Instructions: (pc=0x00007f58d106977a)
0x00007f58d106975a:   00 00 00 00 00 00 44 8b 15 cd f2 71 17 4c 8b ce
0x00007f58d106976a:   41 f6 c2 01 0f 85 2e 00 00 00 4d 33 ca 4d 33 ca
0x00007f58d106977a:   4d 8b 09 4c 8b da 49 c1 eb 02 4b 8b 04 19 49 bb
0x00007f58d106978a:   34 8a 78 e8 58 7f 00 00 4c 33 d8 4c 33 d8 45 3b 

Register to memory mapping:

RAX=0x00007f58e875bf60: <offset 0xf0df60> in /opt/xdman/jre/lib/amd64/server/libjvm.so at 0x00007f58e784e000
RBX=0x00007f588c1001e0 is an unknown value
RCX=0x0000000000000001 is an unknown value
RDX=0x0000000000000042 is an unknown value
RSP=0x00007f58c88137f8 is pointing into the stack for thread: 0x00007f588c100000
RBP=0x00007f58c8813820 is pointing into the stack for thread: 0x00007f588c100000
RSI=0x0000000000000000 is an unknown value
RDI=0x00007f588c1001e0 is an unknown value
R8 =0x00007f58c95e7050: <offset 0x5c050> in /lib/x86_64-linux-gnu/libX11.so.6 at 0x00007f58c958b000
R9 =0x0000000000000000 is an unknown value
R10=0x0000000000000360 is an unknown value
R11=0x00007f58d111a958 is at entry_point+24 in (nmethod*)0x00007f58d111a7d0
R12=0x0000000000000000 is an unknown value
R13=0x0000000000000000 is an unknown value
R14=0x00007f58c9b2cae0: <offset 0x255ae0> in /opt/xdman/jre/lib/amd64/libawt_xawt.so at 0x00007f58c98d7000
R15=0x00007f588c100000 is a thread


Stack: [0x00007f58c8714000,0x00007f58c8815000],  sp=0x00007f58c88137f8,  free space=1021k
Native frames: (J=compiled Java code, j=interpreted, Vv=VM code, C=native code)
v  ~BufferBlob::jni_fast_GetLongField
C  [libX11.so.6+0x643ad]  _XimServerDestroy+0x3d

Java frames: (J=compiled Java code, j=interpreted, Vv=VM code)
J 1244  sun.awt.X11.XlibWrapper.XFilterEvent(JJ)Z (0 bytes) @ 0x00007f58d111a984 [0x00007f58d111a940+0x44]
j  sun.awt.X11.XToolkit.run(Z)V+300
j  sun.awt.X11.XToolkit.run()V+5
j  java.lang.Thread.run()V+11
v  ~StubRoutines::call_stub

---------------  P R O C E S S  ---------------

Java Threads: ( => current thread )
  0x00007f5868002000 JavaThread "Thread-5" [_thread_blocked, id=5853, stack(0x00007f5873dfe000,0x00007f5873eff000)]
  0x00007f58740b8800 JavaThread "TimerQueue" daemon [_thread_blocked, id=5851, stack(0x00007f58c02c4000,0x00007f58c03c5000)]
  0x00007f5880015800 JavaThread "AWT-EventQueue-0" [_thread_blocked, id=5849, stack(0x00007f58c0bf9000,0x00007f58c0cfa000)]
  0x00007f5880009800 JavaThread "AWT-Shutdown" [_thread_blocked, id=5848, stack(0x00007f58c808a000,0x00007f58c818b000)]
  0x00007f588c165800 JavaThread "Thread-1" [_thread_blocked, id=2471, stack(0x00007f58c85f8000,0x00007f58c86f9000)]
=>0x00007f588c100000 JavaThread "AWT-XAWT" daemon [_thread_in_native, id=2470, stack(0x00007f58c8714000,0x00007f58c8815000)]
  0x00007f588c0db000 JavaThread "Java2D Disposer" daemon [_thread_blocked, id=2468, stack(0x00007f58c8a3b000,0x00007f58c8b3c000)]
  0x00007f58e0009800 JavaThread "DestroyJavaVM" [_thread_blocked, id=2340, stack(0x00007f58e7600000,0x00007f58e7700000)]
  0x00007f58e01e4000 JavaThread "Thread-0" [_thread_in_native, id=2466, stack(0x00007f58ca012000,0x00007f58ca113000)]
  0x00007f58e01a0800 JavaThread "Service Thread" daemon [_thread_blocked, id=2457, stack(0x00007f58ca214000,0x00007f58ca315000)]
  0x00007f58e0183800 JavaThread "C1 CompilerThread2" daemon [_thread_blocked, id=2453, stack(0x00007f58ca316000,0x00007f58ca416000)]
  0x00007f58e0181800 JavaThread "C2 CompilerThread1" daemon [_thread_blocked, id=2452, stack(0x00007f58ca417000,0x00007f58ca517000)]
  0x00007f58e017e800 JavaThread "C2 CompilerThread0" daemon [_thread_blocked, id=2451, stack(0x00007f58ca518000,0x00007f58ca618000)]
  0x00007f58e017d000 JavaThread "Signal Dispatcher" daemon [_thread_blocked, id=2450, stack(0x00007f58ca618000,0x00007f58ca719000)]
  0x00007f58e0149800 JavaThread "Finalizer" daemon [_thread_blocked, id=2447, stack(0x00007f58cb4f5000,0x00007f58cb5f6000)]
  0x00007f58e0145000 JavaThread "Reference Handler" daemon [_thread_blocked, id=2446, stack(0x00007f58cb5f6000,0x00007f58cb6f7000)]

Other Threads:
  0x00007f58e013d800 VMThread [stack: 0x00007f58cb6f8000,0x00007f58cb7f8000] [id=2445]
  0x00007f58e01a3000 WatcherThread [stack: 0x00007f58ca114000,0x00007f58ca214000] [id=2458]

VM state:not at safepoint (normal execution)

VM Mutex/Monitor currently owned by a thread: None

Heap:
 PSYoungGen      total 16384K, used 14738K [0x00000000eab00000, 0x00000000ebc80000, 0x0000000100000000)
  eden space 14848K, 98% used [0x00000000eab00000,0x00000000eb954918,0x00000000eb980000)
  from space 1536K, 4% used [0x00000000ebb00000,0x00000000ebb10000,0x00000000ebc80000)
  to   space 1536K, 0% used [0x00000000eb980000,0x00000000eb980000,0x00000000ebb00000)
 ParOldGen       total 40960K, used 4633K [0x00000000c0000000, 0x00000000c2800000, 0x00000000eab00000)
  object space 40960K, 11% used [0x00000000c0000000,0x00000000c0486548,0x00000000c2800000)
 Metaspace       used 17976K, capacity 18256K, committed 18560K, reserved 1064960K
  class space    used 1997K, capacity 2093K, committed 2176K, reserved 1048576K

Card table byte_map: [0x00007f58e69c4000,0x00007f58e6bc5000] byte_map_base: 0x00007f58e63c4000

Marking Bits: (ParMarkBitMap*) 0x00007f58e8788120
 Begin Bits: [0x00007f58e446a000, 0x00007f58e546a000)
 End Bits:   [0x00007f58e546a000, 0x00007f58e646a000)

Polling page: 0x00007f58e8bf9000

CodeCache: size=245760Kb used=7564Kb max_used=7564Kb free=238195Kb
 bounds [0x00007f58d1000000, 0x00007f58d1780000, 0x00007f58e0000000]
 total_blobs=2720 nmethods=2107 adapters=526
 compilation: enabled

Compilation events (10 events):
Event: 13948,645 Thread 0x00007f58e0183800 2411   !   3       sun.awt.X11.XGlobalCursorManager::setCursor (141 bytes)
Event: 13948,648 Thread 0x00007f58e0183800 nmethod 2411 0x00007f58d176e850 code [0x00007f58d176eb20, 0x00007f58d17705c8]
Event: 13948,648 Thread 0x00007f58e0183800 2409       3       javax.swing.JComponent::processMouseMotionEvent (46 bytes)
Event: 13948,649 Thread 0x00007f58e0183800 nmethod 2409 0x00007f58d176c650 code [0x00007f58d176c840, 0x00007f58d176cf78]
Event: 13948,649 Thread 0x00007f58e0183800 2410       3       java.awt.Component::processMouseMotionEvent (58 bytes)
Event: 13948,649 Thread 0x00007f58e0183800 nmethod 2410 0x00007f58d1765a10 code [0x00007f58d1765ba0, 0x00007f58d1765f78]
Event: 13949,148 Thread 0x00007f58e0183800 2413   !   3       java.awt.AWTEvent::copyPrivateDataInto (76 bytes)
Event: 13949,149 Thread 0x00007f58e0183800 nmethod 2413 0x00007f58d1241050 code [0x00007f58d1241260, 0x00007f58d1241ec8]
Event: 13949,195 Thread 0x00007f58e0183800 2414       3       java.awt.LightweightDispatcher::retargetMouseEvent (350 bytes)
Event: 13949,200 Thread 0x00007f58e0183800 nmethod 2414 0x00007f58d1771050 code [0x00007f58d17713a0, 0x00007f58d1773c98]

GC Heap History (10 events):
Event: 12796,152 GC heap before
{Heap before GC invocations=32 (full 0):
 PSYoungGen      total 16896K, used 14944K [0x00000000eab00000, 0x00000000ebd80000, 0x0000000100000000)
  eden space 14848K, 100% used [0x00000000eab00000,0x00000000eb980000,0x00000000eb980000)
  from space 2048K, 4% used [0x00000000eb980000,0x00000000eb998000,0x00000000ebb80000)
  to   space 2048K, 0% used [0x00000000ebb80000,0x00000000ebb80000,0x00000000ebd80000)
 ParOldGen       total 40960K, used 4609K [0x00000000c0000000, 0x00000000c2800000, 0x00000000eab00000)
  object space 40960K, 11% used [0x00000000c0000000,0x00000000c0480548,0x00000000c2800000)
 Metaspace       used 17850K, capacity 18128K, committed 18560K, reserved 1064960K
  class space    used 1997K, capacity 2093K, committed 2176K, reserved 1048576K
Event: 12796,158 GC heap after
Heap after GC invocations=32 (full 0):
 PSYoungGen      total 16896K, used 64K [0x00000000eab00000, 0x00000000ebd80000, 0x0000000100000000)
  eden space 14848K, 0% used [0x00000000eab00000,0x00000000eab00000,0x00000000eb980000)
  from space 2048K, 3% used [0x00000000ebb80000,0x00000000ebb90000,0x00000000ebd80000)
  to   space 2048K, 0% used [0x00000000eb980000,0x00000000eb980000,0x00000000ebb80000)
 ParOldGen       total 40960K, used 4609K [0x00000000c0000000, 0x00000000c2800000, 0x00000000eab00000)
  object space 40960K, 11% used [0x00000000c0000000,0x00000000c0480548,0x00000000c2800000)
 Metaspace       used 17850K, capacity 18128K, committed 18560K, reserved 1064960K
  class space    used 1997K, capacity 2093K, committed 2176K, reserved 1048576K
}
Event: 13026,260 GC heap before
{Heap before GC invocations=33 (full 0):
 PSYoungGen      total 16896K, used 14912K [0x00000000eab00000, 0x00000000ebd80000, 0x0000000100000000)
  eden space 14848K, 100% used [0x00000000eab00000,0x00000000eb980000,0x00000000eb980000)
  from space 2048K, 3% used [0x00000000ebb80000,0x00000000ebb90000,0x00000000ebd80000)
  to   space 2048K, 0% used [0x00000000eb980000,0x00000000eb980000,0x00000000ebb80000)
 ParOldGen       total 40960K, used 4609K [0x00000000c0000000, 0x00000000c2800000, 0x00000000eab00000)
  object space 40960K, 11% used [0x00000000c0000000,0x00000000c0480548,0x00000000c2800000)
 Metaspace       used 17850K, capacity 18128K, committed 18560K, reserved 1064960K
  class space    used 1997K, capacity 2093K, committed 2176K, reserved 1048576K
Event: 13026,265 GC heap after
Heap after GC invocations=33 (full 0):
 PSYoungGen      total 15360K, used 32K [0x00000000eab00000, 0x00000000ebc80000, 0x0000000100000000)
  eden space 14848K, 0% used [0x00000000eab00000,0x00000000eab00000,0x00000000eb980000)
  from space 512K, 6% used [0x00000000eb980000,0x00000000eb988000,0x00000000eba00000)
  to   space 1536K, 0% used [0x00000000ebb00000,0x00000000ebb00000,0x00000000ebc80000)
 ParOldGen       total 40960K, used 4625K [0x00000000c0000000, 0x00000000c2800000, 0x00000000eab00000)
  object space 40960K, 11% used [0x00000000c0000000,0x00000000c0484548,0x00000000c2800000)
 Metaspace       used 17850K, capacity 18128K, committed 18560K, reserved 1064960K
  class space    used 1997K, capacity 2093K, committed 2176K, reserved 1048576K
}
Event: 13256,368 GC heap before
{Heap before GC invocations=34 (full 0):
 PSYoungGen      total 15360K, used 14880K [0x00000000eab00000, 0x00000000ebc80000, 0x0000000100000000)
  eden space 14848K, 100% used [0x00000000eab00000,0x00000000eb980000,0x00000000eb980000)
  from space 512K, 6% used [0x00000000eb980000,0x00000000eb988000,0x00000000eba00000)
  to   space 1536K, 0% used [0x00000000ebb00000,0x00000000ebb00000,0x00000000ebc80000)
 ParOldGen       total 40960K, used 4625K [0x00000000c0000000, 0x00000000c2800000, 0x00000000eab00000)
  object space 40960K, 11% used [0x00000000c0000000,0x00000000c0484548,0x00000000c2800000)
 Metaspace       used 17850K, capacity 18128K, committed 18560K, reserved 1064960K
  class space    used 1997K, capacity 2093K, committed 2176K, reserved 1048576K
Event: 13256,373 GC heap after
Heap after GC invocations=34 (full 0):
 PSYoungGen      total 16384K, used 96K [0x00000000eab00000, 0x00000000ebc80000, 0x0000000100000000)
  eden space 14848K, 0% used [0x00000000eab00000,0x00000000eab00000,0x00000000eb980000)
  from space 1536K, 6% used [0x00000000ebb00000,0x00000000ebb18000,0x00000000ebc80000)
  to   space 1536K, 0% used [0x00000000eb980000,0x00000000eb980000,0x00000000ebb00000)
 ParOldGen       total 40960K, used 4625K [0x00000000c0000000, 0x00000000c2800000, 0x00000000eab00000)
  object space 40960K, 11% used [0x00000000c0000000,0x00000000c0484548,0x00000000c2800000)
 Metaspace       used 17850K, capacity 18128K, committed 18560K, reserved 1064960K
  class space    used 1997K, capacity 2093K, committed 2176K, reserved 1048576K
}
Event: 13486,485 GC heap before
{Heap before GC invocations=35 (full 0):
 PSYoungGen      total 16384K, used 14944K [0x00000000eab00000, 0x00000000ebc80000, 0x0000000100000000)
  eden space 14848K, 100% used [0x00000000eab00000,0x00000000eb980000,0x00000000eb980000)
  from space 1536K, 6% used [0x00000000ebb00000,0x00000000ebb18000,0x00000000ebc80000)
  to   space 1536K, 0% used [0x00000000eb980000,0x00000000eb980000,0x00000000ebb00000)
 ParOldGen       total 40960K, used 4625K [0x00000000c0000000, 0x00000000c2800000, 0x00000000eab00000)
  object space 40960K, 11% used [0x00000000c0000000,0x00000000c0484548,0x00000000c2800000)
 Metaspace       used 17850K, capacity 18128K, committed 18560K, reserved 1064960K
  class space    used 1997K, capacity 2093K, committed 2176K, reserved 1048576K
Event: 13486,491 GC heap after
Heap after GC invocations=35 (full 0):
 PSYoungGen      total 16384K, used 96K [0x00000000eab00000, 0x00000000ebc80000, 0x0000000100000000)
  eden space 14848K, 0% used [0x00000000eab00000,0x00000000eab00000,0x00000000eb980000)
  from space 1536K, 6% used [0x00000000eb980000,0x00000000eb998000,0x00000000ebb00000)
  to   space 1536K, 0% used [0x00000000ebb00000,0x00000000ebb00000,0x00000000ebc80000)
 ParOldGen       total 40960K, used 4625K [0x00000000c0000000, 0x00000000c2800000, 0x00000000eab00000)
  object space 40960K, 11% used [0x00000000c0000000,0x00000000c0484548,0x00000000c2800000)
 Metaspace       used 17850K, capacity 18128K, committed 18560K, reserved 1064960K
  class space    used 1997K, capacity 2093K, committed 2176K, reserved 1048576K
}
Event: 13715,589 GC heap before
{Heap before GC invocations=36 (full 0):
 PSYoungGen      total 16384K, used 14944K [0x00000000eab00000, 0x00000000ebc80000, 0x0000000100000000)
  eden space 14848K, 100% used [0x00000000eab00000,0x00000000eb980000,0x00000000eb980000)
  from space 1536K, 6% used [0x00000000eb980000,0x00000000eb998000,0x00000000ebb00000)
  to   space 1536K, 0% used [0x00000000ebb00000,0x00000000ebb00000,0x00000000ebc80000)
 ParOldGen       total 40960K, used 4625K [0x00000000c0000000, 0x00000000c2800000, 0x00000000eab00000)
  object space 40960K, 11% used [0x00000000c0000000,0x00000000c0484548,0x00000000c2800000)
 Metaspace       used 17904K, capacity 18192K, committed 18560K, reserved 1064960K
  class space    used 1997K, capacity 2093K, committed 2176K, reserved 1048576K
Event: 13715,593 GC heap after
Heap after GC invocations=36 (full 0):
 PSYoungGen      total 16384K, used 64K [0x00000000eab00000, 0x00000000ebc80000, 0x0000000100000000)
  eden space 14848K, 0% used [0x00000000eab00000,0x00000000eab00000,0x00000000eb980000)
  from space 1536K, 4% used [0x00000000ebb00000,0x00000000ebb10000,0x00000000ebc80000)
  to   space 1536K, 0% used [0x00000000eb980000,0x00000000eb980000,0x00000000ebb00000)
 ParOldGen       total 40960K, used 4633K [0x00000000c0000000, 0x00000000c2800000, 0x00000000eab00000)
  object space 40960K, 11% used [0x00000000c0000000,0x00000000c0486548,0x00000000c2800000)
 Metaspace       used 17904K, capacity 18192K, committed 18560K, reserved 1064960K
  class space    used 1997K, capacity 2093K, committed 2176K, reserved 1048576K
}

Deoptimization events (10 events):
Event: 3982,341 Thread 0x00007f586805e800 Uncommon trap: reason=array_check action=maybe_recompile pc=0x00007f58d15e8ad4 method=java.util.AbstractCollection.toArray([Ljava/lang/Object;)[Ljava/lang/Object; @ 119
Event: 3982,377 Thread 0x00007f5868068800 Uncommon trap: reason=array_check action=maybe_recompile pc=0x00007f58d15e8ad4 method=java.util.AbstractCollection.toArray([Ljava/lang/Object;)[Ljava/lang/Object; @ 119
Event: 3983,182 Thread 0x00007f588c074800 Uncommon trap: reason=array_check action=maybe_recompile pc=0x00007f58d15e8ad4 method=java.util.AbstractCollection.toArray([Ljava/lang/Object;)[Ljava/lang/Object; @ 119
Event: 4010,316 Thread 0x00007f585c003000 Uncommon trap: reason=unstable_if action=reinterpret pc=0x00007f58d1441138 method=java.util.concurrent.locks.ReentrantLock$Sync.nonfairTryAcquire(I)Z @ 19
Event: 4026,515 Thread 0x00007f5880015800 Uncommon trap: reason=bimorphic action=maybe_recompile pc=0x00007f58d158bff4 method=java.util.AbstractCollection.addAll(Ljava/util/Collection;)Z @ 10
Event: 4026,516 Thread 0x00007f5880015800 Uncommon trap: reason=bimorphic action=maybe_recompile pc=0x00007f58d158bff4 method=java.util.AbstractCollection.addAll(Ljava/util/Collection;)Z @ 10
Event: 4026,570 Thread 0x00007f58740e4800 Uncommon trap: reason=unstable_if action=reinterpret pc=0x00007f58d152a0e4 method=java.util.Calendar.setFieldsComputed(I)V @ 3
Event: 11498,748 Thread 0x00007f588c074800 Uncommon trap: reason=unstable_if action=reinterpret pc=0x00007f58d16429e0 method=sun.nio.cs.UTF_8$Decoder.decode([BII[C)I @ 30
Event: 11498,775 Thread 0x00007f588c074800 Uncommon trap: reason=unstable_if action=reinterpret pc=0x00007f58d1643020 method=sun.nio.cs.UTF_8$Decoder.decode([BII[C)I @ 30
Event: 11505,643 Thread 0x00007f588c0e9800 Uncommon trap: reason=unstable_if action=reinterpret pc=0x00007f58d165e5a8 method=xdman.monitoring.MonitoringSession.onSync(Lxdman/monitoring/Request;Lxdman/monitoring/Response;)V @ 256

Internal exceptions (10 events):
Event: 5,874 Thread 0x00007f58e01e4000 Exception <a 'java/lang/NoSuchFieldError': method resolution failed> (0x00000000eadc8b28) thrown at [/sources/openjdk/jdk8u-jdk8u141-b15/hotspot/src/share/vm/prims/methodHandles.cpp, line 1146]
Event: 5,977 Thread 0x00007f58e01e4000 Exception <a 'java/io/FileNotFoundException'> (0x00000000eae46be8) thrown at [/sources/openjdk/jdk8u-jdk8u141-b15/hotspot/src/share/vm/prims/jni.cpp, line 709]
Event: 5,977 Thread 0x00007f58e01e4000 Exception <a 'java/io/FileNotFoundException'> (0x00000000eae47610) thrown at [/sources/openjdk/jdk8u-jdk8u141-b15/hotspot/src/share/vm/prims/jni.cpp, line 709]
Event: 6,164 Thread 0x00007f58e01e4000 Exception <a 'java/lang/ClassNotFoundException': sun/dc/DuctusRenderingEngine> (0x00000000eae6a358) thrown at [/sources/openjdk/jdk8u-jdk8u141-b15/hotspot/src/share/vm/classfile/systemDictionary.cpp, line 210]
Event: 3826,069 Thread 0x00007f5880015800 Implicit null exception at 0x00007f58d123c3b5 to 0x00007f58d123c781
Event: 3826,078 Thread 0x00007f5880015800 Implicit null exception at 0x00007f58d1237f36 to 0x00007f58d12382f9
Event: 3827,883 Thread 0x00007f5880015800 Exception <a 'java/lang/UnsupportedOperationException': > (0x00000000eb975050) thrown at [/sources/openjdk/jdk8u-jdk8u141-b15/hotspot/src/share/vm/prims/jni.cpp, line 735]
Event: 3829,967 Thread 0x00007f5880015800 Exception <a 'java/lang/UnsupportedOperationException': > (0x00000000eac688e8) thrown at [/sources/openjdk/jdk8u-jdk8u141-b15/hotspot/src/share/vm/prims/jni.cpp, line 735]
Event: 3911,033 Thread 0x00007f586805e800 Exception <a 'java/net/SocketTimeoutException': Read timed out> (0x00000000eb609258) thrown at [/sources/openjdk/jdk8u-jdk8u141-b15/hotspot/src/share/vm/prims/jni.cpp, line 735]
Event: 3964,650 Thread 0x00007f5878012800 Exception <a 'java/net/SocketTimeoutException': Read timed out> (0x00000000eaea1db0) thrown at [/sources/openjdk/jdk8u-jdk8u141-b15/hotspot/src/share/vm/prims/jni.cpp, line 735]

Events (10 events):
Event: 13948,414 Thread 0x00007f58e0183800 flushing nmethod 0x00007f58d111abd0
Event: 13948,461 Thread 0x00007f58e0183800 flushing nmethod 0x00007f58d11c8250
Event: 13948,645 Thread 0x00007f58e0183800 flushing nmethod 0x00007f58d11fce50
Event: 13948,645 Thread 0x00007f58e0183800 flushing nmethod 0x00007f58d11ff450
Event: 13948,645 Thread 0x00007f58e0183800 flushing nmethod 0x00007f58d120e310
Event: 13948,648 Thread 0x00007f58e0183800 flushing nmethod 0x00007f58d1240810
Event: 13948,648 Thread 0x00007f58e0183800 flushing nmethod 0x00007f58d1243910
Event: 13948,649 Thread 0x00007f58e0183800 flushing nmethod 0x00007f58d129efd0
Event: 13948,649 Thread 0x00007f58e0183800 flushing nmethod 0x00007f58d12a4490
Event: 13948,649 Thread 0x00007f58e0183800 flushing nmethod 0x00007f58d12c9010


Dynamic libraries:
00400000-00401000 r-xp 00000000 08:06 682638                             /opt/xdman/jre/bin/java
00600000-00601000 r--p 00000000 08:06 682638                             /opt/xdman/jre/bin/java
00601000-00602000 rw-p 00001000 08:06 682638                             /opt/xdman/jre/bin/java
015ce000-015ef000 rw-p 00000000 00:00 0                                  [heap]
c0000000-c2800000 rw-p 00000000 00:00 0 
c2800000-eab00000 ---p 00000000 00:00 0 
eab00000-ebc80000 rw-p 00000000 00:00 0 
ebc80000-100000000 ---p 00000000 00:00 0 
100000000-100220000 rw-p 00000000 00:00 0 
100220000-140000000 ---p 00000000 00:00 0 
7f5848000000-7f5848021000 rw-p 00000000 00:00 0 
7f5848021000-7f584c000000 ---p 00000000 00:00 0 
7f5850000000-7f5850021000 rw-p 00000000 00:00 0 
7f5850021000-7f5854000000 ---p 00000000 00:00 0 
7f5854000000-7f5854021000 rw-p 00000000 00:00 0 
7f5854021000-7f5858000000 ---p 00000000 00:00 0 
7f5858000000-7f5858021000 rw-p 00000000 00:00 0 
7f5858021000-7f585c000000 ---p 00000000 00:00 0 
7f585c000000-7f585c021000 rw-p 00000000 00:00 0 
7f585c021000-7f5860000000 ---p 00000000 00:00 0 
7f5860000000-7f5860021000 rw-p 00000000 00:00 0 
7f5860021000-7f5864000000 ---p 00000000 00:00 0 
7f5864000000-7f5864021000 rw-p 00000000 00:00 0 
7f5864021000-7f5868000000 ---p 00000000 00:00 0 
7f5868000000-7f586806c000 rw-p 00000000 00:00 0 
7f586806c000-7f586c000000 ---p 00000000 00:00 0 
7f586c000000-7f586c021000 rw-p 00000000 00:00 0 
7f586c021000-7f5870000000 ---p 00000000 00:00 0 
7f58736f9000-7f58736fc000 ---p 00000000 00:00 0 
7f58736fc000-7f58737fa000 rw-p 00000000 00:00 0 
7f58737fa000-7f58737fd000 ---p 00000000 00:00 0 
7f58737fd000-7f58738fb000 rw-p 00000000 00:00 0 
7f58738fb000-7f58738fe000 ---p 00000000 00:00 0 
7f58738fe000-7f58739fc000 rw-p 00000000 00:00 0 
7f58739fc000-7f58739ff000 ---p 00000000 00:00 0 
7f58739ff000-7f5873afd000 rw-p 00000000 00:00 0 
7f5873afd000-7f5873b00000 ---p 00000000 00:00 0 
7f5873b00000-7f5873dfe000 rw-p 00000000 00:00 0 
7f5873dfe000-7f5873e01000 ---p 00000000 00:00 0 
7f5873e01000-7f5873eff000 rw-p 00000000 00:00 0 
7f5873eff000-7f5873f02000 ---p 00000000 00:00 0 
7f5873f02000-7f5874000000 rw-p 00000000 00:00 0 
7f5874000000-7f5874115000 rw-p 00000000 00:00 0 
7f5874115000-7f5878000000 ---p 00000000 00:00 0 
7f5878000000-7f587802d000 rw-p 00000000 00:00 0 
7f587802d000-7f587c000000 ---p 00000000 00:00 0 
7f587c000000-7f587c021000 rw-p 00000000 00:00 0 
7f587c021000-7f5880000000 ---p 00000000 00:00 0 
7f5880000000-7f5880028000 rw-p 00000000 00:00 0 
7f5880028000-7f5884000000 ---p 00000000 00:00 0 
7f5884000000-7f588402c000 rw-p 00000000 00:00 0 
7f588402c000-7f5888000000 ---p 00000000 00:00 0 
7f5888000000-7f588828c000 rw-p 00000000 00:00 0 
7f588828c000-7f588c000000 ---p 00000000 00:00 0 
7f588c000000-7f588c417000 rw-p 00000000 00:00 0 
7f588c417000-7f5890000000 ---p 00000000 00:00 0 
7f5890000000-7f5890021000 rw-p 00000000 00:00 0 
7f5890021000-7f5894000000 ---p 00000000 00:00 0 
7f5894000000-7f5894021000 rw-p 00000000 00:00 0 
7f5894021000-7f5898000000 ---p 00000000 00:00 0 
7f5898000000-7f5898021000 rw-p 00000000 00:00 0 
7f5898021000-7f589c000000 ---p 00000000 00:00 0 
7f589c000000-7f589ce83000 rw-p 00000000 00:00 0 
7f589ce83000-7f58a0000000 ---p 00000000 00:00 0 
7f58a0000000-7f58a0876000 rw-p 00000000 00:00 0 
7f58a0876000-7f58a4000000 ---p 00000000 00:00 0 
7f58a4000000-7f58a4021000 rw-p 00000000 00:00 0 
7f58a4021000-7f58a8000000 ---p 00000000 00:00 0 
7f58a8000000-7f58a9313000 rw-p 00000000 00:00 0 
7f58a9313000-7f58ac000000 ---p 00000000 00:00 0 
7f58ac000000-7f58ac021000 rw-p 00000000 00:00 0 
7f58ac021000-7f58b0000000 ---p 00000000 00:00 0 
7f58b0000000-7f58b0021000 rw-p 00000000 00:00 0 
7f58b0021000-7f58b4000000 ---p 00000000 00:00 0 
7f58b4000000-7f58b4021000 rw-p 00000000 00:00 0 
7f58b4021000-7f58b8000000 ---p 00000000 00:00 0 
7f58b8000000-7f58b8039000 rw-p 00000000 00:00 0 
7f58b8039000-7f58bc000000 ---p 00000000 00:00 0 
7f58bc000000-7f58bc021000 rw-p 00000000 00:00 0 
7f58bc021000-7f58c0000000 ---p 00000000 00:00 0 
7f58c0035000-7f58c0038000 ---p 00000000 00:00 0 
7f58c0038000-7f58c006e000 rw-p 00000000 00:00 0 
7f58c006e000-7f58c00c4000 rw-s 00000000 00:05 2785304                    /SYSV00000000 (deleted)
7f58c00c4000-7f58c02c4000 rw-p 00000000 00:00 0 
7f58c02c4000-7f58c02c7000 ---p 00000000 00:00 0 
7f58c02c7000-7f58c03c5000 rw-p 00000000 00:00 0 
7f58c03c5000-7f58c03d5000 r-xp 00000000 08:06 682691                     /opt/xdman/jre/lib/amd64/libnio.so
7f58c03d5000-7f58c05d5000 ---p 00010000 08:06 682691                     /opt/xdman/jre/lib/amd64/libnio.so
7f58c05d5000-7f58c05d6000 r--p 00010000 08:06 682691                     /opt/xdman/jre/lib/amd64/libnio.so
7f58c05d6000-7f58c05d7000 rw-p 00011000 08:06 682691                     /opt/xdman/jre/lib/amd64/libnio.so
7f58c05d7000-7f58c05e3000 r--p 00000000 08:06 1317406                    /usr/lib/x86_64-linux-gnu/libfreetype.so.6.16.1
7f58c05e3000-7f58c0660000 r-xp 0000c000 08:06 1317406                    /usr/lib/x86_64-linux-gnu/libfreetype.so.6.16.1
7f58c0660000-7f58c0689000 r--p 00089000 08:06 1317406                    /usr/lib/x86_64-linux-gnu/libfreetype.so.6.16.1
7f58c0689000-7f58c068a000 ---p 000b2000 08:06 1317406                    /usr/lib/x86_64-linux-gnu/libfreetype.so.6.16.1
7f58c068a000-7f58c0691000 r--p 000b2000 08:06 1317406                    /usr/lib/x86_64-linux-gnu/libfreetype.so.6.16.1
7f58c0691000-7f58c0692000 rw-p 000b9000 08:06 1317406                    /usr/lib/x86_64-linux-gnu/libfreetype.so.6.16.1
7f58c0692000-7f58c06f4000 r-xp 00000000 08:06 682720                     /opt/xdman/jre/lib/amd64/libfontmanager.so
7f58c06f4000-7f58c08f3000 ---p 00062000 08:06 682720                     /opt/xdman/jre/lib/amd64/libfontmanager.so
7f58c08f3000-7f58c08f6000 r--p 00061000 08:06 682720                     /opt/xdman/jre/lib/amd64/libfontmanager.so
7f58c08f6000-7f58c08f7000 rw-p 00064000 08:06 682720                     /opt/xdman/jre/lib/amd64/libfontmanager.so
7f58c08f7000-7f58c0af8000 rw-p 00000000 00:00 0 
7f58c0af8000-7f58c0afb000 ---p 00000000 00:00 0 
7f58c0afb000-7f58c0bf9000 rw-p 00000000 00:00 0 
7f58c0bf9000-7f58c0bfc000 ---p 00000000 00:00 0 
7f58c0bfc000-7f58c0cfa000 rw-p 00000000 00:00 0 
7f58c0cfa000-7f58c0cfd000 r-xp 00000000 08:06 1317897                    /usr/lib/x86_64-linux-gnu/libnss_mdns4_minimal.so.2
7f58c0cfd000-7f58c0efc000 ---p 00003000 08:06 1317897                    /usr/lib/x86_64-linux-gnu/libnss_mdns4_minimal.so.2
7f58c0efc000-7f58c0efd000 r--p 00002000 08:06 1317897                    /usr/lib/x86_64-linux-gnu/libnss_mdns4_minimal.so.2
7f58c0efd000-7f58c0efe000 rw-p 00003000 08:06 1317897                    /usr/lib/x86_64-linux-gnu/libnss_mdns4_minimal.so.2
7f58c0efe000-7f58c0f01000 ---p 00000000 00:00 0 
7f58c0f01000-7f58c4000000 rw-p 00000000 00:00 0 
7f58c4000000-7f58c4021000 rw-p 00000000 00:00 0 
7f58c4021000-7f58c8000000 ---p 00000000 00:00 0 
7f58c8038000-7f58c803d000 r--p 00000000 08:06 1318008                    /usr/lib/x86_64-linux-gnu/libpng16.so.16.36.0
7f58c803d000-7f58c8061000 r-xp 00005000 08:06 1318008                    /usr/lib/x86_64-linux-gnu/libpng16.so.16.36.0
7f58c8061000-7f58c806d000 r--p 00029000 08:06 1318008                    /usr/lib/x86_64-linux-gnu/libpng16.so.16.36.0
7f58c806d000-7f58c806e000 r--p 00034000 08:06 1318008                    /usr/lib/x86_64-linux-gnu/libpng16.so.16.36.0
7f58c806e000-7f58c806f000 rw-p 00035000 08:06 1318008                    /usr/lib/x86_64-linux-gnu/libpng16.so.16.36.0
7f58c806f000-7f58c8073000 r--p 00000000 08:06 1318076                    /usr/lib/x86_64-linux-gnu/libresolv-2.29.so
7f58c8073000-7f58c8082000 r-xp 00004000 08:06 1318076                    /usr/lib/x86_64-linux-gnu/libresolv-2.29.so
7f58c8082000-7f58c8085000 r--p 00013000 08:06 1318076                    /usr/lib/x86_64-linux-gnu/libresolv-2.29.so
7f58c8085000-7f58c8086000 ---p 00016000 08:06 1318076                    /usr/lib/x86_64-linux-gnu/libresolv-2.29.so
7f58c8086000-7f58c8087000 r--p 00016000 08:06 1318076                    /usr/lib/x86_64-linux-gnu/libresolv-2.29.so
7f58c8087000-7f58c8088000 rw-p 00017000 08:06 1318076                    /usr/lib/x86_64-linux-gnu/libresolv-2.29.so
7f58c8088000-7f58c808a000 rw-p 00000000 00:00 0 
7f58c808a000-7f58c808d000 ---p 00000000 00:00 0 
7f58c808d000-7f58c838b000 rw-p 00000000 00:00 0 
7f58c838b000-7f58c838e000 r--p 00000000 08:06 1317420                    /usr/lib/x86_64-linux-gnu/libgcc_s.so.1
7f58c838e000-7f58c839f000 r-xp 00003000 08:06 1317420                    /usr/lib/x86_64-linux-gnu/libgcc_s.so.1
7f58c839f000-7f58c83a3000 r--p 00014000 08:06 1317420                    /usr/lib/x86_64-linux-gnu/libgcc_s.so.1
7f58c83a3000-7f58c83a4000 r--p 00017000 08:06 1317420                    /usr/lib/x86_64-linux-gnu/libgcc_s.so.1
7f58c83a4000-7f58c83a5000 rw-p 00018000 08:06 1317420                    /usr/lib/x86_64-linux-gnu/libgcc_s.so.1
7f58c83ab000-7f58c83b5000 rw-s 00000000 00:05 3440666                    /SYSV00000000 (deleted)
7f58c83b5000-7f58c83ba000 r--s 0003b000 08:06 682739                     /opt/xdman/jre/lib/ext/sunjce_provider.jar
7f58c83ba000-7f58c83f2000 r-xp 00000000 08:06 682718                     /opt/xdman/jre/lib/amd64/libsunec.so
7f58c83f2000-7f58c85f1000 ---p 00038000 08:06 682718                     /opt/xdman/jre/lib/amd64/libsunec.so
7f58c85f1000-7f58c85f6000 r--p 00037000 08:06 682718                     /opt/xdman/jre/lib/amd64/libsunec.so
7f58c85f6000-7f58c85f8000 rw-p 0003c000 08:06 682718                     /opt/xdman/jre/lib/amd64/libsunec.so
7f58c85f8000-7f58c85fb000 ---p 00000000 00:00 0 
7f58c85fb000-7f58c86f9000 rw-p 00000000 00:00 0 
7f58c86f9000-7f58c8714000 r--s 0038e000 08:06 682752                     /opt/xdman/jre/lib/ext/cldrdata.jar
7f58c8714000-7f58c8717000 ---p 00000000 00:00 0 
7f58c8717000-7f58c8815000 rw-p 00000000 00:00 0 
7f58c8815000-7f58c881a000 r-xp 00000000 08:06 1316982                    /usr/lib/x86_64-linux-gnu/libXfixes.so.3.1.0
7f58c881a000-7f58c8a19000 ---p 00005000 08:06 1316982                    /usr/lib/x86_64-linux-gnu/libXfixes.so.3.1.0
7f58c8a19000-7f58c8a1a000 r--p 00004000 08:06 1316982                    /usr/lib/x86_64-linux-gnu/libXfixes.so.3.1.0
7f58c8a1a000-7f58c8a1b000 rw-p 00005000 08:06 1316982                    /usr/lib/x86_64-linux-gnu/libXfixes.so.3.1.0
7f58c8a1b000-7f58c8a1d000 r--p 00000000 08:06 1316974                    /usr/lib/x86_64-linux-gnu/libXcursor.so.1.0.2
7f58c8a1d000-7f58c8a22000 r-xp 00002000 08:06 1316974                    /usr/lib/x86_64-linux-gnu/libXcursor.so.1.0.2
7f58c8a22000-7f58c8a24000 r--p 00007000 08:06 1316974                    /usr/lib/x86_64-linux-gnu/libXcursor.so.1.0.2
7f58c8a24000-7f58c8a25000 r--p 00008000 08:06 1316974                    /usr/lib/x86_64-linux-gnu/libXcursor.so.1.0.2
7f58c8a25000-7f58c8a26000 rw-p 00009000 08:06 1316974                    /usr/lib/x86_64-linux-gnu/libXcursor.so.1.0.2
7f58c8a28000-7f58c8a2a000 r--p 00000000 08:06 1317886                    /usr/lib/x86_64-linux-gnu/libnss_dns-2.29.so
7f58c8a2a000-7f58c8a2e000 r-xp 00002000 08:06 1317886                    /usr/lib/x86_64-linux-gnu/libnss_dns-2.29.so
7f58c8a2e000-7f58c8a2f000 r--p 00006000 08:06 1317886                    /usr/lib/x86_64-linux-gnu/libnss_dns-2.29.so
7f58c8a2f000-7f58c8a30000 r--p 00006000 08:06 1317886                    /usr/lib/x86_64-linux-gnu/libnss_dns-2.29.so
7f58c8a30000-7f58c8a31000 rw-p 00007000 08:06 1317886                    /usr/lib/x86_64-linux-gnu/libnss_dns-2.29.so
7f58c8a31000-7f58c8a3b000 r--s 00116000 08:06 682740                     /opt/xdman/jre/lib/ext/localedata.jar
7f58c8a3b000-7f58c8a3e000 ---p 00000000 00:00 0 
7f58c8a3e000-7f58c8b3c000 rw-p 00000000 00:00 0 
7f58c8b3c000-7f58c8b61000 r--p 00000000 08:06 268159                     /usr/share/locale-langpack/fr/LC_MESSAGES/libc.mo
7f58c8b61000-7f58c8b66000 r-xp 00000000 08:06 1316978                    /usr/lib/x86_64-linux-gnu/libXdmcp.so.6.0.0
7f58c8b66000-7f58c8d65000 ---p 00005000 08:06 1316978                    /usr/lib/x86_64-linux-gnu/libXdmcp.so.6.0.0
7f58c8d65000-7f58c8d66000 r--p 00004000 08:06 1316978                    /usr/lib/x86_64-linux-gnu/libXdmcp.so.6.0.0
7f58c8d66000-7f58c8d67000 rw-p 00005000 08:06 1316978                    /usr/lib/x86_64-linux-gnu/libXdmcp.so.6.0.0
7f58c8d67000-7f58c8d69000 r-xp 00000000 08:06 1316967                    /usr/lib/x86_64-linux-gnu/libXau.so.6.0.0
7f58c8d69000-7f58c8f69000 ---p 00002000 08:06 1316967                    /usr/lib/x86_64-linux-gnu/libXau.so.6.0.0
7f58c8f69000-7f58c8f6a000 r--p 00002000 08:06 1316967                    /usr/lib/x86_64-linux-gnu/libXau.so.6.0.0
7f58c8f6a000-7f58c8f6b000 rw-p 00003000 08:06 1316967                    /usr/lib/x86_64-linux-gnu/libXau.so.6.0.0
7f58c8f6b000-7f58c8f7a000 r-xp 00000000 08:06 1316988                    /usr/lib/x86_64-linux-gnu/libXi.so.6.1.0
7f58c8f7a000-7f58c9179000 ---p 0000f000 08:06 1316988                    /usr/lib/x86_64-linux-gnu/libXi.so.6.1.0
7f58c9179000-7f58c917a000 r--p 0000e000 08:06 1316988                    /usr/lib/x86_64-linux-gnu/libXi.so.6.1.0
7f58c917a000-7f58c917b000 rw-p 0000f000 08:06 1316988                    /usr/lib/x86_64-linux-gnu/libXi.so.6.1.0
7f58c917b000-7f58c9180000 r-xp 00000000 08:06 1317006                    /usr/lib/x86_64-linux-gnu/libXtst.so.6.1.0
7f58c9180000-7f58c937f000 ---p 00005000 08:06 1317006                    /usr/lib/x86_64-linux-gnu/libXtst.so.6.1.0
7f58c937f000-7f58c9380000 r--p 00004000 08:06 1317006                    /usr/lib/x86_64-linux-gnu/libXtst.so.6.1.0
7f58c9380000-7f58c9381000 rw-p 00005000 08:06 1317006                    /usr/lib/x86_64-linux-gnu/libXtst.so.6.1.0
7f58c9381000-7f58c938a000 r-xp 00000000 08:06 1317000                    /usr/lib/x86_64-linux-gnu/libXrender.so.1.3.0
7f58c938a000-7f58c9589000 ---p 00009000 08:06 1317000                    /usr/lib/x86_64-linux-gnu/libXrender.so.1.3.0
7f58c9589000-7f58c958a000 r--p 00008000 08:06 1317000                    /usr/lib/x86_64-linux-gnu/libXrender.so.1.3.0
7f58c958a000-7f58c958b000 rw-p 00009000 08:06 1317000                    /usr/lib/x86_64-linux-gnu/libXrender.so.1.3.0
7f58c958b000-7f58c95a3000 r--p 00000000 08:06 1316963                    /usr/lib/x86_64-linux-gnu/libX11.so.6.3.0
7f58c95a3000-7f58c962b000 r-xp 00018000 08:06 1316963                    /usr/lib/x86_64-linux-gnu/libX11.so.6.3.0
7f58c962b000-7f58c96bf000 r--p 000a0000 08:06 1316963                    /usr/lib/x86_64-linux-gnu/libX11.so.6.3.0
7f58c96bf000-7f58c96c0000 ---p 00134000 08:06 1316963                    /usr/lib/x86_64-linux-gnu/libX11.so.6.3.0
7f58c96c0000-7f58c96c1000 r--p 00134000 08:06 1316963                    /usr/lib/x86_64-linux-gnu/libX11.so.6.3.0
7f58c96c1000-7f58c96c5000 rw-p 00135000 08:06 1316963                    /usr/lib/x86_64-linux-gnu/libX11.so.6.3.0
7f58c96c5000-7f58c96d6000 r-xp 00000000 08:06 1316980                    /usr/lib/x86_64-linux-gnu/libXext.so.6.4.0
7f58c96d6000-7f58c98d5000 ---p 00011000 08:06 1316980                    /usr/lib/x86_64-linux-gnu/libXext.so.6.4.0
7f58c98d5000-7f58c98d6000 r--p 00010000 08:06 1316980                    /usr/lib/x86_64-linux-gnu/libXext.so.6.4.0
7f58c98d6000-7f58c98d7000 rw-p 00011000 08:06 1316980                    /usr/lib/x86_64-linux-gnu/libXext.so.6.4.0
7f58c98d7000-7f58c9928000 r-xp 00000000 08:06 682700                     /opt/xdman/jre/lib/amd64/libawt_xawt.so
7f58c9928000-7f58c9b28000 ---p 00051000 08:06 682700                     /opt/xdman/jre/lib/amd64/libawt_xawt.so
7f58c9b28000-7f58c9b29000 r--p 00051000 08:06 682700                     /opt/xdman/jre/lib/amd64/libawt_xawt.so
7f58c9b29000-7f58c9b2c000 rw-p 00052000 08:06 682700                     /opt/xdman/jre/lib/amd64/libawt_xawt.so
7f58c9b2c000-7f58c9b2d000 rw-p 00000000 00:00 0 
7f58c9b2d000-7f58c9bcb000 r-xp 00000000 08:06 682695                     /opt/xdman/jre/lib/amd64/libawt.so
7f58c9bcb000-7f58c9dca000 ---p 0009e000 08:06 682695                     /opt/xdman/jre/lib/amd64/libawt.so
7f58c9dca000-7f58c9dcb000 r--p 0009d000 08:06 682695                     /opt/xdman/jre/lib/amd64/libawt.so
7f58c9dcb000-7f58c9dd6000 rw-p 0009e000 08:06 682695                     /opt/xdman/jre/lib/amd64/libawt.so
7f58c9dd6000-7f58c9dfb000 rw-p 00000000 00:00 0 
7f58c9dfb000-7f58c9e11000 r-xp 00000000 08:06 682702                     /opt/xdman/jre/lib/amd64/libnet.so
7f58c9e11000-7f58ca010000 ---p 00016000 08:06 682702                     /opt/xdman/jre/lib/amd64/libnet.so
7f58ca010000-7f58ca011000 r--p 00015000 08:06 682702                     /opt/xdman/jre/lib/amd64/libnet.so
7f58ca011000-7f58ca012000 rw-p 00016000 08:06 682702                     /opt/xdman/jre/lib/amd64/libnet.so
7f58ca012000-7f58ca015000 ---p 00000000 00:00 0 
7f58ca015000-7f58ca113000 rw-p 00000000 00:00 0 
7f58ca113000-7f58ca114000 ---p 00000000 00:00 0 
7f58ca114000-7f58ca214000 rw-p 00000000 00:00 0 
7f58ca214000-7f58ca217000 ---p 00000000 00:00 0 
7f58ca217000-7f58ca315000 rw-p 00000000 00:00 0 
7f58ca315000-7f58ca316000 ---p 00000000 00:00 0 
7f58ca316000-7f58ca319000 ---p 00000000 00:00 0 
7f58ca319000-7f58ca416000 rw-p 00000000 00:00 0 
7f58ca416000-7f58ca417000 ---p 00000000 00:00 0 
7f58ca417000-7f58ca41a000 ---p 00000000 00:00 0 
7f58ca41a000-7f58ca517000 rw-p 00000000 00:00 0 
7f58ca517000-7f58ca518000 ---p 00000000 00:00 0 
7f58ca518000-7f58ca51b000 ---p 00000000 00:00 0 
7f58ca51b000-7f58ca618000 rw-p 00000000 00:00 0 
7f58ca618000-7f58ca61b000 ---p 00000000 00:00 0 
7f58ca61b000-7f58ca719000 rw-p 00000000 00:00 0 
7f58ca719000-7f58cb4f5000 r--p 00000000 08:06 1316309                    /usr/lib/locale/locale-archive
7f58cb4f5000-7f58cb4f8000 ---p 00000000 00:00 0 
7f58cb4f8000-7f58cb5f6000 rw-p 00000000 00:00 0 
7f58cb5f6000-7f58cb5f9000 ---p 00000000 00:00 0 
7f58cb5f9000-7f58cb6f7000 rw-p 00000000 00:00 0 
7f58cb6f7000-7f58cb6f8000 ---p 00000000 00:00 0 
7f58cb6f8000-7f58cc000000 rw-p 00000000 00:00 0 
7f58cc000000-7f58cc021000 rw-p 00000000 00:00 0 
7f58cc021000-7f58d0000000 ---p 00000000 00:00 0 
7f58d0003000-7f58d000e000 r--p 00000000 08:06 1318417                    /usr/lib/x86_64-linux-gnu/libxcb.so.1.1.0
7f58d000e000-7f58d0021000 r-xp 0000b000 08:06 1318417                    /usr/lib/x86_64-linux-gnu/libxcb.so.1.1.0
7f58d0021000-7f58d002a000 r--p 0001e000 08:06 1318417                    /usr/lib/x86_64-linux-gnu/libxcb.so.1.1.0
7f58d002a000-7f58d002b000 r--p 00026000 08:06 1318417                    /usr/lib/x86_64-linux-gnu/libxcb.so.1.1.0
7f58d002b000-7f58d002c000 rw-p 00027000 08:06 1318417                    /usr/lib/x86_64-linux-gnu/libxcb.so.1.1.0
7f58d002c000-7f58d0632000 rw-p 00000000 00:00 0 
7f58d0632000-7f58d0800000 r--s 03bce000 08:06 682754                     /opt/xdman/jre/lib/rt.jar
7f58d0800000-7f58d1000000 rw-p 00000000 00:00 0 
7f58d1000000-7f58d1780000 rwxp 00000000 00:00 0 
7f58d1780000-7f58e0000000 ---p 00000000 00:00 0 
7f58e0000000-7f58e020f000 rw-p 00000000 00:00 0 
7f58e020f000-7f58e4000000 ---p 00000000 00:00 0 
7f58e4000000-7f58e4004000 rw-s 00000000 00:05 2719764                    /SYSV00000000 (deleted)
7f58e4004000-7f58e4009000 r--s 0009a000 08:06 682648                     /opt/xdman/jre/lib/jsse.jar
7f58e4009000-7f58e400d000 r--p 00000000 08:06 1317138                    /usr/lib/x86_64-linux-gnu/libbsd.so.0.9.1
7f58e400d000-7f58e401c000 r-xp 00004000 08:06 1317138                    /usr/lib/x86_64-linux-gnu/libbsd.so.0.9.1
7f58e401c000-7f58e401f000 r--p 00013000 08:06 1317138                    /usr/lib/x86_64-linux-gnu/libbsd.so.0.9.1
7f58e401f000-7f58e4020000 ---p 00016000 08:06 1317138                    /usr/lib/x86_64-linux-gnu/libbsd.so.0.9.1
7f58e4020000-7f58e4021000 r--p 00016000 08:06 1317138                    /usr/lib/x86_64-linux-gnu/libbsd.so.0.9.1
7f58e4021000-7f58e4022000 rw-p 00017000 08:06 1317138                    /usr/lib/x86_64-linux-gnu/libbsd.so.0.9.1
7f58e4022000-7f58e4023000 rw-p 00000000 00:00 0 
7f58e4023000-7f58e4025000 r--s 00008000 08:06 682737                     /opt/xdman/jre/lib/ext/sunec.jar
7f58e4025000-7f58e4038000 r--s 00346000 08:06 682660                     /opt/xdman/jre/lib/resources.jar
7f58e4038000-7f58e404a000 r--s 00159000 08:06 682750                     /opt/xdman/xdman.jar
7f58e404a000-7f58e646a000 rw-p 00000000 00:00 0 
7f58e646a000-7f58e646b000 ---p 00000000 00:00 0 
7f58e646b000-7f58e656b000 rw-p 00000000 00:00 0 
7f58e656b000-7f58e656c000 ---p 00000000 00:00 0 
7f58e656c000-7f58e666c000 rw-p 00000000 00:00 0 
7f58e666c000-7f58e666d000 ---p 00000000 00:00 0 
7f58e666d000-7f58e676d000 rw-p 00000000 00:00 0 
7f58e676d000-7f58e676e000 ---p 00000000 00:00 0 
7f58e676e000-7f58e6882000 rw-p 00000000 00:00 0 
7f58e6882000-7f58e69c4000 ---p 00000000 00:00 0 
7f58e69c4000-7f58e69d8000 rw-p 00000000 00:00 0 
7f58e69d8000-7f58e6b19000 ---p 00000000 00:00 0 
7f58e6b19000-7f58e6b23000 rw-p 00000000 00:00 0 
7f58e6b23000-7f58e6bc4000 ---p 00000000 00:00 0 
7f58e6bc4000-7f58e6be3000 rw-p 00000000 00:00 0 
7f58e6be3000-7f58e6f85000 ---p 00000000 00:00 0 
7f58e6f85000-7f58e6f8d000 r-xp 00000000 08:06 682699                     /opt/xdman/jre/lib/amd64/libzip.so
7f58e6f8d000-7f58e718c000 ---p 00008000 08:06 682699                     /opt/xdman/jre/lib/amd64/libzip.so
7f58e718c000-7f58e718d000 r--p 00007000 08:06 682699                     /opt/xdman/jre/lib/amd64/libzip.so
7f58e718d000-7f58e718e000 rw-p 00008000 08:06 682699                     /opt/xdman/jre/lib/amd64/libzip.so
7f58e718e000-7f58e7191000 r--p 00000000 08:06 1317889                    /usr/lib/x86_64-linux-gnu/libnss_files-2.29.so
7f58e7191000-7f58e7198000 r-xp 00003000 08:06 1317889                    /usr/lib/x86_64-linux-gnu/libnss_files-2.29.so
7f58e7198000-7f58e719a000 r--p 0000a000 08:06 1317889                    /usr/lib/x86_64-linux-gnu/libnss_files-2.29.so
7f58e719a000-7f58e719b000 r--p 0000b000 08:06 1317889                    /usr/lib/x86_64-linux-gnu/libnss_files-2.29.so
7f58e719b000-7f58e719c000 rw-p 0000c000 08:06 1317889                    /usr/lib/x86_64-linux-gnu/libnss_files-2.29.so
7f58e719c000-7f58e71a2000 rw-p 00000000 00:00 0 
7f58e71a3000-7f58e71b7000 rw-p 00000000 00:00 0 
7f58e71b7000-7f58e71e3000 r-xp 00000000 08:06 682704                     /opt/xdman/jre/lib/amd64/libjava.so
7f58e71e3000-7f58e73e2000 ---p 0002c000 08:06 682704                     /opt/xdman/jre/lib/amd64/libjava.so
7f58e73e2000-7f58e73e3000 r--p 0002b000 08:06 682704                     /opt/xdman/jre/lib/amd64/libjava.so
7f58e73e3000-7f58e73e5000 rw-p 0002c000 08:06 682704                     /opt/xdman/jre/lib/amd64/libjava.so
7f58e73e5000-7f58e73f2000 r-xp 00000000 08:06 682698                     /opt/xdman/jre/lib/amd64/libverify.so
7f58e73f2000-7f58e75f1000 ---p 0000d000 08:06 682698                     /opt/xdman/jre/lib/amd64/libverify.so
7f58e75f1000-7f58e75f3000 r--p 0000c000 08:06 682698                     /opt/xdman/jre/lib/amd64/libverify.so
7f58e75f3000-7f58e75f4000 rw-p 0000e000 08:06 682698                     /opt/xdman/jre/lib/amd64/libverify.so
7f58e75f4000-7f58e75f7000 r--p 00000000 08:06 1318097                    /usr/lib/x86_64-linux-gnu/librt-2.29.so
7f58e75f7000-7f58e75fb000 r-xp 00003000 08:06 1318097                    /usr/lib/x86_64-linux-gnu/librt-2.29.so
7f58e75fb000-7f58e75fd000 r--p 00007000 08:06 1318097                    /usr/lib/x86_64-linux-gnu/librt-2.29.so
7f58e75fd000-7f58e75fe000 r--p 00008000 08:06 1318097                    /usr/lib/x86_64-linux-gnu/librt-2.29.so
7f58e75fe000-7f58e75ff000 rw-p 00009000 08:06 1318097                    /usr/lib/x86_64-linux-gnu/librt-2.29.so
7f58e75ff000-7f58e7600000 ---p 00000000 00:00 0 
7f58e7600000-7f58e7603000 ---p 00000000 00:00 0 
7f58e7603000-7f58e7700000 rw-p 00000000 00:00 0 
7f58e7700000-7f58e770f000 r--p 00000000 08:06 1317761                    /usr/lib/x86_64-linux-gnu/libm-2.29.so
7f58e770f000-7f58e77b5000 r-xp 0000f000 08:06 1317761                    /usr/lib/x86_64-linux-gnu/libm-2.29.so
7f58e77b5000-7f58e784c000 r--p 000b5000 08:06 1317761                    /usr/lib/x86_64-linux-gnu/libm-2.29.so
7f58e784c000-7f58e784d000 r--p 0014b000 08:06 1317761                    /usr/lib/x86_64-linux-gnu/libm-2.29.so
7f58e784d000-7f58e784e000 rw-p 0014c000 08:06 1317761                    /usr/lib/x86_64-linux-gnu/libm-2.29.so
7f58e784e000-7f58e84b8000 r-xp 00000000 08:06 682722                     /opt/xdman/jre/lib/amd64/server/libjvm.so
7f58e84b8000-7f58e86b8000 ---p 00c6a000 08:06 682722                     /opt/xdman/jre/lib/amd64/server/libjvm.so
7f58e86b8000-7f58e874c000 r--p 00c6a000 08:06 682722                     /opt/xdman/jre/lib/amd64/server/libjvm.so
7f58e874c000-7f58e8774000 rw-p 00cfe000 08:06 682722                     /opt/xdman/jre/lib/amd64/server/libjvm.so
7f58e8774000-7f58e87a7000 rw-p 00000000 00:00 0 
7f58e87a7000-7f58e87cc000 r--p 00000000 08:06 1317142                    /usr/lib/x86_64-linux-gnu/libc-2.29.so
7f58e87cc000-7f58e893f000 r-xp 00025000 08:06 1317142                    /usr/lib/x86_64-linux-gnu/libc-2.29.so
7f58e893f000-7f58e8988000 r--p 00198000 08:06 1317142                    /usr/lib/x86_64-linux-gnu/libc-2.29.so
7f58e8988000-7f58e898b000 r--p 001e0000 08:06 1317142                    /usr/lib/x86_64-linux-gnu/libc-2.29.so
7f58e898b000-7f58e898e000 rw-p 001e3000 08:06 1317142                    /usr/lib/x86_64-linux-gnu/libc-2.29.so
7f58e898e000-7f58e8992000 rw-p 00000000 00:00 0 
7f58e8992000-7f58e8993000 r--p 00000000 08:06 1317279                    /usr/lib/x86_64-linux-gnu/libdl-2.29.so
7f58e8993000-7f58e8995000 r-xp 00001000 08:06 1317279                    /usr/lib/x86_64-linux-gnu/libdl-2.29.so
7f58e8995000-7f58e8996000 r--p 00003000 08:06 1317279                    /usr/lib/x86_64-linux-gnu/libdl-2.29.so
7f58e8996000-7f58e8997000 r--p 00003000 08:06 1317279                    /usr/lib/x86_64-linux-gnu/libdl-2.29.so
7f58e8997000-7f58e8998000 rw-p 00004000 08:06 1317279                    /usr/lib/x86_64-linux-gnu/libdl-2.29.so
7f58e8998000-7f58e89a5000 r-xp 00000000 08:06 682713                     /opt/xdman/jre/lib/amd64/jli/libjli.so
7f58e89a5000-7f58e8ba4000 ---p 0000d000 08:06 682713                     /opt/xdman/jre/lib/amd64/jli/libjli.so
7f58e8ba4000-7f58e8ba5000 r--p 0000c000 08:06 682713                     /opt/xdman/jre/lib/amd64/jli/libjli.so
7f58e8ba5000-7f58e8ba6000 rw-p 0000d000 08:06 682713                     /opt/xdman/jre/lib/amd64/jli/libjli.so
7f58e8ba6000-7f58e8ba8000 r--p 00000000 08:06 1318447                    /usr/lib/x86_64-linux-gnu/libz.so.1.2.11
7f58e8ba8000-7f58e8bb9000 r-xp 00002000 08:06 1318447                    /usr/lib/x86_64-linux-gnu/libz.so.1.2.11
7f58e8bb9000-7f58e8bbf000 r--p 00013000 08:06 1318447                    /usr/lib/x86_64-linux-gnu/libz.so.1.2.11
7f58e8bbf000-7f58e8bc0000 ---p 00019000 08:06 1318447                    /usr/lib/x86_64-linux-gnu/libz.so.1.2.11
7f58e8bc0000-7f58e8bc1000 r--p 00019000 08:06 1318447                    /usr/lib/x86_64-linux-gnu/libz.so.1.2.11
7f58e8bc1000-7f58e8bc2000 rw-p 0001a000 08:06 1318447                    /usr/lib/x86_64-linux-gnu/libz.so.1.2.11
7f58e8bc2000-7f58e8bc9000 r--p 00000000 08:06 1318031                    /usr/lib/x86_64-linux-gnu/libpthread-2.29.so
7f58e8bc9000-7f58e8bd8000 r-xp 00007000 08:06 1318031                    /usr/lib/x86_64-linux-gnu/libpthread-2.29.so
7f58e8bd8000-7f58e8bdd000 r--p 00016000 08:06 1318031                    /usr/lib/x86_64-linux-gnu/libpthread-2.29.so
7f58e8bdd000-7f58e8bde000 r--p 0001a000 08:06 1318031                    /usr/lib/x86_64-linux-gnu/libpthread-2.29.so
7f58e8bde000-7f58e8bdf000 rw-p 0001b000 08:06 1318031                    /usr/lib/x86_64-linux-gnu/libpthread-2.29.so
7f58e8bdf000-7f58e8be5000 rw-p 00000000 00:00 0 
7f58e8be6000-7f58e8be9000 r--s 00015000 08:06 682732                     /opt/xdman/jre/lib/jce.jar
7f58e8be9000-7f58e8bf0000 r--s 00000000 08:06 1706558                    /usr/lib/x86_64-linux-gnu/gconv/gconv-modules.cache
7f58e8bf0000-7f58e8bf8000 rw-s 00000000 08:06 275906                     /tmp/hsperfdata_mm/2294
7f58e8bf8000-7f58e8bf9000 rw-p 00000000 00:00 0 
7f58e8bf9000-7f58e8bfa000 r--p 00000000 00:00 0 
7f58e8bfa000-7f58e8bfb000 r--p 00000000 08:06 1316922                    /usr/lib/x86_64-linux-gnu/ld-2.29.so
7f58e8bfb000-7f58e8c1c000 r-xp 00001000 08:06 1316922                    /usr/lib/x86_64-linux-gnu/ld-2.29.so
7f58e8c1c000-7f58e8c24000 r--p 00022000 08:06 1316922                    /usr/lib/x86_64-linux-gnu/ld-2.29.so
7f58e8c24000-7f58e8c25000 r--p 00029000 08:06 1316922                    /usr/lib/x86_64-linux-gnu/ld-2.29.so
7f58e8c25000-7f58e8c26000 rw-p 0002a000 08:06 1316922                    /usr/lib/x86_64-linux-gnu/ld-2.29.so
7f58e8c26000-7f58e8c27000 rw-p 00000000 00:00 0 
7ffd60b90000-7ffd60bb1000 rw-p 00000000 00:00 0                          [stack]
7ffd60bc5000-7ffd60bc8000 r--p 00000000 00:00 0                          [vvar]
7ffd60bc8000-7ffd60bc9000 r-xp 00000000 00:00 0                          [vdso]
ffffffffff600000-ffffffffff601000 r-xp 00000000 00:00 0                  [vsyscall]

VM Arguments:
jvm_args: -Xmx1024m 
java_command: /opt/xdman/xdman.jar -m
java_class_path (initial): /opt/xdman/xdman.jar
Launcher Type: SUN_STANDARD

Environment Variables:
PATH=/usr/local/sbin:/usr/local/bin:/usr/sbin:/usr/bin:/sbin:/bin:/usr/games:/usr/local/games:/snap/bin
USERNAME=mm
SHELL=/bin/bash
DISPLAY=:0

Signal Handlers:
SIGSEGV: [libjvm.so+0xa6c220], sa_mask[0]=11111111011111111101111111111110, sa_flags=SA_RESTART|SA_SIGINFO
SIGBUS: [libjvm.so+0xa6c220], sa_mask[0]=11111111011111111101111111111110, sa_flags=SA_RESTART|SA_SIGINFO
SIGFPE: [libjvm.so+0x8ad240], sa_mask[0]=11111111011111111101111111111110, sa_flags=SA_RESTART|SA_SIGINFO
SIGPIPE: [libjvm.so+0x8ad240], sa_mask[0]=11111111011111111101111111111110, sa_flags=SA_RESTART|SA_SIGINFO
SIGXFSZ: [libjvm.so+0x8ad240], sa_mask[0]=11111111011111111101111111111110, sa_flags=SA_RESTART|SA_SIGINFO
SIGILL: [libjvm.so+0x8ad240], sa_mask[0]=11111111011111111101111111111110, sa_flags=SA_RESTART|SA_SIGINFO
SIGUSR1: SIG_DFL, sa_mask[0]=00000000000000000000000000000000, sa_flags=none
SIGUSR2: [libjvm.so+0x8ad110], sa_mask[0]=00000000000000000000000000000000, sa_flags=SA_RESTART|SA_SIGINFO
SIGHUP: [libjvm.so+0x8ad570], sa_mask[0]=11111111011111111101111111111110, sa_flags=SA_RESTART|SA_SIGINFO
SIGINT: [libjvm.so+0x8ad570], sa_mask[0]=11111111011111111101111111111110, sa_flags=SA_RESTART|SA_SIGINFO
SIGTERM: [libjvm.so+0x8ad570], sa_mask[0]=11111111011111111101111111111110, sa_flags=SA_RESTART|SA_SIGINFO
SIGQUIT: [libjvm.so+0x8ad570], sa_mask[0]=11111111011111111101111111111110, sa_flags=SA_RESTART|SA_SIGINFO


---------------  S Y S T E M  ---------------

OS:DISTRIB_ID=Ubuntu
DISTRIB_RELEASE=19.04
DISTRIB_CODENAME=disco
DISTRIB_DESCRIPTION="Ubuntu 19.04"

uname:Linux 5.0.0-13-generic #14-Ubuntu SMP Mon Apr 15 14:59:14 UTC 2019 x86_64
libc:glibc 2.29 NPTL 2.29 
rlimit: STACK 8192k, CORE 0k, NPROC 15045, NOFILE 1048576, AS infinity
load average:1,29 1,86 1,92

/proc/meminfo:
MemTotal:        3900016 kB
MemFree:         2610680 kB
MemAvailable:    3027080 kB
Buffers:           31920 kB
Cached:           586076 kB
SwapCached:         5540 kB
Active:           577432 kB
Inactive:         431108 kB
Active(anon):     199176 kB
Inactive(anon):   212608 kB
Active(file):     378256 kB
Inactive(file):   218500 kB
Unevictable:       11376 kB
Mlocked:               0 kB
SwapTotal:       1358976 kB
SwapFree:        1334388 kB
Dirty:              1004 kB
Writeback:             0 kB
AnonPages:        399092 kB
Mapped:           131656 kB
Shmem:             21056 kB
KReclaimable:      71008 kB
Slab:             172120 kB
SReclaimable:      71008 kB
SUnreclaim:       101112 kB
KernelStack:        5584 kB
PageTables:         8692 kB
NFS_Unstable:          0 kB
Bounce:                0 kB
WritebackTmp:          0 kB
CommitLimit:     3308984 kB
Committed_AS:    2732036 kB
VmallocTotal:   34359738367 kB
VmallocUsed:           0 kB
VmallocChunk:          0 kB
Percpu:             2208 kB
HardwareCorrupted:     0 kB
AnonHugePages:         0 kB
ShmemHugePages:        0 kB
ShmemPmdMapped:        0 kB
CmaTotal:              0 kB
CmaFree:               0 kB
HugePages_Total:       0
HugePages_Free:        0
HugePages_Rsvd:        0
HugePages_Surp:        0
Hugepagesize:       2048 kB
Hugetlb:               0 kB
DirectMap4k:      244344 kB
DirectMap2M:     3813376 kB
DirectMap1G:     1048576 kB


CPU:total 4 (initial active 4) (2 cores per cpu, 2 threads per core) family 6 model 78 stepping 3, cmov, cx8, fxsr, mmx, sse, sse2, sse3, ssse3, sse4.1, sse4.2, popcnt, avx, avx2, aes, clmul, erms, rtm, 3dnowpref, lzcnt, ht, tsc, tscinvbit, bmi1, bmi2, adx

/proc/cpuinfo:
processor	: 0
vendor_id	: GenuineIntel
cpu family	: 6
model		: 78
model name	: Intel(R) Core(TM) i3-6100U CPU @ 2.30GHz
stepping	: 3
microcode	: 0xc6
cpu MHz		: 665.261
cache size	: 3072 KB
physical id	: 0
siblings	: 4
core id		: 0
cpu cores	: 2
apicid		: 0
initial apicid	: 0
fpu		: yes
fpu_exception	: yes
cpuid level	: 22
wp		: yes
flags		: fpu vme de pse tsc msr pae mce cx8 apic sep mtrr pge mca cmov pat pse36 clflush dts acpi mmx fxsr sse sse2 ss ht tm pbe syscall nx pdpe1gb rdtscp lm constant_tsc art arch_perfmon pebs bts rep_good nopl xtopology nonstop_tsc cpuid aperfmperf tsc_known_freq pni pclmulqdq dtes64 monitor ds_cpl vmx est tm2 ssse3 sdbg fma cx16 xtpr pdcm pcid sse4_1 sse4_2 x2apic movbe popcnt tsc_deadline_timer aes xsave avx f16c rdrand lahf_lm abm 3dnowprefetch cpuid_fault epb invpcid_single pti ssbd ibrs ibpb stibp tpr_shadow vnmi flexpriority ept vpid ept_ad fsgsbase tsc_adjust bmi1 hle avx2 smep bmi2 erms invpcid rtm mpx rdseed adx smap clflushopt intel_pt xsaveopt xsavec xgetbv1 xsaves dtherm arat pln pts hwp hwp_notify hwp_act_window hwp_epp flush_l1d
bugs		: cpu_meltdown spectre_v1 spectre_v2 spec_store_bypass l1tf
bogomips	: 4608.00
clflush size	: 64
cache_alignment	: 64
address sizes	: 39 bits physical, 48 bits virtual
power management:

processor	: 1
vendor_id	: GenuineIntel
cpu family	: 6
model		: 78
model name	: Intel(R) Core(TM) i3-6100U CPU @ 2.30GHz
stepping	: 3
microcode	: 0xc6
cpu MHz		: 675.529
cache size	: 3072 KB
physical id	: 0
siblings	: 4
core id		: 1
cpu cores	: 2
apicid		: 2
initial apicid	: 2
fpu		: yes
fpu_exception	: yes
cpuid level	: 22
wp		: yes
flags		: fpu vme de pse tsc msr pae mce cx8 apic sep mtrr pge mca cmov pat pse36 clflush dts acpi mmx fxsr sse sse2 ss ht tm pbe syscall nx pdpe1gb rdtscp lm constant_tsc art arch_perfmon pebs bts rep_good nopl xtopology nonstop_tsc cpuid aperfmperf tsc_known_freq pni pclmulqdq dtes64 monitor ds_cpl vmx est tm2 ssse3 sdbg fma cx16 xtpr pdcm pcid sse4_1 sse4_2 x2apic movbe popcnt tsc_deadline_timer aes xsave avx f16c rdrand lahf_lm abm 3dnowprefetch cpuid_fault epb invpcid_single pti ssbd ibrs ibpb stibp tpr_shadow vnmi flexpriority ept vpid ept_ad fsgsbase tsc_adjust bmi1 hle avx2 smep bmi2 erms invpcid rtm mpx rdseed adx smap clflushopt intel_pt xsaveopt xsavec xgetbv1 xsaves dtherm arat pln pts hwp hwp_notify hwp_act_window hwp_epp flush_l1d
bugs		: cpu_meltdown spectre_v1 spectre_v2 spec_store_bypass l1tf
bogomips	: 4608.00
clflush size	: 64
cache_alignment	: 64
address sizes	: 39 bits physical, 48 bits virtual
power management:

processor	: 2
vendor_id	: GenuineIntel
cpu family	: 6
model		: 78
model name	: Intel(R) Core(TM) i3-6100U CPU @ 2.30GHz
stepping	: 3
microcode	: 0xc6
cpu MHz		: 624.519
cache size	: 3072 KB
physical id	: 0
siblings	: 4
core id		: 0
cpu cores	: 2
apicid		: 1
initial apicid	: 1
fpu		: yes
fpu_exception	: yes
cpuid level	: 22
wp		: yes
flags		: fpu vme de pse tsc msr pae mce cx8 apic sep mtrr pge mca cmov pat pse36 clflush dts acpi mmx fxsr sse sse2 ss ht tm pbe syscall nx pdpe1gb rdtscp lm constant_tsc art arch_perfmon pebs bts rep_good nopl xtopology nonstop_tsc cpuid aperfmperf tsc_known_freq pni pclmulqdq dtes64 monitor ds_cpl vmx est tm2 ssse3 sdbg fma cx16 xtpr pdcm pcid sse4_1 sse4_2 x2apic movbe popcnt tsc_deadline_timer aes xsave avx f16c rdrand lahf_lm abm 3dnowprefetch cpuid_fault epb invpcid_single pti ssbd ibrs ibpb stibp tpr_shadow vnmi flexpriority ept vpid ept_ad fsgsbase tsc_adjust bmi1 hle avx2 smep bmi2 erms invpcid rtm mpx rdseed adx smap clflushopt intel_pt xsaveopt xsavec xgetbv1 xsaves dtherm arat pln pts hwp hwp_notify hwp_act_window hwp_epp flush_l1d
bugs		: cpu_meltdown spectre_v1 spectre_v2 spec_store_bypass l1tf
bogomips	: 4608.00
clflush size	: 64
cache_alignment	: 64
address sizes	: 39 bits physical, 48 bits virtual
power management:

processor	: 3
vendor_id	: GenuineIntel
cpu family	: 6
model		: 78
model name	: Intel(R) Core(TM) i3-6100U CPU @ 2.30GHz
stepping	: 3
microcode	: 0xc6
cpu MHz		: 657.211
cache size	: 3072 KB
physical id	: 0
siblings	: 4
core id		: 1
cpu cores	: 2
apicid		: 3
initial apicid	: 3
fpu		: yes
fpu_exception	: yes
cpuid level	: 22
wp		: yes
flags		: fpu vme de pse tsc msr pae mce cx8 apic sep mtrr pge mca cmov pat pse36 clflush dts acpi mmx fxsr sse sse2 ss ht tm pbe syscall nx pdpe1gb rdtscp lm constant_tsc art arch_perfmon pebs bts rep_good nopl xtopology nonstop_tsc cpuid aperfmperf tsc_known_freq pni pclmulqdq dtes64 monitor ds_cpl vmx est tm2 ssse3 sdbg fma cx16 xtpr pdcm pcid sse4_1 sse4_2 x2apic movbe popcnt tsc_deadline_timer aes xsave avx f16c rdrand lahf_lm abm 3dnowprefetch cpuid_fault epb invpcid_single pti ssbd ibrs ibpb stibp tpr_shadow vnmi flexpriority ept vpid ept_ad fsgsbase tsc_adjust bmi1 hle avx2 smep bmi2 erms invpcid rtm mpx rdseed adx smap clflushopt intel_pt xsaveopt xsavec xgetbv1 xsaves dtherm arat pln pts hwp hwp_notify hwp_act_window hwp_epp flush_l1d
bugs		: cpu_meltdown spectre_v1 spectre_v2 spec_store_bypass l1tf
bogomips	: 4608.00
clflush size	: 64
cache_alignment	: 64
address sizes	: 39 bits physical, 48 bits virtual
power management:



Memory: 4k page, physical 3900016k(2610788k free), swap 1358976k(1334388k free)

vm_info: OpenJDK 64-Bit Server VM (25.141-b15) for linux-amd64 JRE (1.8.0_141-BLFS-b15), built on Jul 31 2017 19:13:20 by "pierre" with gcc 7.1.0

time: Wed May 15 19:56:22 2019
elapsed time: 13955 seconds (0d 3h 52m 35s)

