#
# A fatal error has been detected by the Java Runtime Environment:
#
#  SIGSEGV (0xb) at pc=0x00007fa08d06977a, pid=2246, tid=0x00007fa04c2cd700
#
# JRE version: OpenJDK Runtime Environment (8.0_141-b15) (build 1.8.0_141-BLFS-b15)
# Java VM: OpenJDK 64-Bit Server VM (25.141-b15 mixed mode linux-amd64 compressed oops)
# Problematic frame:
# v  ~BufferBlob::jni_fast_GetLongField
#
# Failed to write core dump. Core dumps have been disabled. To enable core dumping, try "ulimit -c unlimited" before starting Java again
#
# If you would like to submit a bug report, please visit:
#   http://bugreport.java.com/bugreport/crash.jsp
# The crash happened outside the Java Virtual Machine in native code.
# See problematic frame for where to report the bug.
#

---------------  T H R E A D  ---------------

Current thread (0x00007fa0540f0000):  JavaThread "AWT-XAWT" daemon [_thread_in_native, id=2467, stack(0x00007fa04c1cd000,0x00007fa04c2ce000)]

siginfo: si_signo: 11 (SIGSEGV), si_code: 1 (SEGV_MAPERR), si_addr: 0x0000000000000000

Registers:
RAX=0x00007fa0a32fdf60, RBX=0x00007fa0540f01e0, RCX=0x0000000000000001, RDX=0x0000000000000042
RSP=0x00007fa04c2cc7f8, RBP=0x00007fa04c2cc820, RSI=0x0000000000000000, RDI=0x00007fa0540f01e0
R8 =0x00007fa07c0f2050, R9 =0x0000000000000000, R10=0x00000000000001b0, R11=0x00007fa08d3b5c58
R12=0x0000000000000000, R13=0x0000000000000000, R14=0x00007fa07c637ae0, R15=0x00007fa0540f0000
RIP=0x00007fa08d06977a, EFLAGS=0x0000000000010246, CSGSFS=0x002b000000000033, ERR=0x0000000000000004
  TRAPNO=0x000000000000000e

Top of Stack: (sp=0x00007fa04c2cc7f8)
0x00007fa04c2cc7f8:   00007fa07c415624 00007fa0a0a8b228
0x00007fa04c2cc808:   0000000000000000 00007fa04c2cc8d0
0x00007fa04c2cc818:   00007fa04c2cc8a0 00007fa02c114100
0x00007fa04c2cc828:   00007fa07c0fa3ad 00007fa0a0a8b228
0x00007fa04c2cc838:   00007fa04c2cc860 0000000000000000
0x00007fa04c2cc848:   00007fa07c0f2073 00007fa04c2cc8d0
0x00007fa04c2cc858:   00007fa07c40da8f 00007fa04c2cc8b0
0x00007fa04c2cc868:   00007fa08d3b5cf6 0000000000000000
0x00007fa04c2cc878:   00007fa08d22e4f6 00007fa04c2cc8d0
0x00007fa04c2cc888:   00007fa08d170aec 00007fa04c2cc930
0x00007fa04c2cc898:   00000000c000cb60 00000000c0000920
0x00007fa04c2cc8a8:   00000000c015c030 00007fa04c2cc930
0x00007fa04c2cc8b8:   00007fa08d0077d0 00007fa04c2cc930
0x00007fa04c2cc8c8:   00007fa08d0077d0 0000000000000000
0x00007fa04c2cc8d8:   00007fa08d007b10 00007fa040001100
0x00007fa04c2cc8e8:   00000000c000cb60 00007fa04c2cc8f0
0x00007fa04c2cc8f8:   00007fa0a09f1d84 00007fa04c2cc978
0x00007fa04c2cc908:   00007fa0a0a4fc28 0000000000000000
0x00007fa04c2cc918:   00007fa0a09f1ec0 00007fa04c2cc8d0
0x00007fa04c2cc928:   00007fa04c2cc970 00007fa04c2cc9c0
0x00007fa04c2cc938:   00007fa08d007ffd 0000000000000000
0x00007fa04c2cc948:   00000000eb999c88 0000000000000000
0x00007fa04c2cc958:   0000000000000000 0000000000000000
0x00007fa04c2cc968:   00000000c000cb60 0000000000000000
0x00007fa04c2cc978:   00000000c000cb08 00007fa04c2cc980
0x00007fa04c2cc988:   00007fa0a09f1bc5 00007fa04c2cc9d0
0x00007fa04c2cc998:   00007fa0a0a4fc28 0000000000000000
0x00007fa04c2cc9a8:   00007fa0a09f1bd0 00007fa04c2cc970
0x00007fa04c2cc9b8:   00007fa04c2cc9d0 00007fa04c2cca18
0x00007fa04c2cc9c8:   00007fa08d008042 00000000c000cb08
0x00007fa04c2cc9d8:   00007fa04c2cc9d8 00007fa0a06394b3
0x00007fa04c2cc9e8:   00007fa04c2cca28 00007fa0a06c0020 

Instructions: (pc=0x00007fa08d06977a)
0x00007fa08d06975a:   00 00 00 00 00 00 44 8b 15 cd 12 2c 16 4c 8b ce
0x00007fa08d06976a:   41 f6 c2 01 0f 85 2e 00 00 00 4d 33 ca 4d 33 ca
0x00007fa08d06977a:   4d 8b 09 4c 8b da 49 c1 eb 02 4b 8b 04 19 49 bb
0x00007fa08d06978a:   34 aa 32 a3 a0 7f 00 00 4c 33 d8 4c 33 d8 45 3b 

Register to memory mapping:

RAX=0x00007fa0a32fdf60: <offset 0xf0df60> in /opt/xdman/jre/lib/amd64/server/libjvm.so at 0x00007fa0a23f0000
RBX=0x00007fa0540f01e0 is an unknown value
RCX=0x0000000000000001 is an unknown value
RDX=0x0000000000000042 is an unknown value
RSP=0x00007fa04c2cc7f8 is pointing into the stack for thread: 0x00007fa0540f0000
RBP=0x00007fa04c2cc820 is pointing into the stack for thread: 0x00007fa0540f0000
RSI=0x0000000000000000 is an unknown value
RDI=0x00007fa0540f01e0 is an unknown value
R8 =0x00007fa07c0f2050: <offset 0x5c050> in /lib/x86_64-linux-gnu/libX11.so.6 at 0x00007fa07c096000
R9 =0x0000000000000000 is an unknown value
R10=0x00000000000001b0 is an unknown value
R11=0x00007fa08d3b5c58 is at entry_point+24 in (nmethod*)0x00007fa08d3b5ad0
R12=0x0000000000000000 is an unknown value
R13=0x0000000000000000 is an unknown value
R14=0x00007fa07c637ae0: <offset 0x255ae0> in /opt/xdman/jre/lib/amd64/libawt_xawt.so at 0x00007fa07c3e2000
R15=0x00007fa0540f0000 is a thread


Stack: [0x00007fa04c1cd000,0x00007fa04c2ce000],  sp=0x00007fa04c2cc7f8,  free space=1021k
Native frames: (J=compiled Java code, j=interpreted, Vv=VM code, C=native code)
v  ~BufferBlob::jni_fast_GetLongField
C  [libX11.so.6+0x643ad]  _XimServerDestroy+0x3d

Java frames: (J=compiled Java code, j=interpreted, Vv=VM code)
J 1083  sun.awt.X11.XlibWrapper.XFilterEvent(JJ)Z (0 bytes) @ 0x00007fa08d3b5c84 [0x00007fa08d3b5c40+0x44]
j  sun.awt.X11.XToolkit.run(Z)V+300
j  sun.awt.X11.XToolkit.run()V+5
j  java.lang.Thread.run()V+11
v  ~StubRoutines::call_stub

---------------  P R O C E S S  ---------------

Java Threads: ( => current thread )
  0x00007fa02c067800 JavaThread "TimerQueue" daemon [_thread_blocked, id=10706, stack(0x00007fa03ec3f000,0x00007fa03ed40000)]
  0x00007fa054155000 JavaThread "Thread-1" [_thread_blocked, id=2468, stack(0x00007fa04c0cc000,0x00007fa04c1cd000)]
=>0x00007fa0540f0000 JavaThread "AWT-XAWT" daemon [_thread_in_native, id=2467, stack(0x00007fa04c1cd000,0x00007fa04c2ce000)]
  0x00007fa0540cb000 JavaThread "Java2D Disposer" daemon [_thread_blocked, id=2466, stack(0x00007fa04c4d4000,0x00007fa04c5d5000)]
  0x00007fa09c009800 JavaThread "DestroyJavaVM" [_thread_blocked, id=2303, stack(0x00007fa0a21a2000,0x00007fa0a22a2000)]
  0x00007fa09c1dc000 JavaThread "Thread-0" [_thread_in_native, id=2465, stack(0x00007fa07cb1d000,0x00007fa07cc1e000)]
  0x00007fa09c198800 JavaThread "Service Thread" daemon [_thread_blocked, id=2463, stack(0x00007fa07cd1f000,0x00007fa07ce20000)]
  0x00007fa09c183800 JavaThread "C1 CompilerThread2" daemon [_thread_blocked, id=2462, stack(0x00007fa07ce21000,0x00007fa07cf21000)]
  0x00007fa09c181800 JavaThread "C2 CompilerThread1" daemon [_thread_blocked, id=2461, stack(0x00007fa07cf22000,0x00007fa07d022000)]
  0x00007fa09c17e800 JavaThread "C2 CompilerThread0" daemon [_thread_blocked, id=2460, stack(0x00007fa07d023000,0x00007fa07d123000)]
  0x00007fa09c17d000 JavaThread "Signal Dispatcher" daemon [_thread_blocked, id=2459, stack(0x00007fa07d123000,0x00007fa07d224000)]
  0x00007fa09c149800 JavaThread "Finalizer" daemon [_thread_blocked, id=2448, stack(0x00007fa08c0f1000,0x00007fa08c1f2000)]
  0x00007fa09c145000 JavaThread "Reference Handler" daemon [_thread_blocked, id=2447, stack(0x00007fa08c1f2000,0x00007fa08c2f3000)]

Other Threads:
  0x00007fa09c13d800 VMThread [stack: 0x00007fa08c2f4000,0x00007fa08c3f4000] [id=2446]
  0x00007fa09c19b000 WatcherThread [stack: 0x00007fa07cc1f000,0x00007fa07cd1f000] [id=2464]

VM state:not at safepoint (normal execution)

VM Mutex/Monitor currently owned by a thread: None

Heap:
 PSYoungGen      total 17408K, used 5597K [0x00000000eab00000, 0x00000000ebe80000, 0x0000000100000000)
  eden space 14848K, 36% used [0x00000000eab00000,0x00000000eb057750,0x00000000eb980000)
  from space 2560K, 5% used [0x00000000eb980000,0x00000000eb9a0000,0x00000000ebc00000)
  to   space 2560K, 0% used [0x00000000ebc00000,0x00000000ebc00000,0x00000000ebe80000)
 ParOldGen       total 40960K, used 2641K [0x00000000c0000000, 0x00000000c2800000, 0x00000000eab00000)
  object space 40960K, 6% used [0x00000000c0000000,0x00000000c02946d8,0x00000000c2800000)
 Metaspace       used 15037K, capacity 15314K, committed 15616K, reserved 1062912K
  class space    used 1676K, capacity 1760K, committed 1792K, reserved 1048576K

Card table byte_map: [0x00007fa0a1566000,0x00007fa0a1767000] byte_map_base: 0x00007fa0a0f66000

Marking Bits: (ParMarkBitMap*) 0x00007fa0a332a120
 Begin Bits: [0x00007fa07e000000, 0x00007fa07f000000)
 End Bits:   [0x00007fa07f000000, 0x00007fa080000000)

Polling page: 0x00007fa0a379b000

CodeCache: size=245760Kb used=4552Kb max_used=4567Kb free=241207Kb
 bounds [0x00007fa08d000000, 0x00007fa08d480000, 0x00007fa09c000000]
 total_blobs=1894 nmethods=1342 adapters=466
 compilation: enabled

Compilation events (10 events):
Event: 13921,230 Thread 0x00007fa09c183800 1500   !   3       sun.awt.X11.XToolkit$1::dispatchEvent (34 bytes)
Event: 13921,232 Thread 0x00007fa09c183800 nmethod 1500 0x00007fa08d469950 code [0x00007fa08d469ba0, 0x00007fa08d46a9b8]
Event: 15084,024 Thread 0x00007fa09c181800 1501       4       xdman.network.http.HeaderCollection::getValue (53 bytes)
Event: 15084,063 Thread 0x00007fa09c181800 nmethod 1501 0x00007fa08d47b910 code [0x00007fa08d47bac0, 0x00007fa08d47c378]
Event: 15573,186 Thread 0x00007fa09c17e800 1502   !   4       java.lang.StringCoding::encode (120 bytes)
Event: 15573,217 Thread 0x00007fa09c17e800 nmethod 1502 0x00007fa08d47ce90 code [0x00007fa08d47d0c0, 0x00007fa08d47dc20]
Event: 15682,334 Thread 0x00007fa09c183800 1503       3       java.util.Vector::<init> (53 bytes)
Event: 15682,335 Thread 0x00007fa09c183800 nmethod 1503 0x00007fa08d360d10 code [0x00007fa08d360ec0, 0x00007fa08d361378]
Event: 15758,222 Thread 0x00007fa09c17e800 1504   !   4       sun.awt.X11.XToolkit::windowToXWindow (27 bytes)
Event: 15758,233 Thread 0x00007fa09c17e800 nmethod 1504 0x00007fa08d317f50 code [0x00007fa08d3180e0, 0x00007fa08d318618]

GC Heap History (10 events):
Event: 13146,008 GC heap before
{Heap before GC invocations=19 (full 0):
 PSYoungGen      total 16896K, used 14912K [0x00000000eab00000, 0x00000000ebe80000, 0x0000000100000000)
  eden space 14848K, 100% used [0x00000000eab00000,0x00000000eb980000,0x00000000eb980000)
  from space 2048K, 3% used [0x00000000ebc80000,0x00000000ebc90000,0x00000000ebe80000)
  to   space 2560K, 0% used [0x00000000eb980000,0x00000000eb980000,0x00000000ebc00000)
 ParOldGen       total 40960K, used 1868K [0x00000000c0000000, 0x00000000c2800000, 0x00000000eab00000)
  object space 40960K, 4% used [0x00000000c0000000,0x00000000c01d3378,0x00000000c2800000)
 Metaspace       used 14988K, capacity 15250K, committed 15616K, reserved 1062912K
  class space    used 1675K, capacity 1760K, committed 1792K, reserved 1048576K
Event: 13146,018 GC heap after
Heap after GC invocations=19 (full 0):
 PSYoungGen      total 17408K, used 1202K [0x00000000eab00000, 0x00000000ebf80000, 0x0000000100000000)
  eden space 14848K, 0% used [0x00000000eab00000,0x00000000eab00000,0x00000000eb980000)
  from space 2560K, 46% used [0x00000000eb980000,0x00000000ebaac820,0x00000000ebc00000)
  to   space 3072K, 0% used [0x00000000ebc80000,0x00000000ebc80000,0x00000000ebf80000)
 ParOldGen       total 40960K, used 1876K [0x00000000c0000000, 0x00000000c2800000, 0x00000000eab00000)
  object space 40960K, 4% used [0x00000000c0000000,0x00000000c01d5378,0x00000000c2800000)
 Metaspace       used 14988K, capacity 15250K, committed 15616K, reserved 1062912K
  class space    used 1675K, capacity 1760K, committed 1792K, reserved 1048576K
}
Event: 13694,596 GC heap before
{Heap before GC invocations=20 (full 0):
 PSYoungGen      total 17408K, used 16050K [0x00000000eab00000, 0x00000000ebf80000, 0x0000000100000000)
  eden space 14848K, 100% used [0x00000000eab00000,0x00000000eb980000,0x00000000eb980000)
  from space 2560K, 46% used [0x00000000eb980000,0x00000000ebaac820,0x00000000ebc00000)
  to   space 3072K, 0% used [0x00000000ebc80000,0x00000000ebc80000,0x00000000ebf80000)
 ParOldGen       total 40960K, used 1876K [0x00000000c0000000, 0x00000000c2800000, 0x00000000eab00000)
  object space 40960K, 4% used [0x00000000c0000000,0x00000000c01d5378,0x00000000c2800000)
 Metaspace       used 15027K, capacity 15314K, committed 15616K, reserved 1062912K
  class space    used 1675K, capacity 1760K, committed 1792K, reserved 1048576K
Event: 13694,608 GC heap after
Heap after GC invocations=20 (full 0):
 PSYoungGen      total 16896K, used 160K [0x00000000eab00000, 0x00000000ebe80000, 0x0000000100000000)
  eden space 14848K, 0% used [0x00000000eab00000,0x00000000eab00000,0x00000000eb980000)
  from space 2048K, 7% used [0x00000000ebc80000,0x00000000ebca8000,0x00000000ebe80000)
  to   space 2560K, 0% used [0x00000000eb980000,0x00000000eb980000,0x00000000ebc00000)
 ParOldGen       total 40960K, used 2625K [0x00000000c0000000, 0x00000000c2800000, 0x00000000eab00000)
  object space 40960K, 6% used [0x00000000c0000000,0x00000000c02906d8,0x00000000c2800000)
 Metaspace       used 15027K, capacity 15314K, committed 15616K, reserved 1062912K
  class space    used 1675K, capacity 1760K, committed 1792K, reserved 1048576K
}
Event: 14302,779 GC heap before
{Heap before GC invocations=21 (full 0):
 PSYoungGen      total 16896K, used 15008K [0x00000000eab00000, 0x00000000ebe80000, 0x0000000100000000)
  eden space 14848K, 100% used [0x00000000eab00000,0x00000000eb980000,0x00000000eb980000)
  from space 2048K, 7% used [0x00000000ebc80000,0x00000000ebca8000,0x00000000ebe80000)
  to   space 2560K, 0% used [0x00000000eb980000,0x00000000eb980000,0x00000000ebc00000)
 ParOldGen       total 40960K, used 2625K [0x00000000c0000000, 0x00000000c2800000, 0x00000000eab00000)
  object space 40960K, 6% used [0x00000000c0000000,0x00000000c02906d8,0x00000000c2800000)
 Metaspace       used 15029K, capacity 15314K, committed 15616K, reserved 1062912K
  class space    used 1675K, capacity 1760K, committed 1792K, reserved 1048576K
Event: 14302,787 GC heap after
Heap after GC invocations=21 (full 0):
 PSYoungGen      total 17408K, used 64K [0x00000000eab00000, 0x00000000ebe80000, 0x0000000100000000)
  eden space 14848K, 0% used [0x00000000eab00000,0x00000000eab00000,0x00000000eb980000)
  from space 2560K, 2% used [0x00000000eb980000,0x00000000eb990000,0x00000000ebc00000)
  to   space 2560K, 0% used [0x00000000ebc00000,0x00000000ebc00000,0x00000000ebe80000)
 ParOldGen       total 40960K, used 2641K [0x00000000c0000000, 0x00000000c2800000, 0x00000000eab00000)
  object space 40960K, 6% used [0x00000000c0000000,0x00000000c02946d8,0x00000000c2800000)
 Metaspace       used 15029K, capacity 15314K, committed 15616K, reserved 1062912K
  class space    used 1675K, capacity 1760K, committed 1792K, reserved 1048576K
}
Event: 14910,970 GC heap before
{Heap before GC invocations=22 (full 0):
 PSYoungGen      total 17408K, used 14912K [0x00000000eab00000, 0x00000000ebe80000, 0x0000000100000000)
  eden space 14848K, 100% used [0x00000000eab00000,0x00000000eb980000,0x00000000eb980000)
  from space 2560K, 2% used [0x00000000eb980000,0x00000000eb990000,0x00000000ebc00000)
  to   space 2560K, 0% used [0x00000000ebc00000,0x00000000ebc00000,0x00000000ebe80000)
 ParOldGen       total 40960K, used 2641K [0x00000000c0000000, 0x00000000c2800000, 0x00000000eab00000)
  object space 40960K, 6% used [0x00000000c0000000,0x00000000c02946d8,0x00000000c2800000)
 Metaspace       used 15029K, capacity 15314K, committed 15616K, reserved 1062912K
  class space    used 1675K, capacity 1760K, committed 1792K, reserved 1048576K
Event: 14910,974 GC heap after
Heap after GC invocations=22 (full 0):
 PSYoungGen      total 17408K, used 64K [0x00000000eab00000, 0x00000000ebe80000, 0x0000000100000000)
  eden space 14848K, 0% used [0x00000000eab00000,0x00000000eab00000,0x00000000eb980000)
  from space 2560K, 2% used [0x00000000ebc00000,0x00000000ebc10000,0x00000000ebe80000)
  to   space 2560K, 0% used [0x00000000eb980000,0x00000000eb980000,0x00000000ebc00000)
 ParOldGen       total 40960K, used 2641K [0x00000000c0000000, 0x00000000c2800000, 0x00000000eab00000)
  object space 40960K, 6% used [0x00000000c0000000,0x00000000c02946d8,0x00000000c2800000)
 Metaspace       used 15029K, capacity 15314K, committed 15616K, reserved 1062912K
  class space    used 1675K, capacity 1760K, committed 1792K, reserved 1048576K
}
Event: 15515,168 GC heap before
{Heap before GC invocations=23 (full 0):
 PSYoungGen      total 17408K, used 14912K [0x00000000eab00000, 0x00000000ebe80000, 0x0000000100000000)
  eden space 14848K, 100% used [0x00000000eab00000,0x00000000eb980000,0x00000000eb980000)
  from space 2560K, 2% used [0x00000000ebc00000,0x00000000ebc10000,0x00000000ebe80000)
  to   space 2560K, 0% used [0x00000000eb980000,0x00000000eb980000,0x00000000ebc00000)
 ParOldGen       total 40960K, used 2641K [0x00000000c0000000, 0x00000000c2800000, 0x00000000eab00000)
  object space 40960K, 6% used [0x00000000c0000000,0x00000000c02946d8,0x00000000c2800000)
 Metaspace       used 15029K, capacity 15314K, committed 15616K, reserved 1062912K
  class space    used 1675K, capacity 1760K, committed 1792K, reserved 1048576K
Event: 15515,170 GC heap after
Heap after GC invocations=23 (full 0):
 PSYoungGen      total 17408K, used 128K [0x00000000eab00000, 0x00000000ebe80000, 0x0000000100000000)
  eden space 14848K, 0% used [0x00000000eab00000,0x00000000eab00000,0x00000000eb980000)
  from space 2560K, 5% used [0x00000000eb980000,0x00000000eb9a0000,0x00000000ebc00000)
  to   space 2560K, 0% used [0x00000000ebc00000,0x00000000ebc00000,0x00000000ebe80000)
 ParOldGen       total 40960K, used 2641K [0x00000000c0000000, 0x00000000c2800000, 0x00000000eab00000)
  object space 40960K, 6% used [0x00000000c0000000,0x00000000c02946d8,0x00000000c2800000)
 Metaspace       used 15029K, capacity 15314K, committed 15616K, reserved 1062912K
  class space    used 1675K, capacity 1760K, committed 1792K, reserved 1048576K
}

Deoptimization events (10 events):
Event: 13069,371 Thread 0x00007fa030030800 Uncommon trap: reason=class_check action=maybe_recompile pc=0x00007fa08d2b1cb0 method=java.util.AbstractCollection.toArray([Ljava/lang/Object;)[Ljava/lang/Object; @ 1
Event: 13069,432 Thread 0x00007fa030030800 Uncommon trap: reason=bimorphic action=maybe_recompile pc=0x00007fa08d2a32ec method=java.lang.ThreadLocal.get()Ljava/lang/Object; @ 6
Event: 13069,432 Thread 0x00007fa030030800 Uncommon trap: reason=bimorphic action=maybe_recompile pc=0x00007fa08d2a32ec method=java.lang.ThreadLocal.get()Ljava/lang/Object; @ 6
Event: 13069,432 Thread 0x00007fa030030800 Uncommon trap: reason=bimorphic action=maybe_recompile pc=0x00007fa08d2a32ec method=java.lang.ThreadLocal.get()Ljava/lang/Object; @ 6
Event: 13069,433 Thread 0x00007fa030030800 Uncommon trap: reason=bimorphic action=maybe_recompile pc=0x00007fa08d2a32ec method=java.lang.ThreadLocal.get()Ljava/lang/Object; @ 6
Event: 13069,727 Thread 0x00007fa030030800 Uncommon trap: reason=bimorphic action=maybe_recompile pc=0x00007fa08d2c9b8c method=java.util.HashMap.putVal(ILjava/lang/Object;Ljava/lang/Object;ZZ)Ljava/lang/Object; @ 253
Event: 13069,730 Thread 0x00007fa030030800 Uncommon trap: reason=bimorphic action=maybe_recompile pc=0x00007fa08d2c9b8c method=java.util.HashMap.putVal(ILjava/lang/Object;Ljava/lang/Object;ZZ)Ljava/lang/Object; @ 253
Event: 13069,731 Thread 0x00007fa030030800 Uncommon trap: reason=bimorphic action=maybe_recompile pc=0x00007fa08d2c9b8c method=java.util.HashMap.putVal(ILjava/lang/Object;Ljava/lang/Object;ZZ)Ljava/lang/Object; @ 253
Event: 13069,731 Thread 0x00007fa030030800 Uncommon trap: reason=bimorphic action=maybe_recompile pc=0x00007fa08d2c9b8c method=java.util.HashMap.putVal(ILjava/lang/Object;Ljava/lang/Object;ZZ)Ljava/lang/Object; @ 253
Event: 13069,750 Thread 0x00007fa030030800 Uncommon trap: reason=unstable_if action=reinterpret pc=0x00007fa08d2a416c method=java.lang.StringCoding.encode(Ljava/lang/String;[CII)[B @ 38

Internal exceptions (10 events):
Event: 13068,446 Thread 0x00007fa030030800 Implicit null exception at 0x00007fa08d246275 to 0x00007fa08d246631
Event: 13068,454 Thread 0x00007fa030030800 Implicit null exception at 0x00007fa08d246c36 to 0x00007fa08d246ff9
Event: 13071,325 Thread 0x00007fa030030800 Exception <a 'java/lang/UnsupportedOperationException': > (0x00000000eb48df10) thrown at [/sources/openjdk/jdk8u-jdk8u141-b15/hotspot/src/share/vm/prims/jni.cpp, line 735]
Event: 13071,440 Thread 0x00007fa030030800 Exception <a 'java/lang/UnsupportedOperationException': > (0x00000000eb49be50) thrown at [/sources/openjdk/jdk8u-jdk8u141-b15/hotspot/src/share/vm/prims/jni.cpp, line 735]
Event: 13071,514 Thread 0x00007fa030030800 Exception <a 'java/lang/UnsupportedOperationException': > (0x00000000eb49f550) thrown at [/sources/openjdk/jdk8u-jdk8u141-b15/hotspot/src/share/vm/prims/jni.cpp, line 735]
Event: 13072,409 Thread 0x00007fa030030800 Exception <a 'java/lang/UnsupportedOperationException': > (0x00000000eb4a8560) thrown at [/sources/openjdk/jdk8u-jdk8u141-b15/hotspot/src/share/vm/prims/jni.cpp, line 735]
Event: 13072,507 Thread 0x00007fa030030800 Exception <a 'java/lang/UnsupportedOperationException': > (0x00000000eb4b22d0) thrown at [/sources/openjdk/jdk8u-jdk8u141-b15/hotspot/src/share/vm/prims/jni.cpp, line 735]
Event: 13073,241 Thread 0x00007fa030030800 Exception <a 'java/lang/UnsupportedOperationException': > (0x00000000eb5affe0) thrown at [/sources/openjdk/jdk8u-jdk8u141-b15/hotspot/src/share/vm/prims/jni.cpp, line 735]
Event: 13085,096 Thread 0x00007fa030018800 Exception <a 'java/lang/UnsupportedOperationException': > (0x00000000eb70ab38) thrown at [/sources/openjdk/jdk8u-jdk8u141-b15/hotspot/src/share/vm/prims/jni.cpp, line 735]
Event: 13139,501 Thread 0x00007fa030018800 Exception <a 'java/lang/UnsupportedOperationException': > (0x00000000eb9582c8) thrown at [/sources/openjdk/jdk8u-jdk8u141-b15/hotspot/src/share/vm/prims/jni.cpp, line 735]

Events (10 events):
Event: 14910,970 Executing VM operation: ParallelGCFailedAllocation
Event: 14910,974 Executing VM operation: ParallelGCFailedAllocation done
Event: 15515,168 Executing VM operation: ParallelGCFailedAllocation
Event: 15515,170 Executing VM operation: ParallelGCFailedAllocation done
Event: 15732,616 Executing VM operation: RevokeBias
Event: 15732,617 Executing VM operation: RevokeBias done
Event: 15732,617 Thread 0x00007fa0540e8800 Thread exited: 0x00007fa0540e8800
Event: 15732,617 Thread 0x00007fa054043800 Thread exited: 0x00007fa054043800
Event: 15771,778 loading class sun/awt/X11/XDestroyWindowEvent
Event: 15771,818 loading class sun/awt/X11/XDestroyWindowEvent done


Dynamic libraries:
00400000-00401000 r-xp 00000000 08:06 682638                             /opt/xdman/jre/bin/java
00600000-00601000 r--p 00000000 08:06 682638                             /opt/xdman/jre/bin/java
00601000-00602000 rw-p 00001000 08:06 682638                             /opt/xdman/jre/bin/java
02288000-022a9000 rw-p 00000000 00:00 0                                  [heap]
c0000000-c2800000 rw-p 00000000 00:00 0 
c2800000-eab00000 ---p 00000000 00:00 0 
eab00000-ebe80000 rw-p 00000000 00:00 0 
ebe80000-100000000 ---p 00000000 00:00 0 
100000000-1001c0000 rw-p 00000000 00:00 0 
1001c0000-140000000 ---p 00000000 00:00 0 
7fa020000000-7fa020021000 rw-p 00000000 00:00 0 
7fa020021000-7fa024000000 ---p 00000000 00:00 0 
7fa024000000-7fa024021000 rw-p 00000000 00:00 0 
7fa024021000-7fa028000000 ---p 00000000 00:00 0 
7fa028000000-7fa028037000 rw-p 00000000 00:00 0 
7fa028037000-7fa02c000000 ---p 00000000 00:00 0 
7fa02c000000-7fa02c14b000 rw-p 00000000 00:00 0 
7fa02c14b000-7fa030000000 ---p 00000000 00:00 0 
7fa030000000-7fa030032000 rw-p 00000000 00:00 0 
7fa030032000-7fa034000000 ---p 00000000 00:00 0 
7fa034000000-7fa034021000 rw-p 00000000 00:00 0 
7fa034021000-7fa038000000 ---p 00000000 00:00 0 
7fa038000000-7fa038021000 rw-p 00000000 00:00 0 
7fa038021000-7fa03c000000 ---p 00000000 00:00 0 
7fa03ea3f000-7fa03ebbf000 rw-p 00000000 00:00 0 
7fa03ebbf000-7fa03ec3f000 ---p 00000000 00:00 0 
7fa03ec3f000-7fa03ec42000 ---p 00000000 00:00 0 
7fa03ec42000-7fa03ed40000 rw-p 00000000 00:00 0 
7fa03ed40000-7fa03ed50000 r-xp 00000000 08:06 682691                     /opt/xdman/jre/lib/amd64/libnio.so
7fa03ed50000-7fa03ef50000 ---p 00010000 08:06 682691                     /opt/xdman/jre/lib/amd64/libnio.so
7fa03ef50000-7fa03ef51000 r--p 00010000 08:06 682691                     /opt/xdman/jre/lib/amd64/libnio.so
7fa03ef51000-7fa03ef52000 rw-p 00011000 08:06 682691                     /opt/xdman/jre/lib/amd64/libnio.so
7fa03ef52000-7fa03efb4000 r-xp 00000000 08:06 682720                     /opt/xdman/jre/lib/amd64/libfontmanager.so
7fa03efb4000-7fa03f1b3000 ---p 00062000 08:06 682720                     /opt/xdman/jre/lib/amd64/libfontmanager.so
7fa03f1b3000-7fa03f1b6000 r--p 00061000 08:06 682720                     /opt/xdman/jre/lib/amd64/libfontmanager.so
7fa03f1b6000-7fa03f1b7000 rw-p 00064000 08:06 682720                     /opt/xdman/jre/lib/amd64/libfontmanager.so
7fa03f1b7000-7fa03f3b8000 rw-p 00000000 00:00 0 
7fa03f3b8000-7fa03f3bb000 ---p 00000000 00:00 0 
7fa03f3bb000-7fa03f4b9000 rw-p 00000000 00:00 0 
7fa03f4b9000-7fa03f4bc000 ---p 00000000 00:00 0 
7fa03f4bc000-7fa03f5ba000 rw-p 00000000 00:00 0 
7fa03f5ba000-7fa03f5bd000 ---p 00000000 00:00 0 
7fa03f5bd000-7fa03f6bb000 rw-p 00000000 00:00 0 
7fa03f6bb000-7fa03f6be000 ---p 00000000 00:00 0 
7fa03f6be000-7fa03f7bc000 rw-p 00000000 00:00 0 
7fa03f7bc000-7fa03f7bf000 r-xp 00000000 08:06 1317897                    /usr/lib/x86_64-linux-gnu/libnss_mdns4_minimal.so.2
7fa03f7bf000-7fa03f9be000 ---p 00003000 08:06 1317897                    /usr/lib/x86_64-linux-gnu/libnss_mdns4_minimal.so.2
7fa03f9be000-7fa03f9bf000 r--p 00002000 08:06 1317897                    /usr/lib/x86_64-linux-gnu/libnss_mdns4_minimal.so.2
7fa03f9bf000-7fa03f9c0000 rw-p 00003000 08:06 1317897                    /usr/lib/x86_64-linux-gnu/libnss_mdns4_minimal.so.2
7fa03f9c0000-7fa03f9c3000 ---p 00000000 00:00 0 
7fa03f9c3000-7fa03fac1000 rw-p 00000000 00:00 0 
7fa03fac1000-7fa03fac4000 ---p 00000000 00:00 0 
7fa03fac4000-7fa03fdc2000 rw-p 00000000 00:00 0 
7fa03fdc2000-7fa03fdfa000 r-xp 00000000 08:06 682718                     /opt/xdman/jre/lib/amd64/libsunec.so
7fa03fdfa000-7fa03fff9000 ---p 00038000 08:06 682718                     /opt/xdman/jre/lib/amd64/libsunec.so
7fa03fff9000-7fa03fffe000 r--p 00037000 08:06 682718                     /opt/xdman/jre/lib/amd64/libsunec.so
7fa03fffe000-7fa040000000 rw-p 0003c000 08:06 682718                     /opt/xdman/jre/lib/amd64/libsunec.so
7fa040000000-7fa04003a000 rw-p 00000000 00:00 0 
7fa04003a000-7fa044000000 ---p 00000000 00:00 0 
7fa044000000-7fa04428a000 rw-p 00000000 00:00 0 
7fa04428a000-7fa048000000 ---p 00000000 00:00 0 
7fa048000000-7fa048021000 rw-p 00000000 00:00 0 
7fa048021000-7fa04c000000 ---p 00000000 00:00 0 
7fa04c011000-7fa04c01d000 r--p 00000000 08:06 1317406                    /usr/lib/x86_64-linux-gnu/libfreetype.so.6.16.1
7fa04c01d000-7fa04c09a000 r-xp 0000c000 08:06 1317406                    /usr/lib/x86_64-linux-gnu/libfreetype.so.6.16.1
7fa04c09a000-7fa04c0c3000 r--p 00089000 08:06 1317406                    /usr/lib/x86_64-linux-gnu/libfreetype.so.6.16.1
7fa04c0c3000-7fa04c0c4000 ---p 000b2000 08:06 1317406                    /usr/lib/x86_64-linux-gnu/libfreetype.so.6.16.1
7fa04c0c4000-7fa04c0cb000 r--p 000b2000 08:06 1317406                    /usr/lib/x86_64-linux-gnu/libfreetype.so.6.16.1
7fa04c0cb000-7fa04c0cc000 rw-p 000b9000 08:06 1317406                    /usr/lib/x86_64-linux-gnu/libfreetype.so.6.16.1
7fa04c0cc000-7fa04c0cf000 ---p 00000000 00:00 0 
7fa04c0cf000-7fa04c1cd000 rw-p 00000000 00:00 0 
7fa04c1cd000-7fa04c1d0000 ---p 00000000 00:00 0 
7fa04c1d0000-7fa04c2ce000 rw-p 00000000 00:00 0 
7fa04c2ce000-7fa04c2d3000 r-xp 00000000 08:06 1316982                    /usr/lib/x86_64-linux-gnu/libXfixes.so.3.1.0
7fa04c2d3000-7fa04c4d2000 ---p 00005000 08:06 1316982                    /usr/lib/x86_64-linux-gnu/libXfixes.so.3.1.0
7fa04c4d2000-7fa04c4d3000 r--p 00004000 08:06 1316982                    /usr/lib/x86_64-linux-gnu/libXfixes.so.3.1.0
7fa04c4d3000-7fa04c4d4000 rw-p 00005000 08:06 1316982                    /usr/lib/x86_64-linux-gnu/libXfixes.so.3.1.0
7fa04c4d4000-7fa04c4d7000 ---p 00000000 00:00 0 
7fa04c4d7000-7fa04c5d5000 rw-p 00000000 00:00 0 
7fa04c5d5000-7fa04c5da000 r-xp 00000000 08:06 1316978                    /usr/lib/x86_64-linux-gnu/libXdmcp.so.6.0.0
7fa04c5da000-7fa04c7d9000 ---p 00005000 08:06 1316978                    /usr/lib/x86_64-linux-gnu/libXdmcp.so.6.0.0
7fa04c7d9000-7fa04c7da000 r--p 00004000 08:06 1316978                    /usr/lib/x86_64-linux-gnu/libXdmcp.so.6.0.0
7fa04c7da000-7fa04c7db000 rw-p 00005000 08:06 1316978                    /usr/lib/x86_64-linux-gnu/libXdmcp.so.6.0.0
7fa04c7db000-7fa04c7dd000 r-xp 00000000 08:06 1316967                    /usr/lib/x86_64-linux-gnu/libXau.so.6.0.0
7fa04c7dd000-7fa04c9dd000 ---p 00002000 08:06 1316967                    /usr/lib/x86_64-linux-gnu/libXau.so.6.0.0
7fa04c9dd000-7fa04c9de000 r--p 00002000 08:06 1316967                    /usr/lib/x86_64-linux-gnu/libXau.so.6.0.0
7fa04c9de000-7fa04c9df000 rw-p 00003000 08:06 1316967                    /usr/lib/x86_64-linux-gnu/libXau.so.6.0.0
7fa04c9df000-7fa04c9ee000 r-xp 00000000 08:06 1316988                    /usr/lib/x86_64-linux-gnu/libXi.so.6.1.0
7fa04c9ee000-7fa04cbed000 ---p 0000f000 08:06 1316988                    /usr/lib/x86_64-linux-gnu/libXi.so.6.1.0
7fa04cbed000-7fa04cbee000 r--p 0000e000 08:06 1316988                    /usr/lib/x86_64-linux-gnu/libXi.so.6.1.0
7fa04cbee000-7fa04cbef000 rw-p 0000f000 08:06 1316988                    /usr/lib/x86_64-linux-gnu/libXi.so.6.1.0
7fa04cbef000-7fa04cbf4000 r-xp 00000000 08:06 1317006                    /usr/lib/x86_64-linux-gnu/libXtst.so.6.1.0
7fa04cbf4000-7fa04cdf3000 ---p 00005000 08:06 1317006                    /usr/lib/x86_64-linux-gnu/libXtst.so.6.1.0
7fa04cdf3000-7fa04cdf4000 r--p 00004000 08:06 1317006                    /usr/lib/x86_64-linux-gnu/libXtst.so.6.1.0
7fa04cdf4000-7fa04cdf5000 rw-p 00005000 08:06 1317006                    /usr/lib/x86_64-linux-gnu/libXtst.so.6.1.0
7fa04cdf5000-7fa04cdfe000 r-xp 00000000 08:06 1317000                    /usr/lib/x86_64-linux-gnu/libXrender.so.1.3.0
7fa04cdfe000-7fa04cffd000 ---p 00009000 08:06 1317000                    /usr/lib/x86_64-linux-gnu/libXrender.so.1.3.0
7fa04cffd000-7fa04cffe000 r--p 00008000 08:06 1317000                    /usr/lib/x86_64-linux-gnu/libXrender.so.1.3.0
7fa04cffe000-7fa04cfff000 rw-p 00009000 08:06 1317000                    /usr/lib/x86_64-linux-gnu/libXrender.so.1.3.0
7fa04cfff000-7fa050000000 rw-p 00000000 00:00 0 
7fa050000000-7fa050021000 rw-p 00000000 00:00 0 
7fa050021000-7fa054000000 ---p 00000000 00:00 0 
7fa054000000-7fa054407000 rw-p 00000000 00:00 0 
7fa054407000-7fa058000000 ---p 00000000 00:00 0 
7fa058000000-7fa0587f7000 rw-p 00000000 00:00 0 
7fa0587f7000-7fa05c000000 ---p 00000000 00:00 0 
7fa05c000000-7fa05c021000 rw-p 00000000 00:00 0 
7fa05c021000-7fa060000000 ---p 00000000 00:00 0 
7fa060000000-7fa060356000 rw-p 00000000 00:00 0 
7fa060356000-7fa064000000 ---p 00000000 00:00 0 
7fa064000000-7fa064ef1000 rw-p 00000000 00:00 0 
7fa064ef1000-7fa068000000 ---p 00000000 00:00 0 
7fa068000000-7fa068021000 rw-p 00000000 00:00 0 
7fa068021000-7fa06c000000 ---p 00000000 00:00 0 
7fa06c000000-7fa06c021000 rw-p 00000000 00:00 0 
7fa06c021000-7fa070000000 ---p 00000000 00:00 0 
7fa070000000-7fa070021000 rw-p 00000000 00:00 0 
7fa070021000-7fa074000000 ---p 00000000 00:00 0 
7fa074000000-7fa074021000 rw-p 00000000 00:00 0 
7fa074021000-7fa078000000 ---p 00000000 00:00 0 
7fa078000000-7fa078021000 rw-p 00000000 00:00 0 
7fa078021000-7fa07c000000 ---p 00000000 00:00 0 
7fa07c044000-7fa07c049000 r--p 00000000 08:06 1318008                    /usr/lib/x86_64-linux-gnu/libpng16.so.16.36.0
7fa07c049000-7fa07c06d000 r-xp 00005000 08:06 1318008                    /usr/lib/x86_64-linux-gnu/libpng16.so.16.36.0
7fa07c06d000-7fa07c079000 r--p 00029000 08:06 1318008                    /usr/lib/x86_64-linux-gnu/libpng16.so.16.36.0
7fa07c079000-7fa07c07a000 r--p 00034000 08:06 1318008                    /usr/lib/x86_64-linux-gnu/libpng16.so.16.36.0
7fa07c07a000-7fa07c07b000 rw-p 00035000 08:06 1318008                    /usr/lib/x86_64-linux-gnu/libpng16.so.16.36.0
7fa07c07b000-7fa07c07f000 r--p 00000000 08:06 1318076                    /usr/lib/x86_64-linux-gnu/libresolv-2.29.so
7fa07c07f000-7fa07c08e000 r-xp 00004000 08:06 1318076                    /usr/lib/x86_64-linux-gnu/libresolv-2.29.so
7fa07c08e000-7fa07c091000 r--p 00013000 08:06 1318076                    /usr/lib/x86_64-linux-gnu/libresolv-2.29.so
7fa07c091000-7fa07c092000 ---p 00016000 08:06 1318076                    /usr/lib/x86_64-linux-gnu/libresolv-2.29.so
7fa07c092000-7fa07c093000 r--p 00016000 08:06 1318076                    /usr/lib/x86_64-linux-gnu/libresolv-2.29.so
7fa07c093000-7fa07c094000 rw-p 00017000 08:06 1318076                    /usr/lib/x86_64-linux-gnu/libresolv-2.29.so
7fa07c094000-7fa07c096000 rw-p 00000000 00:00 0 
7fa07c096000-7fa07c0ae000 r--p 00000000 08:06 1316963                    /usr/lib/x86_64-linux-gnu/libX11.so.6.3.0
7fa07c0ae000-7fa07c136000 r-xp 00018000 08:06 1316963                    /usr/lib/x86_64-linux-gnu/libX11.so.6.3.0
7fa07c136000-7fa07c1ca000 r--p 000a0000 08:06 1316963                    /usr/lib/x86_64-linux-gnu/libX11.so.6.3.0
7fa07c1ca000-7fa07c1cb000 ---p 00134000 08:06 1316963                    /usr/lib/x86_64-linux-gnu/libX11.so.6.3.0
7fa07c1cb000-7fa07c1cc000 r--p 00134000 08:06 1316963                    /usr/lib/x86_64-linux-gnu/libX11.so.6.3.0
7fa07c1cc000-7fa07c1d0000 rw-p 00135000 08:06 1316963                    /usr/lib/x86_64-linux-gnu/libX11.so.6.3.0
7fa07c1d0000-7fa07c1e1000 r-xp 00000000 08:06 1316980                    /usr/lib/x86_64-linux-gnu/libXext.so.6.4.0
7fa07c1e1000-7fa07c3e0000 ---p 00011000 08:06 1316980                    /usr/lib/x86_64-linux-gnu/libXext.so.6.4.0
7fa07c3e0000-7fa07c3e1000 r--p 00010000 08:06 1316980                    /usr/lib/x86_64-linux-gnu/libXext.so.6.4.0
7fa07c3e1000-7fa07c3e2000 rw-p 00011000 08:06 1316980                    /usr/lib/x86_64-linux-gnu/libXext.so.6.4.0
7fa07c3e2000-7fa07c433000 r-xp 00000000 08:06 682700                     /opt/xdman/jre/lib/amd64/libawt_xawt.so
7fa07c433000-7fa07c633000 ---p 00051000 08:06 682700                     /opt/xdman/jre/lib/amd64/libawt_xawt.so
7fa07c633000-7fa07c634000 r--p 00051000 08:06 682700                     /opt/xdman/jre/lib/amd64/libawt_xawt.so
7fa07c634000-7fa07c637000 rw-p 00052000 08:06 682700                     /opt/xdman/jre/lib/amd64/libawt_xawt.so
7fa07c637000-7fa07c638000 rw-p 00000000 00:00 0 
7fa07c638000-7fa07c6d6000 r-xp 00000000 08:06 682695                     /opt/xdman/jre/lib/amd64/libawt.so
7fa07c6d6000-7fa07c8d5000 ---p 0009e000 08:06 682695                     /opt/xdman/jre/lib/amd64/libawt.so
7fa07c8d5000-7fa07c8d6000 r--p 0009d000 08:06 682695                     /opt/xdman/jre/lib/amd64/libawt.so
7fa07c8d6000-7fa07c8e1000 rw-p 0009e000 08:06 682695                     /opt/xdman/jre/lib/amd64/libawt.so
7fa07c8e1000-7fa07c906000 rw-p 00000000 00:00 0 
7fa07c906000-7fa07c91c000 r-xp 00000000 08:06 682702                     /opt/xdman/jre/lib/amd64/libnet.so
7fa07c91c000-7fa07cb1b000 ---p 00016000 08:06 682702                     /opt/xdman/jre/lib/amd64/libnet.so
7fa07cb1b000-7fa07cb1c000 r--p 00015000 08:06 682702                     /opt/xdman/jre/lib/amd64/libnet.so
7fa07cb1c000-7fa07cb1d000 rw-p 00016000 08:06 682702                     /opt/xdman/jre/lib/amd64/libnet.so
7fa07cb1d000-7fa07cb20000 ---p 00000000 00:00 0 
7fa07cb20000-7fa07cc1e000 rw-p 00000000 00:00 0 
7fa07cc1e000-7fa07cc1f000 ---p 00000000 00:00 0 
7fa07cc1f000-7fa07cd1f000 rw-p 00000000 00:00 0 
7fa07cd1f000-7fa07cd22000 ---p 00000000 00:00 0 
7fa07cd22000-7fa07ce20000 rw-p 00000000 00:00 0 
7fa07ce20000-7fa07ce21000 ---p 00000000 00:00 0 
7fa07ce21000-7fa07ce24000 ---p 00000000 00:00 0 
7fa07ce24000-7fa07cf21000 rw-p 00000000 00:00 0 
7fa07cf21000-7fa07cf22000 ---p 00000000 00:00 0 
7fa07cf22000-7fa07cf25000 ---p 00000000 00:00 0 
7fa07cf25000-7fa07d022000 rw-p 00000000 00:00 0 
7fa07d022000-7fa07d023000 ---p 00000000 00:00 0 
7fa07d023000-7fa07d026000 ---p 00000000 00:00 0 
7fa07d026000-7fa07d123000 rw-p 00000000 00:00 0 
7fa07d123000-7fa07d126000 ---p 00000000 00:00 0 
7fa07d126000-7fa07d224000 rw-p 00000000 00:00 0 
7fa07d224000-7fa07e000000 r--p 00000000 08:06 1316309                    /usr/lib/locale/locale-archive
7fa07e000000-7fa080000000 rw-p 00000000 00:00 0 
7fa080000000-7fa080021000 rw-p 00000000 00:00 0 
7fa080021000-7fa084000000 ---p 00000000 00:00 0 
7fa084000000-7fa084021000 rw-p 00000000 00:00 0 
7fa084021000-7fa088000000 ---p 00000000 00:00 0 
7fa088000000-7fa088021000 rw-p 00000000 00:00 0 
7fa088021000-7fa08c000000 ---p 00000000 00:00 0 
7fa08c00a000-7fa08c00d000 r--p 00000000 08:06 1317420                    /usr/lib/x86_64-linux-gnu/libgcc_s.so.1
7fa08c00d000-7fa08c01e000 r-xp 00003000 08:06 1317420                    /usr/lib/x86_64-linux-gnu/libgcc_s.so.1
7fa08c01e000-7fa08c022000 r--p 00014000 08:06 1317420                    /usr/lib/x86_64-linux-gnu/libgcc_s.so.1
7fa08c022000-7fa08c023000 r--p 00017000 08:06 1317420                    /usr/lib/x86_64-linux-gnu/libgcc_s.so.1
7fa08c023000-7fa08c024000 rw-p 00018000 08:06 1317420                    /usr/lib/x86_64-linux-gnu/libgcc_s.so.1
7fa08c039000-7fa08c054000 r--s 0038e000 08:06 682752                     /opt/xdman/jre/lib/ext/cldrdata.jar
7fa08c054000-7fa08c056000 r--p 00000000 08:06 1316974                    /usr/lib/x86_64-linux-gnu/libXcursor.so.1.0.2
7fa08c056000-7fa08c05b000 r-xp 00002000 08:06 1316974                    /usr/lib/x86_64-linux-gnu/libXcursor.so.1.0.2
7fa08c05b000-7fa08c05d000 r--p 00007000 08:06 1316974                    /usr/lib/x86_64-linux-gnu/libXcursor.so.1.0.2
7fa08c05d000-7fa08c05e000 r--p 00008000 08:06 1316974                    /usr/lib/x86_64-linux-gnu/libXcursor.so.1.0.2
7fa08c05e000-7fa08c05f000 rw-p 00009000 08:06 1316974                    /usr/lib/x86_64-linux-gnu/libXcursor.so.1.0.2
7fa08c062000-7fa08c066000 rw-s 00000000 00:05 5931041                    /SYSV00000000 (deleted)
7fa08c066000-7fa08c068000 r--p 00000000 08:06 1317886                    /usr/lib/x86_64-linux-gnu/libnss_dns-2.29.so
7fa08c068000-7fa08c06c000 r-xp 00002000 08:06 1317886                    /usr/lib/x86_64-linux-gnu/libnss_dns-2.29.so
7fa08c06c000-7fa08c06d000 r--p 00006000 08:06 1317886                    /usr/lib/x86_64-linux-gnu/libnss_dns-2.29.so
7fa08c06d000-7fa08c06e000 r--p 00006000 08:06 1317886                    /usr/lib/x86_64-linux-gnu/libnss_dns-2.29.so
7fa08c06e000-7fa08c06f000 rw-p 00007000 08:06 1317886                    /usr/lib/x86_64-linux-gnu/libnss_dns-2.29.so
7fa08c06f000-7fa08c074000 r--s 0009a000 08:06 682648                     /opt/xdman/jre/lib/jsse.jar
7fa08c074000-7fa08c099000 r--p 00000000 08:06 268159                     /usr/share/locale-langpack/fr/LC_MESSAGES/libc.mo
7fa08c099000-7fa08c09d000 r--p 00000000 08:06 1317138                    /usr/lib/x86_64-linux-gnu/libbsd.so.0.9.1
7fa08c09d000-7fa08c0ac000 r-xp 00004000 08:06 1317138                    /usr/lib/x86_64-linux-gnu/libbsd.so.0.9.1
7fa08c0ac000-7fa08c0af000 r--p 00013000 08:06 1317138                    /usr/lib/x86_64-linux-gnu/libbsd.so.0.9.1
7fa08c0af000-7fa08c0b0000 ---p 00016000 08:06 1317138                    /usr/lib/x86_64-linux-gnu/libbsd.so.0.9.1
7fa08c0b0000-7fa08c0b1000 r--p 00016000 08:06 1317138                    /usr/lib/x86_64-linux-gnu/libbsd.so.0.9.1
7fa08c0b1000-7fa08c0b2000 rw-p 00017000 08:06 1317138                    /usr/lib/x86_64-linux-gnu/libbsd.so.0.9.1
7fa08c0b2000-7fa08c0b3000 rw-p 00000000 00:00 0 
7fa08c0b3000-7fa08c0be000 r--p 00000000 08:06 1318417                    /usr/lib/x86_64-linux-gnu/libxcb.so.1.1.0
7fa08c0be000-7fa08c0d1000 r-xp 0000b000 08:06 1318417                    /usr/lib/x86_64-linux-gnu/libxcb.so.1.1.0
7fa08c0d1000-7fa08c0da000 r--p 0001e000 08:06 1318417                    /usr/lib/x86_64-linux-gnu/libxcb.so.1.1.0
7fa08c0da000-7fa08c0db000 r--p 00026000 08:06 1318417                    /usr/lib/x86_64-linux-gnu/libxcb.so.1.1.0
7fa08c0db000-7fa08c0dc000 rw-p 00027000 08:06 1318417                    /usr/lib/x86_64-linux-gnu/libxcb.so.1.1.0
7fa08c0dc000-7fa08c0de000 r--s 00008000 08:06 682737                     /opt/xdman/jre/lib/ext/sunec.jar
7fa08c0de000-7fa08c0f1000 r--s 00346000 08:06 682660                     /opt/xdman/jre/lib/resources.jar
7fa08c0f1000-7fa08c0f4000 ---p 00000000 00:00 0 
7fa08c0f4000-7fa08c1f2000 rw-p 00000000 00:00 0 
7fa08c1f2000-7fa08c1f5000 ---p 00000000 00:00 0 
7fa08c1f5000-7fa08c2f3000 rw-p 00000000 00:00 0 
7fa08c2f3000-7fa08c2f4000 ---p 00000000 00:00 0 
7fa08c2f4000-7fa08d000000 rw-p 00000000 00:00 0 
7fa08d000000-7fa08d480000 rwxp 00000000 00:00 0 
7fa08d480000-7fa09c000000 ---p 00000000 00:00 0 
7fa09c000000-7fa09c1f7000 rw-p 00000000 00:00 0 
7fa09c1f7000-7fa0a0000000 ---p 00000000 00:00 0 
7fa0a0000000-7fa0a000a000 r--s 00116000 08:06 682740                     /opt/xdman/jre/lib/ext/localedata.jar
7fa0a000a000-7fa0a001c000 r--s 00159000 08:06 682750                     /opt/xdman/xdman.jar
7fa0a001c000-7fa0a036d000 rw-p 00000000 00:00 0 
7fa0a036d000-7fa0a053b000 r--s 03bce000 08:06 682754                     /opt/xdman/jre/lib/rt.jar
7fa0a053b000-7fa0a100c000 rw-p 00000000 00:00 0 
7fa0a100c000-7fa0a100d000 ---p 00000000 00:00 0 
7fa0a100d000-7fa0a110d000 rw-p 00000000 00:00 0 
7fa0a110d000-7fa0a110e000 ---p 00000000 00:00 0 
7fa0a110e000-7fa0a120e000 rw-p 00000000 00:00 0 
7fa0a120e000-7fa0a120f000 ---p 00000000 00:00 0 
7fa0a120f000-7fa0a130f000 rw-p 00000000 00:00 0 
7fa0a130f000-7fa0a1310000 ---p 00000000 00:00 0 
7fa0a1310000-7fa0a1424000 rw-p 00000000 00:00 0 
7fa0a1424000-7fa0a1566000 ---p 00000000 00:00 0 
7fa0a1566000-7fa0a157a000 rw-p 00000000 00:00 0 
7fa0a157a000-7fa0a16bb000 ---p 00000000 00:00 0 
7fa0a16bb000-7fa0a16c6000 rw-p 00000000 00:00 0 
7fa0a16c6000-7fa0a1766000 ---p 00000000 00:00 0 
7fa0a1766000-7fa0a1779000 rw-p 00000000 00:00 0 
7fa0a1779000-7fa0a1b27000 ---p 00000000 00:00 0 
7fa0a1b27000-7fa0a1b2f000 r-xp 00000000 08:06 682699                     /opt/xdman/jre/lib/amd64/libzip.so
7fa0a1b2f000-7fa0a1d2e000 ---p 00008000 08:06 682699                     /opt/xdman/jre/lib/amd64/libzip.so
7fa0a1d2e000-7fa0a1d2f000 r--p 00007000 08:06 682699                     /opt/xdman/jre/lib/amd64/libzip.so
7fa0a1d2f000-7fa0a1d30000 rw-p 00008000 08:06 682699                     /opt/xdman/jre/lib/amd64/libzip.so
7fa0a1d30000-7fa0a1d33000 r--p 00000000 08:06 1317889                    /usr/lib/x86_64-linux-gnu/libnss_files-2.29.so
7fa0a1d33000-7fa0a1d3a000 r-xp 00003000 08:06 1317889                    /usr/lib/x86_64-linux-gnu/libnss_files-2.29.so
7fa0a1d3a000-7fa0a1d3c000 r--p 0000a000 08:06 1317889                    /usr/lib/x86_64-linux-gnu/libnss_files-2.29.so
7fa0a1d3c000-7fa0a1d3d000 r--p 0000b000 08:06 1317889                    /usr/lib/x86_64-linux-gnu/libnss_files-2.29.so
7fa0a1d3d000-7fa0a1d3e000 rw-p 0000c000 08:06 1317889                    /usr/lib/x86_64-linux-gnu/libnss_files-2.29.so
7fa0a1d3e000-7fa0a1d44000 rw-p 00000000 00:00 0 
7fa0a1d45000-7fa0a1d59000 rw-p 00000000 00:00 0 
7fa0a1d59000-7fa0a1d85000 r-xp 00000000 08:06 682704                     /opt/xdman/jre/lib/amd64/libjava.so
7fa0a1d85000-7fa0a1f84000 ---p 0002c000 08:06 682704                     /opt/xdman/jre/lib/amd64/libjava.so
7fa0a1f84000-7fa0a1f85000 r--p 0002b000 08:06 682704                     /opt/xdman/jre/lib/amd64/libjava.so
7fa0a1f85000-7fa0a1f87000 rw-p 0002c000 08:06 682704                     /opt/xdman/jre/lib/amd64/libjava.so
7fa0a1f87000-7fa0a1f94000 r-xp 00000000 08:06 682698                     /opt/xdman/jre/lib/amd64/libverify.so
7fa0a1f94000-7fa0a2193000 ---p 0000d000 08:06 682698                     /opt/xdman/jre/lib/amd64/libverify.so
7fa0a2193000-7fa0a2195000 r--p 0000c000 08:06 682698                     /opt/xdman/jre/lib/amd64/libverify.so
7fa0a2195000-7fa0a2196000 rw-p 0000e000 08:06 682698                     /opt/xdman/jre/lib/amd64/libverify.so
7fa0a2196000-7fa0a2199000 r--p 00000000 08:06 1318097                    /usr/lib/x86_64-linux-gnu/librt-2.29.so
7fa0a2199000-7fa0a219d000 r-xp 00003000 08:06 1318097                    /usr/lib/x86_64-linux-gnu/librt-2.29.so
7fa0a219d000-7fa0a219f000 r--p 00007000 08:06 1318097                    /usr/lib/x86_64-linux-gnu/librt-2.29.so
7fa0a219f000-7fa0a21a0000 r--p 00008000 08:06 1318097                    /usr/lib/x86_64-linux-gnu/librt-2.29.so
7fa0a21a0000-7fa0a21a1000 rw-p 00009000 08:06 1318097                    /usr/lib/x86_64-linux-gnu/librt-2.29.so
7fa0a21a1000-7fa0a21a2000 ---p 00000000 00:00 0 
7fa0a21a2000-7fa0a21a5000 ---p 00000000 00:00 0 
7fa0a21a5000-7fa0a22a2000 rw-p 00000000 00:00 0 
7fa0a22a2000-7fa0a22b1000 r--p 00000000 08:06 1317761                    /usr/lib/x86_64-linux-gnu/libm-2.29.so
7fa0a22b1000-7fa0a2357000 r-xp 0000f000 08:06 1317761                    /usr/lib/x86_64-linux-gnu/libm-2.29.so
7fa0a2357000-7fa0a23ee000 r--p 000b5000 08:06 1317761                    /usr/lib/x86_64-linux-gnu/libm-2.29.so
7fa0a23ee000-7fa0a23ef000 r--p 0014b000 08:06 1317761                    /usr/lib/x86_64-linux-gnu/libm-2.29.so
7fa0a23ef000-7fa0a23f0000 rw-p 0014c000 08:06 1317761                    /usr/lib/x86_64-linux-gnu/libm-2.29.so
7fa0a23f0000-7fa0a305a000 r-xp 00000000 08:06 682722                     /opt/xdman/jre/lib/amd64/server/libjvm.so
7fa0a305a000-7fa0a325a000 ---p 00c6a000 08:06 682722                     /opt/xdman/jre/lib/amd64/server/libjvm.so
7fa0a325a000-7fa0a32ee000 r--p 00c6a000 08:06 682722                     /opt/xdman/jre/lib/amd64/server/libjvm.so
7fa0a32ee000-7fa0a3316000 rw-p 00cfe000 08:06 682722                     /opt/xdman/jre/lib/amd64/server/libjvm.so
7fa0a3316000-7fa0a3349000 rw-p 00000000 00:00 0 
7fa0a3349000-7fa0a336e000 r--p 00000000 08:06 1317142                    /usr/lib/x86_64-linux-gnu/libc-2.29.so
7fa0a336e000-7fa0a34e1000 r-xp 00025000 08:06 1317142                    /usr/lib/x86_64-linux-gnu/libc-2.29.so
7fa0a34e1000-7fa0a352a000 r--p 00198000 08:06 1317142                    /usr/lib/x86_64-linux-gnu/libc-2.29.so
7fa0a352a000-7fa0a352d000 r--p 001e0000 08:06 1317142                    /usr/lib/x86_64-linux-gnu/libc-2.29.so
7fa0a352d000-7fa0a3530000 rw-p 001e3000 08:06 1317142                    /usr/lib/x86_64-linux-gnu/libc-2.29.so
7fa0a3530000-7fa0a3534000 rw-p 00000000 00:00 0 
7fa0a3534000-7fa0a3535000 r--p 00000000 08:06 1317279                    /usr/lib/x86_64-linux-gnu/libdl-2.29.so
7fa0a3535000-7fa0a3537000 r-xp 00001000 08:06 1317279                    /usr/lib/x86_64-linux-gnu/libdl-2.29.so
7fa0a3537000-7fa0a3538000 r--p 00003000 08:06 1317279                    /usr/lib/x86_64-linux-gnu/libdl-2.29.so
7fa0a3538000-7fa0a3539000 r--p 00003000 08:06 1317279                    /usr/lib/x86_64-linux-gnu/libdl-2.29.so
7fa0a3539000-7fa0a353a000 rw-p 00004000 08:06 1317279                    /usr/lib/x86_64-linux-gnu/libdl-2.29.so
7fa0a353a000-7fa0a3547000 r-xp 00000000 08:06 682713                     /opt/xdman/jre/lib/amd64/jli/libjli.so
7fa0a3547000-7fa0a3746000 ---p 0000d000 08:06 682713                     /opt/xdman/jre/lib/amd64/jli/libjli.so
7fa0a3746000-7fa0a3747000 r--p 0000c000 08:06 682713                     /opt/xdman/jre/lib/amd64/jli/libjli.so
7fa0a3747000-7fa0a3748000 rw-p 0000d000 08:06 682713                     /opt/xdman/jre/lib/amd64/jli/libjli.so
7fa0a3748000-7fa0a374a000 r--p 00000000 08:06 1318447                    /usr/lib/x86_64-linux-gnu/libz.so.1.2.11
7fa0a374a000-7fa0a375b000 r-xp 00002000 08:06 1318447                    /usr/lib/x86_64-linux-gnu/libz.so.1.2.11
7fa0a375b000-7fa0a3761000 r--p 00013000 08:06 1318447                    /usr/lib/x86_64-linux-gnu/libz.so.1.2.11
7fa0a3761000-7fa0a3762000 ---p 00019000 08:06 1318447                    /usr/lib/x86_64-linux-gnu/libz.so.1.2.11
7fa0a3762000-7fa0a3763000 r--p 00019000 08:06 1318447                    /usr/lib/x86_64-linux-gnu/libz.so.1.2.11
7fa0a3763000-7fa0a3764000 rw-p 0001a000 08:06 1318447                    /usr/lib/x86_64-linux-gnu/libz.so.1.2.11
7fa0a3764000-7fa0a376b000 r--p 00000000 08:06 1318031                    /usr/lib/x86_64-linux-gnu/libpthread-2.29.so
7fa0a376b000-7fa0a377a000 r-xp 00007000 08:06 1318031                    /usr/lib/x86_64-linux-gnu/libpthread-2.29.so
7fa0a377a000-7fa0a377f000 r--p 00016000 08:06 1318031                    /usr/lib/x86_64-linux-gnu/libpthread-2.29.so
7fa0a377f000-7fa0a3780000 r--p 0001a000 08:06 1318031                    /usr/lib/x86_64-linux-gnu/libpthread-2.29.so
7fa0a3780000-7fa0a3781000 rw-p 0001b000 08:06 1318031                    /usr/lib/x86_64-linux-gnu/libpthread-2.29.so
7fa0a3781000-7fa0a3787000 rw-p 00000000 00:00 0 
7fa0a3788000-7fa0a378b000 r--s 00015000 08:06 682732                     /opt/xdman/jre/lib/jce.jar
7fa0a378b000-7fa0a3792000 r--s 00000000 08:06 1706558                    /usr/lib/x86_64-linux-gnu/gconv/gconv-modules.cache
7fa0a3792000-7fa0a379a000 rw-s 00000000 08:06 794209                     /tmp/hsperfdata_mm/2246
7fa0a379a000-7fa0a379b000 rw-p 00000000 00:00 0 
7fa0a379b000-7fa0a379c000 r--p 00000000 00:00 0 
7fa0a379c000-7fa0a379d000 r--p 00000000 08:06 1316922                    /usr/lib/x86_64-linux-gnu/ld-2.29.so
7fa0a379d000-7fa0a37be000 r-xp 00001000 08:06 1316922                    /usr/lib/x86_64-linux-gnu/ld-2.29.so
7fa0a37be000-7fa0a37c6000 r--p 00022000 08:06 1316922                    /usr/lib/x86_64-linux-gnu/ld-2.29.so
7fa0a37c6000-7fa0a37c7000 r--p 00029000 08:06 1316922                    /usr/lib/x86_64-linux-gnu/ld-2.29.so
7fa0a37c7000-7fa0a37c8000 rw-p 0002a000 08:06 1316922                    /usr/lib/x86_64-linux-gnu/ld-2.29.so
7fa0a37c8000-7fa0a37c9000 rw-p 00000000 00:00 0 
7ffc7f4ee000-7ffc7f50f000 rw-p 00000000 00:00 0                          [stack]
7ffc7f5be000-7ffc7f5c1000 r--p 00000000 00:00 0                          [vvar]
7ffc7f5c1000-7ffc7f5c2000 r-xp 00000000 00:00 0                          [vdso]
ffffffffff600000-ffffffffff601000 r-xp 00000000 00:00 0                  [vsyscall]

VM Arguments:
jvm_args: -Xmx1024m 
java_command: /opt/xdman/xdman.jar -m
java_class_path (initial): /opt/xdman/xdman.jar
Launcher Type: SUN_STANDARD

Environment Variables:
PATH=/usr/local/sbin:/usr/local/bin:/usr/sbin:/usr/bin:/sbin:/bin:/usr/games:/usr/local/games:/snap/bin
USERNAME=mm
SHELL=/bin/bash
DISPLAY=:0

Signal Handlers:
SIGSEGV: [libjvm.so+0xa6c220], sa_mask[0]=11111111011111111101111111111110, sa_flags=SA_RESTART|SA_SIGINFO
SIGBUS: [libjvm.so+0xa6c220], sa_mask[0]=11111111011111111101111111111110, sa_flags=SA_RESTART|SA_SIGINFO
SIGFPE: [libjvm.so+0x8ad240], sa_mask[0]=11111111011111111101111111111110, sa_flags=SA_RESTART|SA_SIGINFO
SIGPIPE: [libjvm.so+0x8ad240], sa_mask[0]=11111111011111111101111111111110, sa_flags=SA_RESTART|SA_SIGINFO
SIGXFSZ: [libjvm.so+0x8ad240], sa_mask[0]=11111111011111111101111111111110, sa_flags=SA_RESTART|SA_SIGINFO
SIGILL: [libjvm.so+0x8ad240], sa_mask[0]=11111111011111111101111111111110, sa_flags=SA_RESTART|SA_SIGINFO
SIGUSR1: SIG_DFL, sa_mask[0]=00000000000000000000000000000000, sa_flags=none
SIGUSR2: [libjvm.so+0x8ad110], sa_mask[0]=00000000000000000000000000000000, sa_flags=SA_RESTART|SA_SIGINFO
SIGHUP: [libjvm.so+0x8ad570], sa_mask[0]=11111111011111111101111111111110, sa_flags=SA_RESTART|SA_SIGINFO
SIGINT: [libjvm.so+0x8ad570], sa_mask[0]=11111111011111111101111111111110, sa_flags=SA_RESTART|SA_SIGINFO
SIGTERM: [libjvm.so+0x8ad570], sa_mask[0]=11111111011111111101111111111110, sa_flags=SA_RESTART|SA_SIGINFO
SIGQUIT: [libjvm.so+0x8ad570], sa_mask[0]=11111111011111111101111111111110, sa_flags=SA_RESTART|SA_SIGINFO


---------------  S Y S T E M  ---------------

OS:DISTRIB_ID=Ubuntu
DISTRIB_RELEASE=19.04
DISTRIB_CODENAME=disco
DISTRIB_DESCRIPTION="Ubuntu 19.04"

uname:Linux 5.0.0-13-generic #14-Ubuntu SMP Mon Apr 15 14:59:14 UTC 2019 x86_64
libc:glibc 2.29 NPTL 2.29 
rlimit: STACK 8192k, CORE 0k, NPROC 15045, NOFILE 1048576, AS infinity
load average:3,00 2,47 2,14

/proc/meminfo:
MemTotal:        3900032 kB
MemFree:         2602336 kB
MemAvailable:    3048068 kB
Buffers:           32864 kB
Cached:           648956 kB
SwapCached:         6888 kB
Active:           563572 kB
Inactive:         465616 kB
Active(anon):     178160 kB
Inactive(anon):   195544 kB
Active(file):     385412 kB
Inactive(file):   270072 kB
Unevictable:        6184 kB
Mlocked:               0 kB
SwapTotal:       1358976 kB
SwapFree:        1304856 kB
Dirty:              1668 kB
Writeback:             0 kB
AnonPages:        349880 kB
Mapped:           142784 kB
Shmem:             26144 kB
KReclaimable:      65208 kB
Slab:             171252 kB
SReclaimable:      65208 kB
SUnreclaim:       106044 kB
KernelStack:        5512 kB
PageTables:         9000 kB
NFS_Unstable:          0 kB
Bounce:                0 kB
WritebackTmp:          0 kB
CommitLimit:     3308992 kB
Committed_AS:    2750024 kB
VmallocTotal:   34359738367 kB
VmallocUsed:           0 kB
VmallocChunk:          0 kB
Percpu:             2544 kB
HardwareCorrupted:     0 kB
AnonHugePages:      2048 kB
ShmemHugePages:        0 kB
ShmemPmdMapped:        0 kB
CmaTotal:              0 kB
CmaFree:               0 kB
HugePages_Total:       0
HugePages_Free:        0
HugePages_Rsvd:        0
HugePages_Surp:        0
Hugepagesize:       2048 kB
Hugetlb:               0 kB
DirectMap4k:      273016 kB
DirectMap2M:     3784704 kB
DirectMap1G:     1048576 kB


CPU:total 4 (initial active 4) (2 cores per cpu, 2 threads per core) family 6 model 78 stepping 3, cmov, cx8, fxsr, mmx, sse, sse2, sse3, ssse3, sse4.1, sse4.2, popcnt, avx, avx2, aes, clmul, erms, rtm, 3dnowpref, lzcnt, ht, tsc, tscinvbit, bmi1, bmi2, adx

/proc/cpuinfo:
processor	: 0
vendor_id	: GenuineIntel
cpu family	: 6
model		: 78
model name	: Intel(R) Core(TM) i3-6100U CPU @ 2.30GHz
stepping	: 3
microcode	: 0xc6
cpu MHz		: 680.818
cache size	: 3072 KB
physical id	: 0
siblings	: 4
core id		: 0
cpu cores	: 2
apicid		: 0
initial apicid	: 0
fpu		: yes
fpu_exception	: yes
cpuid level	: 22
wp		: yes
flags		: fpu vme de pse tsc msr pae mce cx8 apic sep mtrr pge mca cmov pat pse36 clflush dts acpi mmx fxsr sse sse2 ss ht tm pbe syscall nx pdpe1gb rdtscp lm constant_tsc art arch_perfmon pebs bts rep_good nopl xtopology nonstop_tsc cpuid aperfmperf tsc_known_freq pni pclmulqdq dtes64 monitor ds_cpl vmx est tm2 ssse3 sdbg fma cx16 xtpr pdcm pcid sse4_1 sse4_2 x2apic movbe popcnt tsc_deadline_timer aes xsave avx f16c rdrand lahf_lm abm 3dnowprefetch cpuid_fault epb invpcid_single pti ssbd ibrs ibpb stibp tpr_shadow vnmi flexpriority ept vpid ept_ad fsgsbase tsc_adjust bmi1 hle avx2 smep bmi2 erms invpcid rtm mpx rdseed adx smap clflushopt intel_pt xsaveopt xsavec xgetbv1 xsaves dtherm arat pln pts hwp hwp_notify hwp_act_window hwp_epp flush_l1d
bugs		: cpu_meltdown spectre_v1 spectre_v2 spec_store_bypass l1tf
bogomips	: 4608.00
clflush size	: 64
cache_alignment	: 64
address sizes	: 39 bits physical, 48 bits virtual
power management:

processor	: 1
vendor_id	: GenuineIntel
cpu family	: 6
model		: 78
model name	: Intel(R) Core(TM) i3-6100U CPU @ 2.30GHz
stepping	: 3
microcode	: 0xc6
cpu MHz		: 776.399
cache size	: 3072 KB
physical id	: 0
siblings	: 4
core id		: 1
cpu cores	: 2
apicid		: 2
initial apicid	: 2
fpu		: yes
fpu_exception	: yes
cpuid level	: 22
wp		: yes
flags		: fpu vme de pse tsc msr pae mce cx8 apic sep mtrr pge mca cmov pat pse36 clflush dts acpi mmx fxsr sse sse2 ss ht tm pbe syscall nx pdpe1gb rdtscp lm constant_tsc art arch_perfmon pebs bts rep_good nopl xtopology nonstop_tsc cpuid aperfmperf tsc_known_freq pni pclmulqdq dtes64 monitor ds_cpl vmx est tm2 ssse3 sdbg fma cx16 xtpr pdcm pcid sse4_1 sse4_2 x2apic movbe popcnt tsc_deadline_timer aes xsave avx f16c rdrand lahf_lm abm 3dnowprefetch cpuid_fault epb invpcid_single pti ssbd ibrs ibpb stibp tpr_shadow vnmi flexpriority ept vpid ept_ad fsgsbase tsc_adjust bmi1 hle avx2 smep bmi2 erms invpcid rtm mpx rdseed adx smap clflushopt intel_pt xsaveopt xsavec xgetbv1 xsaves dtherm arat pln pts hwp hwp_notify hwp_act_window hwp_epp flush_l1d
bugs		: cpu_meltdown spectre_v1 spectre_v2 spec_store_bypass l1tf
bogomips	: 4608.00
clflush size	: 64
cache_alignment	: 64
address sizes	: 39 bits physical, 48 bits virtual
power management:

processor	: 2
vendor_id	: GenuineIntel
cpu family	: 6
model		: 78
model name	: Intel(R) Core(TM) i3-6100U CPU @ 2.30GHz
stepping	: 3
microcode	: 0xc6
cpu MHz		: 640.935
cache size	: 3072 KB
physical id	: 0
siblings	: 4
core id		: 0
cpu cores	: 2
apicid		: 1
initial apicid	: 1
fpu		: yes
fpu_exception	: yes
cpuid level	: 22
wp		: yes
flags		: fpu vme de pse tsc msr pae mce cx8 apic sep mtrr pge mca cmov pat pse36 clflush dts acpi mmx fxsr sse sse2 ss ht tm pbe syscall nx pdpe1gb rdtscp lm constant_tsc art arch_perfmon pebs bts rep_good nopl xtopology nonstop_tsc cpuid aperfmperf tsc_known_freq pni pclmulqdq dtes64 monitor ds_cpl vmx est tm2 ssse3 sdbg fma cx16 xtpr pdcm pcid sse4_1 sse4_2 x2apic movbe popcnt tsc_deadline_timer aes xsave avx f16c rdrand lahf_lm abm 3dnowprefetch cpuid_fault epb invpcid_single pti ssbd ibrs ibpb stibp tpr_shadow vnmi flexpriority ept vpid ept_ad fsgsbase tsc_adjust bmi1 hle avx2 smep bmi2 erms invpcid rtm mpx rdseed adx smap clflushopt intel_pt xsaveopt xsavec xgetbv1 xsaves dtherm arat pln pts hwp hwp_notify hwp_act_window hwp_epp flush_l1d
bugs		: cpu_meltdown spectre_v1 spectre_v2 spec_store_bypass l1tf
bogomips	: 4608.00
clflush size	: 64
cache_alignment	: 64
address sizes	: 39 bits physical, 48 bits virtual
power management:

processor	: 3
vendor_id	: GenuineIntel
cpu family	: 6
model		: 78
model name	: Intel(R) Core(TM) i3-6100U CPU @ 2.30GHz
stepping	: 3
microcode	: 0xc6
cpu MHz		: 723.759
cache size	: 3072 KB
physical id	: 0
siblings	: 4
core id		: 1
cpu cores	: 2
apicid		: 3
initial apicid	: 3
fpu		: yes
fpu_exception	: yes
cpuid level	: 22
wp		: yes
flags		: fpu vme de pse tsc msr pae mce cx8 apic sep mtrr pge mca cmov pat pse36 clflush dts acpi mmx fxsr sse sse2 ss ht tm pbe syscall nx pdpe1gb rdtscp lm constant_tsc art arch_perfmon pebs bts rep_good nopl xtopology nonstop_tsc cpuid aperfmperf tsc_known_freq pni pclmulqdq dtes64 monitor ds_cpl vmx est tm2 ssse3 sdbg fma cx16 xtpr pdcm pcid sse4_1 sse4_2 x2apic movbe popcnt tsc_deadline_timer aes xsave avx f16c rdrand lahf_lm abm 3dnowprefetch cpuid_fault epb invpcid_single pti ssbd ibrs ibpb stibp tpr_shadow vnmi flexpriority ept vpid ept_ad fsgsbase tsc_adjust bmi1 hle avx2 smep bmi2 erms invpcid rtm mpx rdseed adx smap clflushopt intel_pt xsaveopt xsavec xgetbv1 xsaves dtherm arat pln pts hwp hwp_notify hwp_act_window hwp_epp flush_l1d
bugs		: cpu_meltdown spectre_v1 spectre_v2 spec_store_bypass l1tf
bogomips	: 4608.00
clflush size	: 64
cache_alignment	: 64
address sizes	: 39 bits physical, 48 bits virtual
power management:



Memory: 4k page, physical 3900032k(2602336k free), swap 1358976k(1304856k free)

vm_info: OpenJDK 64-Bit Server VM (25.141-b15) for linux-amd64 JRE (1.8.0_141-BLFS-b15), built on Jul 31 2017 19:13:20 by "pierre" with gcc 7.1.0

time: Wed May  8 22:41:11 2019
elapsed time: 15773 seconds (0d 4h 22m 53s)

