#
# A fatal error has been detected by the Java Runtime Environment:
#
#  SIGSEGV (0xb) at pc=0x00007ff2cd06977a, pid=2381, tid=0x00007ff2bc187700
#
# JRE version: OpenJDK Runtime Environment (8.0_141-b15) (build 1.8.0_141-BLFS-b15)
# Java VM: OpenJDK 64-Bit Server VM (25.141-b15 mixed mode linux-amd64 compressed oops)
# Problematic frame:
# v  ~BufferBlob::jni_fast_GetLongField
#
# Failed to write core dump. Core dumps have been disabled. To enable core dumping, try "ulimit -c unlimited" before starting Java again
#
# If you would like to submit a bug report, please visit:
#   http://bugreport.java.com/bugreport/crash.jsp
# The crash happened outside the Java Virtual Machine in native code.
# See problematic frame for where to report the bug.
#

---------------  T H R E A D  ---------------

Current thread (0x00007ff2900f0800):  JavaThread "AWT-XAWT" daemon [_thread_in_native, id=2577, stack(0x00007ff2bc087000,0x00007ff2bc188000)]

siginfo: si_signo: 11 (SIGSEGV), si_code: 1 (SEGV_MAPERR), si_addr: 0x0000000000000000

Registers:
RAX=0x00007ff2e2fbef60, RBX=0x00007ff2900f09e0, RCX=0x0000000000000001, RDX=0x0000000000000042
RSP=0x00007ff2bc1867f8, RBP=0x00007ff2bc186820, RSI=0x0000000000000000, RDI=0x00007ff2900f09e0
R8 =0x00007ff2bcd0f050, R9 =0x0000000000000000, R10=0x00000000000003b4, R11=0x00007ff2cd389318
R12=0x0000000000000000, R13=0x0000000000000000, R14=0x00007ff2c4334ae0, R15=0x00007ff2900f0800
RIP=0x00007ff2cd06977a, EFLAGS=0x0000000000010246, CSGSFS=0x002b000000000033, ERR=0x0000000000000004
  TRAPNO=0x000000000000000e

Top of Stack: (sp=0x00007ff2bc1867f8)
0x00007ff2bc1867f8:   00007ff2c4112624 00007ff2e074c228
0x00007ff2bc186808:   0000000000000000 00007ff2bc1868d0
0x00007ff2bc186818:   00007ff2bc1868a0 00007ff27438f900
0x00007ff2bc186828:   00007ff2bcd173ad 00007ff2e074c228
0x00007ff2bc186838:   00007ff2bc186860 0000000000000000
0x00007ff2bc186848:   00007ff2bcd0f073 00007ff2bc1868d0
0x00007ff2bc186858:   00007ff2c410aa8f 00007ff2bc1868b0
0x00007ff2bc186868:   00007ff2cd3893b6 0000000000000000
0x00007ff2bc186878:   00007ff2cd2465f6 00007ff2bc1868d0
0x00007ff2bc186888:   00007ff2cd1709ac 00000000c04a91f8
0x00007ff2bc186898:   00007ff2cd342f34 00000000c0000bf0
0x00007ff2bc1868a8:   00000000c04a92d0 00007ff2bc186930
0x00007ff2bc1868b8:   00007ff2cd0077d0 00007ff2bc186930
0x00007ff2bc1868c8:   00007ff2cd0077d0 0000000000000000
0x00007ff2bc1868d8:   00007ff2cd007b10 00007ff280001100
0x00007ff2bc1868e8:   00000000c04a91f8 00007ff2bc1868f0
0x00007ff2bc1868f8:   00007ff2e06b4334 00007ff2bc186978
0x00007ff2bc186908:   00007ff2e0710c28 0000000000000000
0x00007ff2bc186918:   00007ff2e06b4470 00007ff2bc1868d0
0x00007ff2bc186928:   00007ff2bc186970 00007ff2bc1869c0
0x00007ff2bc186938:   00007ff2cd007ffd 0000000000000000
0x00007ff2bc186948:   00000000ebc00510 0000000000000000
0x00007ff2bc186958:   0000000000000000 0000000000000000
0x00007ff2bc186968:   00000000c04a91f8 0000000000000000
0x00007ff2bc186978:   00000000c03db930 00007ff2bc186980
0x00007ff2bc186988:   00007ff2e06b4175 00007ff2bc1869d0
0x00007ff2bc186998:   00007ff2e0710c28 0000000000000000
0x00007ff2bc1869a8:   00007ff2e06b4180 00007ff2bc186970
0x00007ff2bc1869b8:   00007ff2bc1869d0 00007ff2bc186a18
0x00007ff2bc1869c8:   00007ff2cd008042 00000000c03db930
0x00007ff2bc1869d8:   00007ff2bc1869d8 00007ff2e02fa4b3
0x00007ff2bc1869e8:   00007ff2bc186a28 00007ff2e0381020 

Instructions: (pc=0x00007ff2cd06977a)
0x00007ff2cd06975a:   00 00 00 00 00 00 44 8b 15 cd 22 f8 15 4c 8b ce
0x00007ff2cd06976a:   41 f6 c2 01 0f 85 2e 00 00 00 4d 33 ca 4d 33 ca
0x00007ff2cd06977a:   4d 8b 09 4c 8b da 49 c1 eb 02 4b 8b 04 19 49 bb
0x00007ff2cd06978a:   34 ba fe e2 f2 7f 00 00 4c 33 d8 4c 33 d8 45 3b 

Register to memory mapping:

RAX=0x00007ff2e2fbef60: <offset 0xf0df60> in /opt/xdman/jre/lib/amd64/server/libjvm.so at 0x00007ff2e20b1000
RBX=0x00007ff2900f09e0 is an unknown value
RCX=0x0000000000000001 is an unknown value
RDX=0x0000000000000042 is an unknown value
RSP=0x00007ff2bc1867f8 is pointing into the stack for thread: 0x00007ff2900f0800
RBP=0x00007ff2bc186820 is pointing into the stack for thread: 0x00007ff2900f0800
RSI=0x0000000000000000 is an unknown value
RDI=0x00007ff2900f09e0 is an unknown value
R8 =0x00007ff2bcd0f050: <offset 0x5c050> in /lib/x86_64-linux-gnu/libX11.so.6 at 0x00007ff2bccb3000
R9 =0x0000000000000000 is an unknown value
R10=0x00000000000003b4 is an unknown value
R11=0x00007ff2cd389318 is at entry_point+24 in (nmethod*)0x00007ff2cd389190
R12=0x0000000000000000 is an unknown value
R13=0x0000000000000000 is an unknown value
R14=0x00007ff2c4334ae0: <offset 0x255ae0> in /opt/xdman/jre/lib/amd64/libawt_xawt.so at 0x00007ff2c40df000
R15=0x00007ff2900f0800 is a thread


Stack: [0x00007ff2bc087000,0x00007ff2bc188000],  sp=0x00007ff2bc1867f8,  free space=1021k
Native frames: (J=compiled Java code, j=interpreted, Vv=VM code, C=native code)
v  ~BufferBlob::jni_fast_GetLongField
C  [libX11.so.6+0x643ad]  _XimServerDestroy+0x3d

Java frames: (J=compiled Java code, j=interpreted, Vv=VM code)
J 1058  sun.awt.X11.XlibWrapper.XFilterEvent(JJ)Z (0 bytes) @ 0x00007ff2cd389344 [0x00007ff2cd389300+0x44]
j  sun.awt.X11.XToolkit.run(Z)V+300
j  sun.awt.X11.XToolkit.run()V+5
j  java.lang.Thread.run()V+11
v  ~StubRoutines::call_stub

---------------  P R O C E S S  ---------------

Java Threads: ( => current thread )
  0x00007ff264002800 JavaThread "Thread-5" [_thread_blocked, id=7090, stack(0x00007ff28a4ea000,0x00007ff28a5eb000)]
  0x00007ff274397000 JavaThread "TimerQueue" daemon [_thread_blocked, id=7088, stack(0x00007ff28a6ec000,0x00007ff28a7ed000)]
  0x00007ff270035800 JavaThread "AWT-EventQueue-0" [_thread_blocked, id=7069, stack(0x00007ff28b3b4000,0x00007ff28b4b5000)]
  0x00007ff270034800 JavaThread "AWT-Shutdown" [_thread_blocked, id=7068, stack(0x00007ff28b7ba000,0x00007ff28b8bb000)]
  0x00007ff290155800 JavaThread "Thread-1" [_thread_blocked, id=2580, stack(0x00007ff28bcf9000,0x00007ff28bdfa000)]
=>0x00007ff2900f0800 JavaThread "AWT-XAWT" daemon [_thread_in_native, id=2577, stack(0x00007ff2bc087000,0x00007ff2bc188000)]
  0x00007ff2900cb000 JavaThread "Java2D Disposer" daemon [_thread_blocked, id=2576, stack(0x00007ff2bc188000,0x00007ff2bc289000)]
  0x00007ff2dc009800 JavaThread "DestroyJavaVM" [_thread_blocked, id=2437, stack(0x00007ff2e1e63000,0x00007ff2e1f63000)]
  0x00007ff2dc1dc000 JavaThread "Thread-0" [_thread_in_native, id=2574, stack(0x00007ff2c481a000,0x00007ff2c491b000)]
  0x00007ff2dc198800 JavaThread "Service Thread" daemon [_thread_blocked, id=2561, stack(0x00007ff2c4a1c000,0x00007ff2c4b1d000)]
  0x00007ff2dc183800 JavaThread "C1 CompilerThread2" daemon [_thread_blocked, id=2560, stack(0x00007ff2c4b1e000,0x00007ff2c4c1e000)]
  0x00007ff2dc181800 JavaThread "C2 CompilerThread1" daemon [_thread_blocked, id=2559, stack(0x00007ff2c4c1f000,0x00007ff2c4d1f000)]
  0x00007ff2dc17e800 JavaThread "C2 CompilerThread0" daemon [_thread_blocked, id=2558, stack(0x00007ff2c4d20000,0x00007ff2c4e20000)]
  0x00007ff2dc17d000 JavaThread "Signal Dispatcher" daemon [_thread_blocked, id=2557, stack(0x00007ff2c4e20000,0x00007ff2c4f21000)]
  0x00007ff2dc149800 JavaThread "Finalizer" daemon [_thread_blocked, id=2550, stack(0x00007ff2c5cfd000,0x00007ff2c5dfe000)]
  0x00007ff2dc145000 JavaThread "Reference Handler" daemon [_thread_blocked, id=2549, stack(0x00007ff2c5dfe000,0x00007ff2c5eff000)]

Other Threads:
  0x00007ff2dc13d800 VMThread [stack: 0x00007ff2c5f00000,0x00007ff2c6000000] [id=2541]
  0x00007ff2dc19b000 WatcherThread [stack: 0x00007ff2c491c000,0x00007ff2c4a1c000] [id=2562]

VM state:not at safepoint (normal execution)

VM Mutex/Monitor currently owned by a thread: None

Heap:
 PSYoungGen      total 16384K, used 8673K [0x00000000eab00000, 0x00000000ebc00000, 0x0000000100000000)
  eden space 15360K, 55% used [0x00000000eab00000,0x00000000eb3607e0,0x00000000eba00000)
  from space 1024K, 9% used [0x00000000eba00000,0x00000000eba18000,0x00000000ebb00000)
  to   space 1024K, 0% used [0x00000000ebb00000,0x00000000ebb00000,0x00000000ebc00000)
 ParOldGen       total 40960K, used 6540K [0x00000000c0000000, 0x00000000c2800000, 0x00000000eab00000)
  object space 40960K, 15% used [0x00000000c0000000,0x00000000c0663050,0x00000000c2800000)
 Metaspace       used 18753K, capacity 18994K, committed 19456K, reserved 1067008K
  class space    used 2107K, capacity 2188K, committed 2304K, reserved 1048576K

Card table byte_map: [0x00007ff2e1227000,0x00007ff2e1428000] byte_map_base: 0x00007ff2e0c27000

Marking Bits: (ParMarkBitMap*) 0x00007ff2e2feb120
 Begin Bits: [0x00007ff2c6000000, 0x00007ff2c7000000)
 End Bits:   [0x00007ff2c7000000, 0x00007ff2c8000000)

Polling page: 0x00007ff2e345c000

CodeCache: size=245760Kb used=8131Kb max_used=8136Kb free=237628Kb
 bounds [0x00007ff2cd000000, 0x00007ff2cd810000, 0x00007ff2dc000000]
 total_blobs=2783 nmethods=2163 adapters=533
 compilation: enabled

Compilation events (10 events):
Event: 18179,939 Thread 0x00007ff2dc183800 2542   !   3       sun.awt.X11.XWM::getWMID (396 bytes)
Event: 18180,622 Thread 0x00007ff2dc183800 nmethod 2542 0x00007ff2cd7fc0d0 code [0x00007ff2cd7fc820, 0x00007ff2cd800f68]
Event: 18187,640 Thread 0x00007ff2dc17e800 2543   !   4       xdman.network.KeepAliveConnectionCache::scavengeCache (170 bytes)
Event: 18187,767 Thread 0x00007ff2dc17e800 nmethod 2543 0x00007ff2cd7e0750 code [0x00007ff2cd7e0940, 0x00007ff2cd7e1160]
Event: 18240,331 Thread 0x00007ff2dc183800 2544       3       sun.font.FontDesignMetrics$MetricsKey::equals (49 bytes)
Event: 18240,333 Thread 0x00007ff2dc183800 nmethod 2544 0x00007ff2cd4c0f10 code [0x00007ff2cd4c10c0, 0x00007ff2cd4c16d8]
Event: 18240,491 Thread 0x00007ff2dc183800 2546   !   3       java.awt.AWTEvent::dispatched (47 bytes)
Event: 18240,493 Thread 0x00007ff2dc183800 nmethod 2546 0x00007ff2cd7df790 code [0x00007ff2cd7df980, 0x00007ff2cd7e03b8]
Event: 18240,508 Thread 0x00007ff2dc183800 2547       3       sun.font.CompositeFont::getMapper (24 bytes)
Event: 18240,509 Thread 0x00007ff2dc183800 nmethod 2547 0x00007ff2cd1fbe10 code [0x00007ff2cd1fbf80, 0x00007ff2cd1fc1e8]

GC Heap History (10 events):
Event: 17532,148 GC heap before
{Heap before GC invocations=51 (full 0):
 PSYoungGen      total 16384K, used 15456K [0x00000000eab00000, 0x00000000ebc00000, 0x0000000100000000)
  eden space 15360K, 100% used [0x00000000eab00000,0x00000000eba00000,0x00000000eba00000)
  from space 1024K, 9% used [0x00000000ebb00000,0x00000000ebb18000,0x00000000ebc00000)
  to   space 1024K, 0% used [0x00000000eba00000,0x00000000eba00000,0x00000000ebb00000)
 ParOldGen       total 40960K, used 6516K [0x00000000c0000000, 0x00000000c2800000, 0x00000000eab00000)
  object space 40960K, 15% used [0x00000000c0000000,0x00000000c065d050,0x00000000c2800000)
 Metaspace       used 18722K, capacity 18994K, committed 19456K, reserved 1067008K
  class space    used 2107K, capacity 2188K, committed 2304K, reserved 1048576K
Event: 17532,151 GC heap after
Heap after GC invocations=51 (full 0):
 PSYoungGen      total 16384K, used 64K [0x00000000eab00000, 0x00000000ebc00000, 0x0000000100000000)
  eden space 15360K, 0% used [0x00000000eab00000,0x00000000eab00000,0x00000000eba00000)
  from space 1024K, 6% used [0x00000000eba00000,0x00000000eba10000,0x00000000ebb00000)
  to   space 1024K, 0% used [0x00000000ebb00000,0x00000000ebb00000,0x00000000ebc00000)
 ParOldGen       total 40960K, used 6524K [0x00000000c0000000, 0x00000000c2800000, 0x00000000eab00000)
  object space 40960K, 15% used [0x00000000c0000000,0x00000000c065f050,0x00000000c2800000)
 Metaspace       used 18722K, capacity 18994K, committed 19456K, reserved 1067008K
  class space    used 2107K, capacity 2188K, committed 2304K, reserved 1048576K
}
Event: 17700,204 GC heap before
{Heap before GC invocations=52 (full 0):
 PSYoungGen      total 16384K, used 15424K [0x00000000eab00000, 0x00000000ebc00000, 0x0000000100000000)
  eden space 15360K, 100% used [0x00000000eab00000,0x00000000eba00000,0x00000000eba00000)
  from space 1024K, 6% used [0x00000000eba00000,0x00000000eba10000,0x00000000ebb00000)
  to   space 1024K, 0% used [0x00000000ebb00000,0x00000000ebb00000,0x00000000ebc00000)
 ParOldGen       total 40960K, used 6524K [0x00000000c0000000, 0x00000000c2800000, 0x00000000eab00000)
  object space 40960K, 15% used [0x00000000c0000000,0x00000000c065f050,0x00000000c2800000)
 Metaspace       used 18722K, capacity 18994K, committed 19456K, reserved 1067008K
  class space    used 2107K, capacity 2188K, committed 2304K, reserved 1048576K
Event: 17700,206 GC heap after
Heap after GC invocations=52 (full 0):
 PSYoungGen      total 16384K, used 128K [0x00000000eab00000, 0x00000000ebc00000, 0x0000000100000000)
  eden space 15360K, 0% used [0x00000000eab00000,0x00000000eab00000,0x00000000eba00000)
  from space 1024K, 12% used [0x00000000ebb00000,0x00000000ebb20000,0x00000000ebc00000)
  to   space 1024K, 0% used [0x00000000eba00000,0x00000000eba00000,0x00000000ebb00000)
 ParOldGen       total 40960K, used 6524K [0x00000000c0000000, 0x00000000c2800000, 0x00000000eab00000)
  object space 40960K, 15% used [0x00000000c0000000,0x00000000c065f050,0x00000000c2800000)
 Metaspace       used 18722K, capacity 18994K, committed 19456K, reserved 1067008K
  class space    used 2107K, capacity 2188K, committed 2304K, reserved 1048576K
}
Event: 17869,261 GC heap before
{Heap before GC invocations=53 (full 0):
 PSYoungGen      total 16384K, used 15488K [0x00000000eab00000, 0x00000000ebc00000, 0x0000000100000000)
  eden space 15360K, 100% used [0x00000000eab00000,0x00000000eba00000,0x00000000eba00000)
  from space 1024K, 12% used [0x00000000ebb00000,0x00000000ebb20000,0x00000000ebc00000)
  to   space 1024K, 0% used [0x00000000eba00000,0x00000000eba00000,0x00000000ebb00000)
 ParOldGen       total 40960K, used 6524K [0x00000000c0000000, 0x00000000c2800000, 0x00000000eab00000)
  object space 40960K, 15% used [0x00000000c0000000,0x00000000c065f050,0x00000000c2800000)
 Metaspace       used 18724K, capacity 18994K, committed 19456K, reserved 1067008K
  class space    used 2107K, capacity 2188K, committed 2304K, reserved 1048576K
Event: 17869,263 GC heap after
Heap after GC invocations=53 (full 0):
 PSYoungGen      total 16384K, used 96K [0x00000000eab00000, 0x00000000ebc00000, 0x0000000100000000)
  eden space 15360K, 0% used [0x00000000eab00000,0x00000000eab00000,0x00000000eba00000)
  from space 1024K, 9% used [0x00000000eba00000,0x00000000eba18000,0x00000000ebb00000)
  to   space 1024K, 0% used [0x00000000ebb00000,0x00000000ebb00000,0x00000000ebc00000)
 ParOldGen       total 40960K, used 6524K [0x00000000c0000000, 0x00000000c2800000, 0x00000000eab00000)
  object space 40960K, 15% used [0x00000000c0000000,0x00000000c065f050,0x00000000c2800000)
 Metaspace       used 18724K, capacity 18994K, committed 19456K, reserved 1067008K
  class space    used 2107K, capacity 2188K, committed 2304K, reserved 1048576K
}
Event: 18038,314 GC heap before
{Heap before GC invocations=54 (full 0):
 PSYoungGen      total 16384K, used 15456K [0x00000000eab00000, 0x00000000ebc00000, 0x0000000100000000)
  eden space 15360K, 100% used [0x00000000eab00000,0x00000000eba00000,0x00000000eba00000)
  from space 1024K, 9% used [0x00000000eba00000,0x00000000eba18000,0x00000000ebb00000)
  to   space 1024K, 0% used [0x00000000ebb00000,0x00000000ebb00000,0x00000000ebc00000)
 ParOldGen       total 40960K, used 6524K [0x00000000c0000000, 0x00000000c2800000, 0x00000000eab00000)
  object space 40960K, 15% used [0x00000000c0000000,0x00000000c065f050,0x00000000c2800000)
 Metaspace       used 18724K, capacity 18994K, committed 19456K, reserved 1067008K
  class space    used 2107K, capacity 2188K, committed 2304K, reserved 1048576K
Event: 18038,316 GC heap after
Heap after GC invocations=54 (full 0):
 PSYoungGen      total 16384K, used 96K [0x00000000eab00000, 0x00000000ebc00000, 0x0000000100000000)
  eden space 15360K, 0% used [0x00000000eab00000,0x00000000eab00000,0x00000000eba00000)
  from space 1024K, 9% used [0x00000000ebb00000,0x00000000ebb18000,0x00000000ebc00000)
  to   space 1024K, 0% used [0x00000000eba00000,0x00000000eba00000,0x00000000ebb00000)
 ParOldGen       total 40960K, used 6532K [0x00000000c0000000, 0x00000000c2800000, 0x00000000eab00000)
  object space 40960K, 15% used [0x00000000c0000000,0x00000000c0661050,0x00000000c2800000)
 Metaspace       used 18724K, capacity 18994K, committed 19456K, reserved 1067008K
  class space    used 2107K, capacity 2188K, committed 2304K, reserved 1048576K
}
Event: 18207,460 GC heap before
{Heap before GC invocations=55 (full 0):
 PSYoungGen      total 16384K, used 15456K [0x00000000eab00000, 0x00000000ebc00000, 0x0000000100000000)
  eden space 15360K, 100% used [0x00000000eab00000,0x00000000eba00000,0x00000000eba00000)
  from space 1024K, 9% used [0x00000000ebb00000,0x00000000ebb18000,0x00000000ebc00000)
  to   space 1024K, 0% used [0x00000000eba00000,0x00000000eba00000,0x00000000ebb00000)
 ParOldGen       total 40960K, used 6532K [0x00000000c0000000, 0x00000000c2800000, 0x00000000eab00000)
  object space 40960K, 15% used [0x00000000c0000000,0x00000000c0661050,0x00000000c2800000)
 Metaspace       used 18744K, capacity 18994K, committed 19456K, reserved 1067008K
  class space    used 2107K, capacity 2188K, committed 2304K, reserved 1048576K
Event: 18207,468 GC heap after
Heap after GC invocations=55 (full 0):
 PSYoungGen      total 16384K, used 96K [0x00000000eab00000, 0x00000000ebc00000, 0x0000000100000000)
  eden space 15360K, 0% used [0x00000000eab00000,0x00000000eab00000,0x00000000eba00000)
  from space 1024K, 9% used [0x00000000eba00000,0x00000000eba18000,0x00000000ebb00000)
  to   space 1024K, 0% used [0x00000000ebb00000,0x00000000ebb00000,0x00000000ebc00000)
 ParOldGen       total 40960K, used 6540K [0x00000000c0000000, 0x00000000c2800000, 0x00000000eab00000)
  object space 40960K, 15% used [0x00000000c0000000,0x00000000c0663050,0x00000000c2800000)
 Metaspace       used 18744K, capacity 18994K, committed 19456K, reserved 1067008K
  class space    used 2107K, capacity 2188K, committed 2304K, reserved 1048576K
}

Deoptimization events (10 events):
Event: 15351,237 Thread 0x00007ff2900d9800 Uncommon trap: reason=unstable_if action=reinterpret pc=0x00007ff2cd4b0d80 method=java.lang.Integer.getChars(II[C)V @ 7
Event: 15444,776 Thread 0x00007ff2900d9800 Uncommon trap: reason=class_check action=maybe_recompile pc=0x00007ff2cd2d5ed4 method=java.lang.AbstractStringBuilder.append(Ljava/lang/CharSequence;)Ljava/lang/AbstractStringBuilder; @ 10
Event: 15444,776 Thread 0x00007ff2900d9800 Uncommon trap: reason=class_check action=maybe_recompile pc=0x00007ff2cd2d5ed4 method=java.lang.AbstractStringBuilder.append(Ljava/lang/CharSequence;)Ljava/lang/AbstractStringBuilder; @ 10
Event: 15444,776 Thread 0x00007ff2900d9800 Uncommon trap: reason=class_check action=maybe_recompile pc=0x00007ff2cd2d5ed4 method=java.lang.AbstractStringBuilder.append(Ljava/lang/CharSequence;)Ljava/lang/AbstractStringBuilder; @ 10
Event: 15444,776 Thread 0x00007ff2900d9800 Uncommon trap: reason=class_check action=maybe_recompile pc=0x00007ff2cd2d5ed4 method=java.lang.AbstractStringBuilder.append(Ljava/lang/CharSequence;)Ljava/lang/AbstractStringBuilder; @ 10
Event: 17658,205 Thread 0x00007ff2900e8800 Uncommon trap: reason=predicate action=maybe_recompile pc=0x00007ff2cd7d97ac method=java.util.AbstractCollection.toArray([Ljava/lang/Object;)[Ljava/lang/Object; @ 49
Event: 17788,236 Thread 0x00007ff2900e8800 Uncommon trap: reason=array_check action=maybe_recompile pc=0x00007ff2cd7e5794 method=java.util.AbstractCollection.toArray([Ljava/lang/Object;)[Ljava/lang/Object; @ 119
Event: 17789,235 Thread 0x00007ff2900d9800 Uncommon trap: reason=array_check action=maybe_recompile pc=0x00007ff2cd7e5794 method=java.util.AbstractCollection.toArray([Ljava/lang/Object;)[Ljava/lang/Object; @ 119
Event: 17790,236 Thread 0x00007ff2900e8800 Uncommon trap: reason=array_check action=maybe_recompile pc=0x00007ff2cd7e5794 method=java.util.AbstractCollection.toArray([Ljava/lang/Object;)[Ljava/lang/Object; @ 119
Event: 17791,237 Thread 0x00007ff2900d9800 Uncommon trap: reason=array_check action=maybe_recompile pc=0x00007ff2cd7e5794 method=java.util.AbstractCollection.toArray([Ljava/lang/Object;)[Ljava/lang/Object; @ 119

Internal exceptions (10 events):
Event: 7432,420 Thread 0x00007ff270035800 Implicit null exception at 0x00007ff2cd38a208 to 0x00007ff2cd38a2e5
Event: 7432,420 Thread 0x00007ff270035800 Implicit null exception at 0x00007ff2cd36444c to 0x00007ff2cd364525
Event: 7432,755 Thread 0x00007ff270035800 Exception <a 'java/lang/UnsupportedOperationException': > (0x00000000ead636b8) thrown at [/sources/openjdk/jdk8u-jdk8u141-b15/hotspot/src/share/vm/prims/jni.cpp, line 735]
Event: 7434,533 Thread 0x00007ff270035800 Exception <a 'java/lang/UnsupportedOperationException': > (0x00000000eaf32f20) thrown at [/sources/openjdk/jdk8u-jdk8u141-b15/hotspot/src/share/vm/prims/jni.cpp, line 735]
Event: 7975,731 Thread 0x00007ff268012800 Implicit null exception at 0x00007ff2cd6d9216 to 0x00007ff2cd6da659
Event: 7975,731 Thread 0x00007ff268012800 Implicit null exception at 0x00007ff2cd1ccf0f to 0x00007ff2cd1cd0c4
Event: 7975,731 Thread 0x00007ff268012800 Implicit null exception at 0x00007ff2cd6bf7c0 to 0x00007ff2cd6bfa4d
Event: 7977,822 Thread 0x00007ff27002b800 Implicit null exception at 0x00007ff2cd6c10d7 to 0x00007ff2cd6c1421
Event: 7988,365 Thread 0x00007ff270035800 Exception <a 'java/lang/UnsupportedOperationException': > (0x00000000eb9ec7c8) thrown at [/sources/openjdk/jdk8u-jdk8u141-b15/hotspot/src/share/vm/prims/jni.cpp, line 735]
Event: 15344,540 Thread 0x00007ff2900d9800 Implicit null exception at 0x00007ff2cd4eee96 to 0x00007ff2cd4f0389

Events (10 events):
Event: 18207,460 Executing VM operation: ParallelGCFailedAllocation
Event: 18207,468 Executing VM operation: ParallelGCFailedAllocation done
Event: 18301,338 Thread 0x00007ff290017000 Thread exited: 0x00007ff290017000
Event: 18301,338 Thread 0x00007ff290018000 Thread exited: 0x00007ff290018000
Event: 18301,338 Thread 0x00007ff290016800 Thread exited: 0x00007ff290016800
Event: 18301,338 Thread 0x00007ff290016000 Thread exited: 0x00007ff290016000
Event: 18301,406 Thread 0x00007ff2900d9800 Thread exited: 0x00007ff2900d9800
Event: 18301,406 Thread 0x00007ff2900e8800 Thread exited: 0x00007ff2900e8800
Event: 18315,936 loading class sun/awt/X11/XDestroyWindowEvent
Event: 18316,601 loading class sun/awt/X11/XDestroyWindowEvent done


Dynamic libraries:
00400000-00401000 r-xp 00000000 08:06 682638                             /opt/xdman/jre/bin/java
00600000-00601000 r--p 00000000 08:06 682638                             /opt/xdman/jre/bin/java
00601000-00602000 rw-p 00001000 08:06 682638                             /opt/xdman/jre/bin/java
00ec6000-00ee7000 rw-p 00000000 00:00 0                                  [heap]
c0000000-c2800000 rw-p 00000000 00:00 0 
c2800000-eab00000 ---p 00000000 00:00 0 
eab00000-ebc00000 rw-p 00000000 00:00 0 
ebc00000-100000000 ---p 00000000 00:00 0 
100000000-100240000 rw-p 00000000 00:00 0 
100240000-140000000 ---p 00000000 00:00 0 
7ff248000000-7ff248068000 rw-p 00000000 00:00 0 
7ff248068000-7ff24c000000 ---p 00000000 00:00 0 
7ff24c000000-7ff24c026000 rw-p 00000000 00:00 0 
7ff24c026000-7ff250000000 ---p 00000000 00:00 0 
7ff250000000-7ff250021000 rw-p 00000000 00:00 0 
7ff250021000-7ff254000000 ---p 00000000 00:00 0 
7ff254000000-7ff254021000 rw-p 00000000 00:00 0 
7ff254021000-7ff258000000 ---p 00000000 00:00 0 
7ff258000000-7ff258021000 rw-p 00000000 00:00 0 
7ff258021000-7ff25c000000 ---p 00000000 00:00 0 
7ff25c000000-7ff25c02b000 rw-p 00000000 00:00 0 
7ff25c02b000-7ff260000000 ---p 00000000 00:00 0 
7ff260000000-7ff260021000 rw-p 00000000 00:00 0 
7ff260021000-7ff264000000 ---p 00000000 00:00 0 
7ff264000000-7ff264060000 rw-p 00000000 00:00 0 
7ff264060000-7ff268000000 ---p 00000000 00:00 0 
7ff268000000-7ff268021000 rw-p 00000000 00:00 0 
7ff268021000-7ff26c000000 ---p 00000000 00:00 0 
7ff26c000000-7ff26c021000 rw-p 00000000 00:00 0 
7ff26c021000-7ff270000000 ---p 00000000 00:00 0 
7ff270000000-7ff270038000 rw-p 00000000 00:00 0 
7ff270038000-7ff274000000 ---p 00000000 00:00 0 
7ff274000000-7ff2743c9000 rw-p 00000000 00:00 0 
7ff2743c9000-7ff278000000 ---p 00000000 00:00 0 
7ff278000000-7ff27828a000 rw-p 00000000 00:00 0 
7ff27828a000-7ff27c000000 ---p 00000000 00:00 0 
7ff27c000000-7ff27c021000 rw-p 00000000 00:00 0 
7ff27c021000-7ff280000000 ---p 00000000 00:00 0 
7ff280000000-7ff280035000 rw-p 00000000 00:00 0 
7ff280035000-7ff284000000 ---p 00000000 00:00 0 
7ff284000000-7ff284021000 rw-p 00000000 00:00 0 
7ff284021000-7ff288000000 ---p 00000000 00:00 0 
7ff289bac000-7ff289baf000 ---p 00000000 00:00 0 
7ff289baf000-7ff289be5000 rw-p 00000000 00:00 0 
7ff289be5000-7ff289be8000 ---p 00000000 00:00 0 
7ff289be8000-7ff289da6000 rw-p 00000000 00:00 0 
7ff289da6000-7ff289ee9000 ---p 00000000 00:00 0 
7ff289ee9000-7ff289fe7000 rw-p 00000000 00:00 0 
7ff289fe7000-7ff289fea000 ---p 00000000 00:00 0 
7ff289fea000-7ff28a0e8000 rw-p 00000000 00:00 0 
7ff28a0e8000-7ff28a0eb000 ---p 00000000 00:00 0 
7ff28a0eb000-7ff28a1e9000 rw-p 00000000 00:00 0 
7ff28a1e9000-7ff28a1ec000 ---p 00000000 00:00 0 
7ff28a1ec000-7ff28a4ea000 rw-p 00000000 00:00 0 
7ff28a4ea000-7ff28a4ed000 ---p 00000000 00:00 0 
7ff28a4ed000-7ff28a5eb000 rw-p 00000000 00:00 0 
7ff28a5eb000-7ff28a5ee000 ---p 00000000 00:00 0 
7ff28a5ee000-7ff28a6ec000 rw-p 00000000 00:00 0 
7ff28a6ec000-7ff28a6ef000 ---p 00000000 00:00 0 
7ff28a6ef000-7ff28a7ed000 rw-p 00000000 00:00 0 
7ff28a7ed000-7ff28a7f0000 ---p 00000000 00:00 0 
7ff28a7f0000-7ff28a8ee000 rw-p 00000000 00:00 0 
7ff28a950000-7ff28ab50000 rw-p 00000000 00:00 0 
7ff28ab50000-7ff28ab60000 r-xp 00000000 08:06 682691                     /opt/xdman/jre/lib/amd64/libnio.so
7ff28ab60000-7ff28ad60000 ---p 00010000 08:06 682691                     /opt/xdman/jre/lib/amd64/libnio.so
7ff28ad60000-7ff28ad61000 r--p 00010000 08:06 682691                     /opt/xdman/jre/lib/amd64/libnio.so
7ff28ad61000-7ff28ad62000 rw-p 00011000 08:06 682691                     /opt/xdman/jre/lib/amd64/libnio.so
7ff28ad62000-7ff28ad6e000 r--s 00000000 08:06 1049625                    /var/cache/fontconfig/16c10a62-2c16-4498-84f9-58d0fb8ff0c5-le64.cache-7
7ff28ad6e000-7ff28ad74000 r--s 00000000 08:06 1049642                    /var/cache/fontconfig/641020d6-86c8-4da4-bb60-11dd55d20ba3-le64.cache-7
7ff28ad74000-7ff28ad75000 r--s 00000000 08:06 1049643                    /var/cache/fontconfig/66825bf9-dbba-4df4-81d5-fa5e2abc7725-le64.cache-7
7ff28ad75000-7ff28ad8b000 r--s 00000000 08:06 1049662                    /var/cache/fontconfig/99ec1b06-9d5b-423a-8997-091595463be5-le64.cache-7
7ff28ad8b000-7ff28ad8c000 r--s 00000000 08:06 1049634                    /var/cache/fontconfig/3fdae3f3-4d50-4ded-b68d-1177ae8689a5-le64.cache-7
7ff28ad8c000-7ff28ad8d000 r--s 00000000 08:06 1049674                    /var/cache/fontconfig/bd17fdfa-8e64-496a-84f2-0f10b8befa7d-le64.cache-7
7ff28ad8d000-7ff28ad8f000 r--s 00000000 08:06 1049635                    /var/cache/fontconfig/401f4fc1-ac11-4809-8acb-851060106f37-le64.cache-7
7ff28ad8f000-7ff28ad90000 r--s 00000000 08:06 1049682                    /var/cache/fontconfig/ee29ce4c-87ca-43dd-b0a7-c9aa8629f9c2-le64.cache-7
7ff28ad90000-7ff28ad92000 r--s 00000000 08:06 1049636                    /var/cache/fontconfig/472a3dcf-a050-4dda-abc7-9fff0c9cc838-le64.cache-7
7ff28ad92000-7ff28ad9e000 r--p 00000000 08:06 1317406                    /usr/lib/x86_64-linux-gnu/libfreetype.so.6.16.1
7ff28ad9e000-7ff28ae1b000 r-xp 0000c000 08:06 1317406                    /usr/lib/x86_64-linux-gnu/libfreetype.so.6.16.1
7ff28ae1b000-7ff28ae44000 r--p 00089000 08:06 1317406                    /usr/lib/x86_64-linux-gnu/libfreetype.so.6.16.1
7ff28ae44000-7ff28ae45000 ---p 000b2000 08:06 1317406                    /usr/lib/x86_64-linux-gnu/libfreetype.so.6.16.1
7ff28ae45000-7ff28ae4c000 r--p 000b2000 08:06 1317406                    /usr/lib/x86_64-linux-gnu/libfreetype.so.6.16.1
7ff28ae4c000-7ff28ae4d000 rw-p 000b9000 08:06 1317406                    /usr/lib/x86_64-linux-gnu/libfreetype.so.6.16.1
7ff28ae4d000-7ff28aeaf000 r-xp 00000000 08:06 682720                     /opt/xdman/jre/lib/amd64/libfontmanager.so
7ff28aeaf000-7ff28b0ae000 ---p 00062000 08:06 682720                     /opt/xdman/jre/lib/amd64/libfontmanager.so
7ff28b0ae000-7ff28b0b1000 r--p 00061000 08:06 682720                     /opt/xdman/jre/lib/amd64/libfontmanager.so
7ff28b0b1000-7ff28b0b2000 rw-p 00064000 08:06 682720                     /opt/xdman/jre/lib/amd64/libfontmanager.so
7ff28b0b2000-7ff28b2b3000 rw-p 00000000 00:00 0 
7ff28b2b3000-7ff28b2b6000 ---p 00000000 00:00 0 
7ff28b2b6000-7ff28b3b4000 rw-p 00000000 00:00 0 
7ff28b3b4000-7ff28b3b7000 ---p 00000000 00:00 0 
7ff28b3b7000-7ff28b4b5000 rw-p 00000000 00:00 0 
7ff28b4b5000-7ff28b4b8000 r-xp 00000000 08:06 1317897                    /usr/lib/x86_64-linux-gnu/libnss_mdns4_minimal.so.2
7ff28b4b8000-7ff28b6b7000 ---p 00003000 08:06 1317897                    /usr/lib/x86_64-linux-gnu/libnss_mdns4_minimal.so.2
7ff28b6b7000-7ff28b6b8000 r--p 00002000 08:06 1317897                    /usr/lib/x86_64-linux-gnu/libnss_mdns4_minimal.so.2
7ff28b6b8000-7ff28b6b9000 rw-p 00003000 08:06 1317897                    /usr/lib/x86_64-linux-gnu/libnss_mdns4_minimal.so.2
7ff28b6b9000-7ff28b6bc000 ---p 00000000 00:00 0 
7ff28b6bc000-7ff28b7ba000 rw-p 00000000 00:00 0 
7ff28b7ba000-7ff28b7bd000 ---p 00000000 00:00 0 
7ff28b7bd000-7ff28babb000 rw-p 00000000 00:00 0 
7ff28babb000-7ff28baf3000 r-xp 00000000 08:06 682718                     /opt/xdman/jre/lib/amd64/libsunec.so
7ff28baf3000-7ff28bcf2000 ---p 00038000 08:06 682718                     /opt/xdman/jre/lib/amd64/libsunec.so
7ff28bcf2000-7ff28bcf7000 r--p 00037000 08:06 682718                     /opt/xdman/jre/lib/amd64/libsunec.so
7ff28bcf7000-7ff28bcf9000 rw-p 0003c000 08:06 682718                     /opt/xdman/jre/lib/amd64/libsunec.so
7ff28bcf9000-7ff28bcfc000 ---p 00000000 00:00 0 
7ff28bcfc000-7ff28bdfa000 rw-p 00000000 00:00 0 
7ff28bdfa000-7ff28bdff000 r-xp 00000000 08:06 1316982                    /usr/lib/x86_64-linux-gnu/libXfixes.so.3.1.0
7ff28bdff000-7ff28bffe000 ---p 00005000 08:06 1316982                    /usr/lib/x86_64-linux-gnu/libXfixes.so.3.1.0
7ff28bffe000-7ff28bfff000 r--p 00004000 08:06 1316982                    /usr/lib/x86_64-linux-gnu/libXfixes.so.3.1.0
7ff28bfff000-7ff28c000000 rw-p 00005000 08:06 1316982                    /usr/lib/x86_64-linux-gnu/libXfixes.so.3.1.0
7ff28c000000-7ff28c021000 rw-p 00000000 00:00 0 
7ff28c021000-7ff290000000 ---p 00000000 00:00 0 
7ff290000000-7ff29040f000 rw-p 00000000 00:00 0 
7ff29040f000-7ff294000000 ---p 00000000 00:00 0 
7ff294000000-7ff294715000 rw-p 00000000 00:00 0 
7ff294715000-7ff298000000 ---p 00000000 00:00 0 
7ff298000000-7ff298021000 rw-p 00000000 00:00 0 
7ff298021000-7ff29c000000 ---p 00000000 00:00 0 
7ff29c000000-7ff29d226000 rw-p 00000000 00:00 0 
7ff29d226000-7ff2a0000000 ---p 00000000 00:00 0 
7ff2a0000000-7ff2a15ee000 rw-p 00000000 00:00 0 
7ff2a15ee000-7ff2a4000000 ---p 00000000 00:00 0 
7ff2a4000000-7ff2a4021000 rw-p 00000000 00:00 0 
7ff2a4021000-7ff2a8000000 ---p 00000000 00:00 0 
7ff2a8000000-7ff2a8021000 rw-p 00000000 00:00 0 
7ff2a8021000-7ff2ac000000 ---p 00000000 00:00 0 
7ff2ac000000-7ff2ac031000 rw-p 00000000 00:00 0 
7ff2ac031000-7ff2b0000000 ---p 00000000 00:00 0 
7ff2b0000000-7ff2b0021000 rw-p 00000000 00:00 0 
7ff2b0021000-7ff2b4000000 ---p 00000000 00:00 0 
7ff2b4000000-7ff2b4021000 rw-p 00000000 00:00 0 
7ff2b4021000-7ff2b8000000 ---p 00000000 00:00 0 
7ff2b8000000-7ff2b8021000 rw-p 00000000 00:00 0 
7ff2b8021000-7ff2bc000000 ---p 00000000 00:00 0 
7ff2bc000000-7ff2bc002000 r--s 00000000 08:06 1049631                    /var/cache/fontconfig/37637dc5-71d5-4ccb-8676-c1d99f2dbd19-le64.cache-7
7ff2bc002000-7ff2bc003000 r--s 00000000 08:06 1049641                    /var/cache/fontconfig/6315adcb-be4e-4054-8560-76a94cff3514-le64.cache-7
7ff2bc003000-7ff2bc005000 r--s 00000000 08:06 1049651                    /var/cache/fontconfig/788f9d0e-59ec-409e-9007-3f98b18a194d-le64.cache-7
7ff2bc005000-7ff2bc00a000 r--s 00000000 08:06 1049639                    /var/cache/fontconfig/5821dfb7-fed8-4474-80a0-1c038492bcfa-le64.cache-7
7ff2bc00a000-7ff2bc00b000 r--s 00000000 08:06 1049654                    /var/cache/fontconfig/84a63282-6ef6-4eaa-a2a5-086201780f67-le64.cache-7
7ff2bc00b000-7ff2bc00c000 r--s 00000000 08:06 1049668                    /var/cache/fontconfig/afe8b1ba-2f67-4f2f-bf90-a8c263e4fe07-le64.cache-7
7ff2bc00c000-7ff2bc00d000 r--s 00000000 08:06 1049638                    /var/cache/fontconfig/49e271b3-2ee2-4161-a80b-6213a854fa71-le64.cache-7
7ff2bc00d000-7ff2bc00e000 r--s 00000000 08:06 1049683                    /var/cache/fontconfig/f06c57f1-3cf7-4c45-b10a-b8899c000959-le64.cache-7
7ff2bc00e000-7ff2bc00f000 r--s 00000000 08:06 1049644                    /var/cache/fontconfig/6706e4f8-bee2-44b5-b4f8-0c158ca70b81-le64.cache-7
7ff2bc00f000-7ff2bc010000 r--s 00000000 08:06 1049645                    /var/cache/fontconfig/6832e0e1-9991-4d4f-88b4-cc6cc16d766c-le64.cache-7
7ff2bc010000-7ff2bc011000 r--s 00000000 08:06 1049688                    /var/cache/fontconfig/fed4b427-b9e3-4ba6-9371-d8e49a3985d0-le64.cache-7
7ff2bc011000-7ff2bc012000 r--s 00000000 08:06 1049676                    /var/cache/fontconfig/c54d1800-9926-47a7-8d5c-03c76c9603fa-le64.cache-7
7ff2bc012000-7ff2bc013000 r--s 00000000 08:06 1049673                    /var/cache/fontconfig/bbf697ae-c862-4e86-8b86-8b9b71224e41-le64.cache-7
7ff2bc013000-7ff2bc014000 r--s 00000000 08:06 1049681                    /var/cache/fontconfig/e678c742-ef3e-4792-8a2a-58af4cc87cd4-le64.cache-7
7ff2bc014000-7ff2bc015000 r--s 00000000 08:06 1049637                    /var/cache/fontconfig/4868f1db-3cd7-4cde-8e64-aa184098dbfa-le64.cache-7
7ff2bc015000-7ff2bc01a000 r--s 00000000 08:06 1049653                    /var/cache/fontconfig/7bc5a40e-7073-46fe-b50f-2594caae5f59-le64.cache-7
7ff2bc01a000-7ff2bc021000 r--s 00000000 08:06 1049675                    /var/cache/fontconfig/be1dc870-0062-49d7-9d4b-10f9a872b850-le64.cache-7
7ff2bc021000-7ff2bc022000 r--s 00000000 08:06 1049633                    /var/cache/fontconfig/3eaf1bf5-58b2-4974-a9de-3d93211b6d6b-le64.cache-7
7ff2bc022000-7ff2bc023000 r--s 00000000 08:06 1049647                    /var/cache/fontconfig/72c64a67-f5a8-49f7-9064-da6583d70c16-le64.cache-7
7ff2bc023000-7ff2bc029000 r--s 00000000 08:06 1049632                    /var/cache/fontconfig/3dd20bd4-aeca-4fe5-a68f-8d0560bdc91e-le64.cache-7
7ff2bc029000-7ff2bc03c000 r--s 00000000 08:06 1049650                    /var/cache/fontconfig/7828cbe0-fe3a-49a1-a547-3c5cc5f96c3a-le64.cache-7
7ff2bc03c000-7ff2bc040000 r--s 00000000 08:06 1049672                    /var/cache/fontconfig/ba86d2f6-925d-4c17-b242-4f7c45fa86d4-le64.cache-7
7ff2bc040000-7ff2bc041000 r--s 00000000 08:06 1049621                    /var/cache/fontconfig/05486d32-52be-48ea-9053-3153a326777e-le64.cache-7
7ff2bc041000-7ff2bc042000 r--s 00000000 08:06 1049658                    /var/cache/fontconfig/913b3f5e-465b-4000-a6db-c1cd04c7f40c-le64.cache-7
7ff2bc042000-7ff2bc043000 r--s 00000000 08:06 1049659                    /var/cache/fontconfig/91b3e866-7100-475c-ba70-43c044e03814-le64.cache-7
7ff2bc043000-7ff2bc044000 r--s 00000000 08:06 1049666                    /var/cache/fontconfig/a89b18ad-193f-47a3-a9bd-0ee9135fefec-le64.cache-7
7ff2bc044000-7ff2bc047000 r--s 00000000 08:06 1049686                    /var/cache/fontconfig/f4cbcb9e-3877-4cd2-a1c1-cd85a5ded368-le64.cache-7
7ff2bc047000-7ff2bc04a000 r--s 00000000 08:06 1049684                    /var/cache/fontconfig/f077a276-81fc-415e-9322-87bcbd74fc6f-le64.cache-7
7ff2bc082000-7ff2bc087000 rw-s 00000000 00:05 2523161                    /SYSV00000000 (deleted)
7ff2bc087000-7ff2bc08a000 ---p 00000000 00:00 0 
7ff2bc08a000-7ff2bc188000 rw-p 00000000 00:00 0 
7ff2bc188000-7ff2bc18b000 ---p 00000000 00:00 0 
7ff2bc18b000-7ff2bc289000 rw-p 00000000 00:00 0 
7ff2bc289000-7ff2bc28e000 r-xp 00000000 08:06 1316978                    /usr/lib/x86_64-linux-gnu/libXdmcp.so.6.0.0
7ff2bc28e000-7ff2bc48d000 ---p 00005000 08:06 1316978                    /usr/lib/x86_64-linux-gnu/libXdmcp.so.6.0.0
7ff2bc48d000-7ff2bc48e000 r--p 00004000 08:06 1316978                    /usr/lib/x86_64-linux-gnu/libXdmcp.so.6.0.0
7ff2bc48e000-7ff2bc48f000 rw-p 00005000 08:06 1316978                    /usr/lib/x86_64-linux-gnu/libXdmcp.so.6.0.0
7ff2bc48f000-7ff2bc491000 r-xp 00000000 08:06 1316967                    /usr/lib/x86_64-linux-gnu/libXau.so.6.0.0
7ff2bc491000-7ff2bc691000 ---p 00002000 08:06 1316967                    /usr/lib/x86_64-linux-gnu/libXau.so.6.0.0
7ff2bc691000-7ff2bc692000 r--p 00002000 08:06 1316967                    /usr/lib/x86_64-linux-gnu/libXau.so.6.0.0
7ff2bc692000-7ff2bc693000 rw-p 00003000 08:06 1316967                    /usr/lib/x86_64-linux-gnu/libXau.so.6.0.0
7ff2bc693000-7ff2bc6a2000 r-xp 00000000 08:06 1316988                    /usr/lib/x86_64-linux-gnu/libXi.so.6.1.0
7ff2bc6a2000-7ff2bc8a1000 ---p 0000f000 08:06 1316988                    /usr/lib/x86_64-linux-gnu/libXi.so.6.1.0
7ff2bc8a1000-7ff2bc8a2000 r--p 0000e000 08:06 1316988                    /usr/lib/x86_64-linux-gnu/libXi.so.6.1.0
7ff2bc8a2000-7ff2bc8a3000 rw-p 0000f000 08:06 1316988                    /usr/lib/x86_64-linux-gnu/libXi.so.6.1.0
7ff2bc8a3000-7ff2bc8a8000 r-xp 00000000 08:06 1317006                    /usr/lib/x86_64-linux-gnu/libXtst.so.6.1.0
7ff2bc8a8000-7ff2bcaa7000 ---p 00005000 08:06 1317006                    /usr/lib/x86_64-linux-gnu/libXtst.so.6.1.0
7ff2bcaa7000-7ff2bcaa8000 r--p 00004000 08:06 1317006                    /usr/lib/x86_64-linux-gnu/libXtst.so.6.1.0
7ff2bcaa8000-7ff2bcaa9000 rw-p 00005000 08:06 1317006                    /usr/lib/x86_64-linux-gnu/libXtst.so.6.1.0
7ff2bcaa9000-7ff2bcab2000 r-xp 00000000 08:06 1317000                    /usr/lib/x86_64-linux-gnu/libXrender.so.1.3.0
7ff2bcab2000-7ff2bccb1000 ---p 00009000 08:06 1317000                    /usr/lib/x86_64-linux-gnu/libXrender.so.1.3.0
7ff2bccb1000-7ff2bccb2000 r--p 00008000 08:06 1317000                    /usr/lib/x86_64-linux-gnu/libXrender.so.1.3.0
7ff2bccb2000-7ff2bccb3000 rw-p 00009000 08:06 1317000                    /usr/lib/x86_64-linux-gnu/libXrender.so.1.3.0
7ff2bccb3000-7ff2bcccb000 r--p 00000000 08:06 1316963                    /usr/lib/x86_64-linux-gnu/libX11.so.6.3.0
7ff2bcccb000-7ff2bcd53000 r-xp 00018000 08:06 1316963                    /usr/lib/x86_64-linux-gnu/libX11.so.6.3.0
7ff2bcd53000-7ff2bcde7000 r--p 000a0000 08:06 1316963                    /usr/lib/x86_64-linux-gnu/libX11.so.6.3.0
7ff2bcde7000-7ff2bcde8000 ---p 00134000 08:06 1316963                    /usr/lib/x86_64-linux-gnu/libX11.so.6.3.0
7ff2bcde8000-7ff2bcde9000 r--p 00134000 08:06 1316963                    /usr/lib/x86_64-linux-gnu/libX11.so.6.3.0
7ff2bcde9000-7ff2bcded000 rw-p 00135000 08:06 1316963                    /usr/lib/x86_64-linux-gnu/libX11.so.6.3.0
7ff2bcded000-7ff2bcdfe000 r-xp 00000000 08:06 1316980                    /usr/lib/x86_64-linux-gnu/libXext.so.6.4.0
7ff2bcdfe000-7ff2bcffd000 ---p 00011000 08:06 1316980                    /usr/lib/x86_64-linux-gnu/libXext.so.6.4.0
7ff2bcffd000-7ff2bcffe000 r--p 00010000 08:06 1316980                    /usr/lib/x86_64-linux-gnu/libXext.so.6.4.0
7ff2bcffe000-7ff2bcfff000 rw-p 00011000 08:06 1316980                    /usr/lib/x86_64-linux-gnu/libXext.so.6.4.0
7ff2bcfff000-7ff2c0000000 rw-p 00000000 00:00 0 
7ff2c0000000-7ff2c0021000 rw-p 00000000 00:00 0 
7ff2c0021000-7ff2c4000000 ---p 00000000 00:00 0 
7ff2c4000000-7ff2c4002000 r--s 00000000 08:06 1049685                    /var/cache/fontconfig/f3ea2f63-ce11-459f-9b36-8646c5b995a2-le64.cache-7
7ff2c4002000-7ff2c4003000 r--s 00000000 08:06 1049669                    /var/cache/fontconfig/b6e692c1-7c1d-4d83-8382-458cf908a362-le64.cache-7
7ff2c4003000-7ff2c400f000 r--s 00000000 08:06 1063241                    /var/cache/fontconfig/8fa9b7a2-12c7-4ec8-ba55-74b6f173fdb5-le64.cache-7
7ff2c4012000-7ff2c4017000 r--s 0003b000 08:06 682739                     /opt/xdman/jre/lib/ext/sunjce_provider.jar
7ff2c4017000-7ff2c401a000 ---p 00000000 00:00 0 
7ff2c401a000-7ff2c4050000 rw-p 00000000 00:00 0 
7ff2c4050000-7ff2c405a000 rw-s 00000000 00:05 2457624                    /SYSV00000000 (deleted)
7ff2c405e000-7ff2c4063000 r--p 00000000 08:06 1318008                    /usr/lib/x86_64-linux-gnu/libpng16.so.16.36.0
7ff2c4063000-7ff2c4087000 r-xp 00005000 08:06 1318008                    /usr/lib/x86_64-linux-gnu/libpng16.so.16.36.0
7ff2c4087000-7ff2c4093000 r--p 00029000 08:06 1318008                    /usr/lib/x86_64-linux-gnu/libpng16.so.16.36.0
7ff2c4093000-7ff2c4094000 r--p 00034000 08:06 1318008                    /usr/lib/x86_64-linux-gnu/libpng16.so.16.36.0
7ff2c4094000-7ff2c4095000 rw-p 00035000 08:06 1318008                    /usr/lib/x86_64-linux-gnu/libpng16.so.16.36.0
7ff2c4095000-7ff2c4099000 r--p 00000000 08:06 1318076                    /usr/lib/x86_64-linux-gnu/libresolv-2.29.so
7ff2c4099000-7ff2c40a8000 r-xp 00004000 08:06 1318076                    /usr/lib/x86_64-linux-gnu/libresolv-2.29.so
7ff2c40a8000-7ff2c40ab000 r--p 00013000 08:06 1318076                    /usr/lib/x86_64-linux-gnu/libresolv-2.29.so
7ff2c40ab000-7ff2c40ac000 ---p 00016000 08:06 1318076                    /usr/lib/x86_64-linux-gnu/libresolv-2.29.so
7ff2c40ac000-7ff2c40ad000 r--p 00016000 08:06 1318076                    /usr/lib/x86_64-linux-gnu/libresolv-2.29.so
7ff2c40ad000-7ff2c40ae000 rw-p 00017000 08:06 1318076                    /usr/lib/x86_64-linux-gnu/libresolv-2.29.so
7ff2c40ae000-7ff2c40b0000 rw-p 00000000 00:00 0 
7ff2c40b0000-7ff2c40b3000 r--p 00000000 08:06 1317420                    /usr/lib/x86_64-linux-gnu/libgcc_s.so.1
7ff2c40b3000-7ff2c40c4000 r-xp 00003000 08:06 1317420                    /usr/lib/x86_64-linux-gnu/libgcc_s.so.1
7ff2c40c4000-7ff2c40c8000 r--p 00014000 08:06 1317420                    /usr/lib/x86_64-linux-gnu/libgcc_s.so.1
7ff2c40c8000-7ff2c40c9000 r--p 00017000 08:06 1317420                    /usr/lib/x86_64-linux-gnu/libgcc_s.so.1
7ff2c40c9000-7ff2c40ca000 rw-p 00018000 08:06 1317420                    /usr/lib/x86_64-linux-gnu/libgcc_s.so.1
7ff2c40ca000-7ff2c40cb000 r--s 00000000 08:06 1049648                    /var/cache/fontconfig/72fc1dc1-7fc6-40ac-a391-3e1c7866fc6f-le64.cache-7
7ff2c40cb000-7ff2c40cc000 r--s 00000000 08:06 1049664                    /var/cache/fontconfig/a5e1d208-8bdb-469e-a233-1c3d41ee988b-le64.cache-7
7ff2c40cc000-7ff2c40cd000 r--s 00000000 08:06 1049656                    /var/cache/fontconfig/8ac00bbf-882e-4628-a187-402522ced783-le64.cache-7
7ff2c40cd000-7ff2c40dc000 r--s 00000000 08:06 1049649                    /var/cache/fontconfig/77f986b6-890b-40c3-ac66-84b285c0f1b0-le64.cache-7
7ff2c40dc000-7ff2c40df000 r--s 00000000 08:06 1049622                    /var/cache/fontconfig/09baa02a-ff66-431f-b726-00146d765610-le64.cache-7
7ff2c40df000-7ff2c4130000 r-xp 00000000 08:06 682700                     /opt/xdman/jre/lib/amd64/libawt_xawt.so
7ff2c4130000-7ff2c4330000 ---p 00051000 08:06 682700                     /opt/xdman/jre/lib/amd64/libawt_xawt.so
7ff2c4330000-7ff2c4331000 r--p 00051000 08:06 682700                     /opt/xdman/jre/lib/amd64/libawt_xawt.so
7ff2c4331000-7ff2c4334000 rw-p 00052000 08:06 682700                     /opt/xdman/jre/lib/amd64/libawt_xawt.so
7ff2c4334000-7ff2c4335000 rw-p 00000000 00:00 0 
7ff2c4335000-7ff2c43d3000 r-xp 00000000 08:06 682695                     /opt/xdman/jre/lib/amd64/libawt.so
7ff2c43d3000-7ff2c45d2000 ---p 0009e000 08:06 682695                     /opt/xdman/jre/lib/amd64/libawt.so
7ff2c45d2000-7ff2c45d3000 r--p 0009d000 08:06 682695                     /opt/xdman/jre/lib/amd64/libawt.so
7ff2c45d3000-7ff2c45de000 rw-p 0009e000 08:06 682695                     /opt/xdman/jre/lib/amd64/libawt.so
7ff2c45de000-7ff2c4603000 rw-p 00000000 00:00 0 
7ff2c4603000-7ff2c4619000 r-xp 00000000 08:06 682702                     /opt/xdman/jre/lib/amd64/libnet.so
7ff2c4619000-7ff2c4818000 ---p 00016000 08:06 682702                     /opt/xdman/jre/lib/amd64/libnet.so
7ff2c4818000-7ff2c4819000 r--p 00015000 08:06 682702                     /opt/xdman/jre/lib/amd64/libnet.so
7ff2c4819000-7ff2c481a000 rw-p 00016000 08:06 682702                     /opt/xdman/jre/lib/amd64/libnet.so
7ff2c481a000-7ff2c481d000 ---p 00000000 00:00 0 
7ff2c481d000-7ff2c491b000 rw-p 00000000 00:00 0 
7ff2c491b000-7ff2c491c000 ---p 00000000 00:00 0 
7ff2c491c000-7ff2c4a1c000 rw-p 00000000 00:00 0 
7ff2c4a1c000-7ff2c4a1f000 ---p 00000000 00:00 0 
7ff2c4a1f000-7ff2c4b1d000 rw-p 00000000 00:00 0 
7ff2c4b1d000-7ff2c4b1e000 ---p 00000000 00:00 0 
7ff2c4b1e000-7ff2c4b21000 ---p 00000000 00:00 0 
7ff2c4b21000-7ff2c4c1e000 rw-p 00000000 00:00 0 
7ff2c4c1e000-7ff2c4c1f000 ---p 00000000 00:00 0 
7ff2c4c1f000-7ff2c4c22000 ---p 00000000 00:00 0 
7ff2c4c22000-7ff2c4d1f000 rw-p 00000000 00:00 0 
7ff2c4d1f000-7ff2c4d20000 ---p 00000000 00:00 0 
7ff2c4d20000-7ff2c4d23000 ---p 00000000 00:00 0 
7ff2c4d23000-7ff2c4e20000 rw-p 00000000 00:00 0 
7ff2c4e20000-7ff2c4e23000 ---p 00000000 00:00 0 
7ff2c4e23000-7ff2c4f21000 rw-p 00000000 00:00 0 
7ff2c4f21000-7ff2c5cfd000 r--p 00000000 08:06 1316309                    /usr/lib/locale/locale-archive
7ff2c5cfd000-7ff2c5d00000 ---p 00000000 00:00 0 
7ff2c5d00000-7ff2c5dfe000 rw-p 00000000 00:00 0 
7ff2c5dfe000-7ff2c5e01000 ---p 00000000 00:00 0 
7ff2c5e01000-7ff2c5eff000 rw-p 00000000 00:00 0 
7ff2c5eff000-7ff2c5f00000 ---p 00000000 00:00 0 
7ff2c5f00000-7ff2c8000000 rw-p 00000000 00:00 0 
7ff2c8000000-7ff2c8021000 rw-p 00000000 00:00 0 
7ff2c8021000-7ff2cc000000 ---p 00000000 00:00 0 
7ff2cc000000-7ff2cc01b000 r--s 0038e000 08:06 682752                     /opt/xdman/jre/lib/ext/cldrdata.jar
7ff2cc01b000-7ff2cc01d000 r--p 00000000 08:06 1316974                    /usr/lib/x86_64-linux-gnu/libXcursor.so.1.0.2
7ff2cc01d000-7ff2cc022000 r-xp 00002000 08:06 1316974                    /usr/lib/x86_64-linux-gnu/libXcursor.so.1.0.2
7ff2cc022000-7ff2cc024000 r--p 00007000 08:06 1316974                    /usr/lib/x86_64-linux-gnu/libXcursor.so.1.0.2
7ff2cc024000-7ff2cc025000 r--p 00008000 08:06 1316974                    /usr/lib/x86_64-linux-gnu/libXcursor.so.1.0.2
7ff2cc025000-7ff2cc026000 rw-p 00009000 08:06 1316974                    /usr/lib/x86_64-linux-gnu/libXcursor.so.1.0.2
7ff2cc026000-7ff2cc027000 r--s 00000000 08:06 1049628                    /var/cache/fontconfig/1c5af0e2-3f96-4d41-8947-c566edafff1d-le64.cache-7
7ff2cc027000-7ff2cc028000 r--s 00000000 08:06 1049630                    /var/cache/fontconfig/2e313f69-426d-4766-b4fe-c78c8a1fa3c6-le64.cache-7
7ff2cc028000-7ff2cc02a000 r--p 00000000 08:06 1317886                    /usr/lib/x86_64-linux-gnu/libnss_dns-2.29.so
7ff2cc02a000-7ff2cc02e000 r-xp 00002000 08:06 1317886                    /usr/lib/x86_64-linux-gnu/libnss_dns-2.29.so
7ff2cc02e000-7ff2cc02f000 r--p 00006000 08:06 1317886                    /usr/lib/x86_64-linux-gnu/libnss_dns-2.29.so
7ff2cc02f000-7ff2cc030000 r--p 00006000 08:06 1317886                    /usr/lib/x86_64-linux-gnu/libnss_dns-2.29.so
7ff2cc030000-7ff2cc031000 rw-p 00007000 08:06 1317886                    /usr/lib/x86_64-linux-gnu/libnss_dns-2.29.so
7ff2cc031000-7ff2cc03b000 r--s 00116000 08:06 682740                     /opt/xdman/jre/lib/ext/localedata.jar
7ff2cc03b000-7ff2cc060000 r--p 00000000 08:06 268159                     /usr/share/locale-langpack/fr/LC_MESSAGES/libc.mo
7ff2cc060000-7ff2cc064000 r--p 00000000 08:06 1317138                    /usr/lib/x86_64-linux-gnu/libbsd.so.0.9.1
7ff2cc064000-7ff2cc073000 r-xp 00004000 08:06 1317138                    /usr/lib/x86_64-linux-gnu/libbsd.so.0.9.1
7ff2cc073000-7ff2cc076000 r--p 00013000 08:06 1317138                    /usr/lib/x86_64-linux-gnu/libbsd.so.0.9.1
7ff2cc076000-7ff2cc077000 ---p 00016000 08:06 1317138                    /usr/lib/x86_64-linux-gnu/libbsd.so.0.9.1
7ff2cc077000-7ff2cc078000 r--p 00016000 08:06 1317138                    /usr/lib/x86_64-linux-gnu/libbsd.so.0.9.1
7ff2cc078000-7ff2cc079000 rw-p 00017000 08:06 1317138                    /usr/lib/x86_64-linux-gnu/libbsd.so.0.9.1
7ff2cc079000-7ff2cc07a000 rw-p 00000000 00:00 0 
7ff2cc07a000-7ff2cc085000 r--p 00000000 08:06 1318417                    /usr/lib/x86_64-linux-gnu/libxcb.so.1.1.0
7ff2cc085000-7ff2cc098000 r-xp 0000b000 08:06 1318417                    /usr/lib/x86_64-linux-gnu/libxcb.so.1.1.0
7ff2cc098000-7ff2cc0a1000 r--p 0001e000 08:06 1318417                    /usr/lib/x86_64-linux-gnu/libxcb.so.1.1.0
7ff2cc0a1000-7ff2cc0a2000 r--p 00026000 08:06 1318417                    /usr/lib/x86_64-linux-gnu/libxcb.so.1.1.0
7ff2cc0a2000-7ff2cc0a3000 rw-p 00027000 08:06 1318417                    /usr/lib/x86_64-linux-gnu/libxcb.so.1.1.0
7ff2cc0a3000-7ff2cd000000 rw-p 00000000 00:00 0 
7ff2cd000000-7ff2cd810000 rwxp 00000000 00:00 0 
7ff2cd810000-7ff2dc000000 ---p 00000000 00:00 0 
7ff2dc000000-7ff2dc1f7000 rw-p 00000000 00:00 0 
7ff2dc1f7000-7ff2e0000000 ---p 00000000 00:00 0 
7ff2e0000000-7ff2e0002000 r--s 00000000 08:06 1049680                    /var/cache/fontconfig/dbf5617f-1aeb-410a-8477-554311f95bf7-le64.cache-7
7ff2e0002000-7ff2e0004000 r--s 00008000 08:06 682737                     /opt/xdman/jre/lib/ext/sunec.jar
7ff2e0004000-7ff2e0009000 r--s 0009a000 08:06 682648                     /opt/xdman/jre/lib/jsse.jar
7ff2e0009000-7ff2e001c000 r--s 00346000 08:06 682660                     /opt/xdman/jre/lib/resources.jar
7ff2e001c000-7ff2e002e000 r--s 00159000 08:06 682750                     /opt/xdman/xdman.jar
7ff2e002e000-7ff2e01fc000 r--s 03bce000 08:06 682754                     /opt/xdman/jre/lib/rt.jar
7ff2e01fc000-7ff2e0ccd000 rw-p 00000000 00:00 0 
7ff2e0ccd000-7ff2e0cce000 ---p 00000000 00:00 0 
7ff2e0cce000-7ff2e0dce000 rw-p 00000000 00:00 0 
7ff2e0dce000-7ff2e0dcf000 ---p 00000000 00:00 0 
7ff2e0dcf000-7ff2e0ecf000 rw-p 00000000 00:00 0 
7ff2e0ecf000-7ff2e0ed0000 ---p 00000000 00:00 0 
7ff2e0ed0000-7ff2e0fd0000 rw-p 00000000 00:00 0 
7ff2e0fd0000-7ff2e0fd1000 ---p 00000000 00:00 0 
7ff2e0fd1000-7ff2e10e5000 rw-p 00000000 00:00 0 
7ff2e10e5000-7ff2e1227000 ---p 00000000 00:00 0 
7ff2e1227000-7ff2e123b000 rw-p 00000000 00:00 0 
7ff2e123b000-7ff2e137c000 ---p 00000000 00:00 0 
7ff2e137c000-7ff2e1385000 rw-p 00000000 00:00 0 
7ff2e1385000-7ff2e1427000 ---p 00000000 00:00 0 
7ff2e1427000-7ff2e1449000 rw-p 00000000 00:00 0 
7ff2e1449000-7ff2e17e8000 ---p 00000000 00:00 0 
7ff2e17e8000-7ff2e17f0000 r-xp 00000000 08:06 682699                     /opt/xdman/jre/lib/amd64/libzip.so
7ff2e17f0000-7ff2e19ef000 ---p 00008000 08:06 682699                     /opt/xdman/jre/lib/amd64/libzip.so
7ff2e19ef000-7ff2e19f0000 r--p 00007000 08:06 682699                     /opt/xdman/jre/lib/amd64/libzip.so
7ff2e19f0000-7ff2e19f1000 rw-p 00008000 08:06 682699                     /opt/xdman/jre/lib/amd64/libzip.so
7ff2e19f1000-7ff2e19f4000 r--p 00000000 08:06 1317889                    /usr/lib/x86_64-linux-gnu/libnss_files-2.29.so
7ff2e19f4000-7ff2e19fb000 r-xp 00003000 08:06 1317889                    /usr/lib/x86_64-linux-gnu/libnss_files-2.29.so
7ff2e19fb000-7ff2e19fd000 r--p 0000a000 08:06 1317889                    /usr/lib/x86_64-linux-gnu/libnss_files-2.29.so
7ff2e19fd000-7ff2e19fe000 r--p 0000b000 08:06 1317889                    /usr/lib/x86_64-linux-gnu/libnss_files-2.29.so
7ff2e19fe000-7ff2e19ff000 rw-p 0000c000 08:06 1317889                    /usr/lib/x86_64-linux-gnu/libnss_files-2.29.so
7ff2e19ff000-7ff2e1a05000 rw-p 00000000 00:00 0 
7ff2e1a05000-7ff2e1a06000 r--s 00000000 08:06 1049665                    /var/cache/fontconfig/a823e494-8349-420f-a29e-ed2adcce4990-le64.cache-7
7ff2e1a06000-7ff2e1a1a000 rw-p 00000000 00:00 0 
7ff2e1a1a000-7ff2e1a46000 r-xp 00000000 08:06 682704                     /opt/xdman/jre/lib/amd64/libjava.so
7ff2e1a46000-7ff2e1c45000 ---p 0002c000 08:06 682704                     /opt/xdman/jre/lib/amd64/libjava.so
7ff2e1c45000-7ff2e1c46000 r--p 0002b000 08:06 682704                     /opt/xdman/jre/lib/amd64/libjava.so
7ff2e1c46000-7ff2e1c48000 rw-p 0002c000 08:06 682704                     /opt/xdman/jre/lib/amd64/libjava.so
7ff2e1c48000-7ff2e1c55000 r-xp 00000000 08:06 682698                     /opt/xdman/jre/lib/amd64/libverify.so
7ff2e1c55000-7ff2e1e54000 ---p 0000d000 08:06 682698                     /opt/xdman/jre/lib/amd64/libverify.so
7ff2e1e54000-7ff2e1e56000 r--p 0000c000 08:06 682698                     /opt/xdman/jre/lib/amd64/libverify.so
7ff2e1e56000-7ff2e1e57000 rw-p 0000e000 08:06 682698                     /opt/xdman/jre/lib/amd64/libverify.so
7ff2e1e57000-7ff2e1e5a000 r--p 00000000 08:06 1318097                    /usr/lib/x86_64-linux-gnu/librt-2.29.so
7ff2e1e5a000-7ff2e1e5e000 r-xp 00003000 08:06 1318097                    /usr/lib/x86_64-linux-gnu/librt-2.29.so
7ff2e1e5e000-7ff2e1e60000 r--p 00007000 08:06 1318097                    /usr/lib/x86_64-linux-gnu/librt-2.29.so
7ff2e1e60000-7ff2e1e61000 r--p 00008000 08:06 1318097                    /usr/lib/x86_64-linux-gnu/librt-2.29.so
7ff2e1e61000-7ff2e1e62000 rw-p 00009000 08:06 1318097                    /usr/lib/x86_64-linux-gnu/librt-2.29.so
7ff2e1e62000-7ff2e1e63000 ---p 00000000 00:00 0 
7ff2e1e63000-7ff2e1e66000 ---p 00000000 00:00 0 
7ff2e1e66000-7ff2e1f63000 rw-p 00000000 00:00 0 
7ff2e1f63000-7ff2e1f72000 r--p 00000000 08:06 1317761                    /usr/lib/x86_64-linux-gnu/libm-2.29.so
7ff2e1f72000-7ff2e2018000 r-xp 0000f000 08:06 1317761                    /usr/lib/x86_64-linux-gnu/libm-2.29.so
7ff2e2018000-7ff2e20af000 r--p 000b5000 08:06 1317761                    /usr/lib/x86_64-linux-gnu/libm-2.29.so
7ff2e20af000-7ff2e20b0000 r--p 0014b000 08:06 1317761                    /usr/lib/x86_64-linux-gnu/libm-2.29.so
7ff2e20b0000-7ff2e20b1000 rw-p 0014c000 08:06 1317761                    /usr/lib/x86_64-linux-gnu/libm-2.29.so
7ff2e20b1000-7ff2e2d1b000 r-xp 00000000 08:06 682722                     /opt/xdman/jre/lib/amd64/server/libjvm.so
7ff2e2d1b000-7ff2e2f1b000 ---p 00c6a000 08:06 682722                     /opt/xdman/jre/lib/amd64/server/libjvm.so
7ff2e2f1b000-7ff2e2faf000 r--p 00c6a000 08:06 682722                     /opt/xdman/jre/lib/amd64/server/libjvm.so
7ff2e2faf000-7ff2e2fd7000 rw-p 00cfe000 08:06 682722                     /opt/xdman/jre/lib/amd64/server/libjvm.so
7ff2e2fd7000-7ff2e300a000 rw-p 00000000 00:00 0 
7ff2e300a000-7ff2e302f000 r--p 00000000 08:06 1317142                    /usr/lib/x86_64-linux-gnu/libc-2.29.so
7ff2e302f000-7ff2e31a2000 r-xp 00025000 08:06 1317142                    /usr/lib/x86_64-linux-gnu/libc-2.29.so
7ff2e31a2000-7ff2e31eb000 r--p 00198000 08:06 1317142                    /usr/lib/x86_64-linux-gnu/libc-2.29.so
7ff2e31eb000-7ff2e31ee000 r--p 001e0000 08:06 1317142                    /usr/lib/x86_64-linux-gnu/libc-2.29.so
7ff2e31ee000-7ff2e31f1000 rw-p 001e3000 08:06 1317142                    /usr/lib/x86_64-linux-gnu/libc-2.29.so
7ff2e31f1000-7ff2e31f5000 rw-p 00000000 00:00 0 
7ff2e31f5000-7ff2e31f6000 r--p 00000000 08:06 1317279                    /usr/lib/x86_64-linux-gnu/libdl-2.29.so
7ff2e31f6000-7ff2e31f8000 r-xp 00001000 08:06 1317279                    /usr/lib/x86_64-linux-gnu/libdl-2.29.so
7ff2e31f8000-7ff2e31f9000 r--p 00003000 08:06 1317279                    /usr/lib/x86_64-linux-gnu/libdl-2.29.so
7ff2e31f9000-7ff2e31fa000 r--p 00003000 08:06 1317279                    /usr/lib/x86_64-linux-gnu/libdl-2.29.so
7ff2e31fa000-7ff2e31fb000 rw-p 00004000 08:06 1317279                    /usr/lib/x86_64-linux-gnu/libdl-2.29.so
7ff2e31fb000-7ff2e3208000 r-xp 00000000 08:06 682713                     /opt/xdman/jre/lib/amd64/jli/libjli.so
7ff2e3208000-7ff2e3407000 ---p 0000d000 08:06 682713                     /opt/xdman/jre/lib/amd64/jli/libjli.so
7ff2e3407000-7ff2e3408000 r--p 0000c000 08:06 682713                     /opt/xdman/jre/lib/amd64/jli/libjli.so
7ff2e3408000-7ff2e3409000 rw-p 0000d000 08:06 682713                     /opt/xdman/jre/lib/amd64/jli/libjli.so
7ff2e3409000-7ff2e340b000 r--p 00000000 08:06 1318447                    /usr/lib/x86_64-linux-gnu/libz.so.1.2.11
7ff2e340b000-7ff2e341c000 r-xp 00002000 08:06 1318447                    /usr/lib/x86_64-linux-gnu/libz.so.1.2.11
7ff2e341c000-7ff2e3422000 r--p 00013000 08:06 1318447                    /usr/lib/x86_64-linux-gnu/libz.so.1.2.11
7ff2e3422000-7ff2e3423000 ---p 00019000 08:06 1318447                    /usr/lib/x86_64-linux-gnu/libz.so.1.2.11
7ff2e3423000-7ff2e3424000 r--p 00019000 08:06 1318447                    /usr/lib/x86_64-linux-gnu/libz.so.1.2.11
7ff2e3424000-7ff2e3425000 rw-p 0001a000 08:06 1318447                    /usr/lib/x86_64-linux-gnu/libz.so.1.2.11
7ff2e3425000-7ff2e342c000 r--p 00000000 08:06 1318031                    /usr/lib/x86_64-linux-gnu/libpthread-2.29.so
7ff2e342c000-7ff2e343b000 r-xp 00007000 08:06 1318031                    /usr/lib/x86_64-linux-gnu/libpthread-2.29.so
7ff2e343b000-7ff2e3440000 r--p 00016000 08:06 1318031                    /usr/lib/x86_64-linux-gnu/libpthread-2.29.so
7ff2e3440000-7ff2e3441000 r--p 0001a000 08:06 1318031                    /usr/lib/x86_64-linux-gnu/libpthread-2.29.so
7ff2e3441000-7ff2e3442000 rw-p 0001b000 08:06 1318031                    /usr/lib/x86_64-linux-gnu/libpthread-2.29.so
7ff2e3442000-7ff2e3448000 rw-p 00000000 00:00 0 
7ff2e3448000-7ff2e3449000 r--s 00000000 08:06 1049655                    /var/cache/fontconfig/86c85dd4-11f4-4867-b418-783375d84cda-le64.cache-7
7ff2e3449000-7ff2e344c000 r--s 00015000 08:06 682732                     /opt/xdman/jre/lib/jce.jar
7ff2e344c000-7ff2e3453000 r--s 00000000 08:06 1706558                    /usr/lib/x86_64-linux-gnu/gconv/gconv-modules.cache
7ff2e3453000-7ff2e345b000 rw-s 00000000 08:06 275887                     /tmp/hsperfdata_mm/2381
7ff2e345b000-7ff2e345c000 rw-p 00000000 00:00 0 
7ff2e345c000-7ff2e345d000 r--p 00000000 00:00 0 
7ff2e345d000-7ff2e345e000 r--p 00000000 08:06 1316922                    /usr/lib/x86_64-linux-gnu/ld-2.29.so
7ff2e345e000-7ff2e347f000 r-xp 00001000 08:06 1316922                    /usr/lib/x86_64-linux-gnu/ld-2.29.so
7ff2e347f000-7ff2e3487000 r--p 00022000 08:06 1316922                    /usr/lib/x86_64-linux-gnu/ld-2.29.so
7ff2e3487000-7ff2e3488000 r--p 00029000 08:06 1316922                    /usr/lib/x86_64-linux-gnu/ld-2.29.so
7ff2e3488000-7ff2e3489000 rw-p 0002a000 08:06 1316922                    /usr/lib/x86_64-linux-gnu/ld-2.29.so
7ff2e3489000-7ff2e348a000 rw-p 00000000 00:00 0 
7ffd1638d000-7ffd163ae000 rw-p 00000000 00:00 0                          [stack]
7ffd163fc000-7ffd163ff000 r--p 00000000 00:00 0                          [vvar]
7ffd163ff000-7ffd16400000 r-xp 00000000 00:00 0                          [vdso]
ffffffffff600000-ffffffffff601000 r-xp 00000000 00:00 0                  [vsyscall]

VM Arguments:
jvm_args: -Xmx1024m 
java_command: /opt/xdman/xdman.jar -m
java_class_path (initial): /opt/xdman/xdman.jar
Launcher Type: SUN_STANDARD

Environment Variables:
PATH=/usr/local/sbin:/usr/local/bin:/usr/sbin:/usr/bin:/sbin:/bin:/usr/games:/usr/local/games:/snap/bin
USERNAME=mm
SHELL=/bin/bash
DISPLAY=:0

Signal Handlers:
SIGSEGV: [libjvm.so+0xa6c220], sa_mask[0]=11111111011111111101111111111110, sa_flags=SA_RESTART|SA_SIGINFO
SIGBUS: [libjvm.so+0xa6c220], sa_mask[0]=11111111011111111101111111111110, sa_flags=SA_RESTART|SA_SIGINFO
SIGFPE: [libjvm.so+0x8ad240], sa_mask[0]=11111111011111111101111111111110, sa_flags=SA_RESTART|SA_SIGINFO
SIGPIPE: [libjvm.so+0x8ad240], sa_mask[0]=11111111011111111101111111111110, sa_flags=SA_RESTART|SA_SIGINFO
SIGXFSZ: [libjvm.so+0x8ad240], sa_mask[0]=11111111011111111101111111111110, sa_flags=SA_RESTART|SA_SIGINFO
SIGILL: [libjvm.so+0x8ad240], sa_mask[0]=11111111011111111101111111111110, sa_flags=SA_RESTART|SA_SIGINFO
SIGUSR1: SIG_DFL, sa_mask[0]=00000000000000000000000000000000, sa_flags=none
SIGUSR2: [libjvm.so+0x8ad110], sa_mask[0]=00000000000000000000000000000000, sa_flags=SA_RESTART|SA_SIGINFO
SIGHUP: [libjvm.so+0x8ad570], sa_mask[0]=11111111011111111101111111111110, sa_flags=SA_RESTART|SA_SIGINFO
SIGINT: [libjvm.so+0x8ad570], sa_mask[0]=11111111011111111101111111111110, sa_flags=SA_RESTART|SA_SIGINFO
SIGTERM: [libjvm.so+0x8ad570], sa_mask[0]=11111111011111111101111111111110, sa_flags=SA_RESTART|SA_SIGINFO
SIGQUIT: [libjvm.so+0x8ad570], sa_mask[0]=11111111011111111101111111111110, sa_flags=SA_RESTART|SA_SIGINFO


---------------  S Y S T E M  ---------------

OS:DISTRIB_ID=Ubuntu
DISTRIB_RELEASE=19.04
DISTRIB_CODENAME=disco
DISTRIB_DESCRIPTION="Ubuntu 19.04"

uname:Linux 5.0.0-13-generic #14-Ubuntu SMP Mon Apr 15 14:59:14 UTC 2019 x86_64
libc:glibc 2.29 NPTL 2.29 
rlimit: STACK 8192k, CORE 0k, NPROC 15045, NOFILE 1048576, AS infinity
load average:0,85 0,80 0,73

/proc/meminfo:
MemTotal:        3900016 kB
MemFree:         2232344 kB
MemAvailable:    2459912 kB
Buffers:           36212 kB
Cached:           788108 kB
SwapCached:         7468 kB
Active:           674540 kB
Inactive:         617404 kB
Active(anon):     457648 kB
Inactive(anon):   430528 kB
Active(file):     216892 kB
Inactive(file):   186876 kB
Unevictable:      118312 kB
Mlocked:               0 kB
SwapTotal:       1358976 kB
SwapFree:        1294976 kB
Dirty:             10084 kB
Writeback:             0 kB
AnonPages:        579788 kB
Mapped:           234764 kB
Shmem:            420432 kB
KReclaimable:      58836 kB
Slab:             160260 kB
SReclaimable:      58836 kB
SUnreclaim:       101424 kB
KernelStack:        5744 kB
PageTables:         9420 kB
NFS_Unstable:          0 kB
Bounce:                0 kB
WritebackTmp:          0 kB
CommitLimit:     3308984 kB
Committed_AS:    3376836 kB
VmallocTotal:   34359738367 kB
VmallocUsed:           0 kB
VmallocChunk:          0 kB
Percpu:             2224 kB
HardwareCorrupted:     0 kB
AnonHugePages:         0 kB
ShmemHugePages:        0 kB
ShmemPmdMapped:        0 kB
CmaTotal:              0 kB
CmaFree:               0 kB
HugePages_Total:       0
HugePages_Free:        0
HugePages_Rsvd:        0
HugePages_Surp:        0
Hugepagesize:       2048 kB
Hugetlb:               0 kB
DirectMap4k:      305784 kB
DirectMap2M:     3751936 kB
DirectMap1G:     1048576 kB


CPU:total 4 (initial active 4) (2 cores per cpu, 2 threads per core) family 6 model 78 stepping 3, cmov, cx8, fxsr, mmx, sse, sse2, sse3, ssse3, sse4.1, sse4.2, popcnt, avx, avx2, aes, clmul, erms, rtm, 3dnowpref, lzcnt, ht, tsc, tscinvbit, bmi1, bmi2, adx

/proc/cpuinfo:
processor	: 0
vendor_id	: GenuineIntel
cpu family	: 6
model		: 78
model name	: Intel(R) Core(TM) i3-6100U CPU @ 2.30GHz
stepping	: 3
microcode	: 0xc6
cpu MHz		: 749.065
cache size	: 3072 KB
physical id	: 0
siblings	: 4
core id		: 0
cpu cores	: 2
apicid		: 0
initial apicid	: 0
fpu		: yes
fpu_exception	: yes
cpuid level	: 22
wp		: yes
flags		: fpu vme de pse tsc msr pae mce cx8 apic sep mtrr pge mca cmov pat pse36 clflush dts acpi mmx fxsr sse sse2 ss ht tm pbe syscall nx pdpe1gb rdtscp lm constant_tsc art arch_perfmon pebs bts rep_good nopl xtopology nonstop_tsc cpuid aperfmperf tsc_known_freq pni pclmulqdq dtes64 monitor ds_cpl vmx est tm2 ssse3 sdbg fma cx16 xtpr pdcm pcid sse4_1 sse4_2 x2apic movbe popcnt tsc_deadline_timer aes xsave avx f16c rdrand lahf_lm abm 3dnowprefetch cpuid_fault epb invpcid_single pti ssbd ibrs ibpb stibp tpr_shadow vnmi flexpriority ept vpid ept_ad fsgsbase tsc_adjust bmi1 hle avx2 smep bmi2 erms invpcid rtm mpx rdseed adx smap clflushopt intel_pt xsaveopt xsavec xgetbv1 xsaves dtherm arat pln pts hwp hwp_notify hwp_act_window hwp_epp flush_l1d
bugs		: cpu_meltdown spectre_v1 spectre_v2 spec_store_bypass l1tf
bogomips	: 4608.00
clflush size	: 64
cache_alignment	: 64
address sizes	: 39 bits physical, 48 bits virtual
power management:

processor	: 1
vendor_id	: GenuineIntel
cpu family	: 6
model		: 78
model name	: Intel(R) Core(TM) i3-6100U CPU @ 2.30GHz
stepping	: 3
microcode	: 0xc6
cpu MHz		: 749.565
cache size	: 3072 KB
physical id	: 0
siblings	: 4
core id		: 1
cpu cores	: 2
apicid		: 2
initial apicid	: 2
fpu		: yes
fpu_exception	: yes
cpuid level	: 22
wp		: yes
flags		: fpu vme de pse tsc msr pae mce cx8 apic sep mtrr pge mca cmov pat pse36 clflush dts acpi mmx fxsr sse sse2 ss ht tm pbe syscall nx pdpe1gb rdtscp lm constant_tsc art arch_perfmon pebs bts rep_good nopl xtopology nonstop_tsc cpuid aperfmperf tsc_known_freq pni pclmulqdq dtes64 monitor ds_cpl vmx est tm2 ssse3 sdbg fma cx16 xtpr pdcm pcid sse4_1 sse4_2 x2apic movbe popcnt tsc_deadline_timer aes xsave avx f16c rdrand lahf_lm abm 3dnowprefetch cpuid_fault epb invpcid_single pti ssbd ibrs ibpb stibp tpr_shadow vnmi flexpriority ept vpid ept_ad fsgsbase tsc_adjust bmi1 hle avx2 smep bmi2 erms invpcid rtm mpx rdseed adx smap clflushopt intel_pt xsaveopt xsavec xgetbv1 xsaves dtherm arat pln pts hwp hwp_notify hwp_act_window hwp_epp flush_l1d
bugs		: cpu_meltdown spectre_v1 spectre_v2 spec_store_bypass l1tf
bogomips	: 4608.00
clflush size	: 64
cache_alignment	: 64
address sizes	: 39 bits physical, 48 bits virtual
power management:

processor	: 2
vendor_id	: GenuineIntel
cpu family	: 6
model		: 78
model name	: Intel(R) Core(TM) i3-6100U CPU @ 2.30GHz
stepping	: 3
microcode	: 0xc6
cpu MHz		: 772.822
cache size	: 3072 KB
physical id	: 0
siblings	: 4
core id		: 0
cpu cores	: 2
apicid		: 1
initial apicid	: 1
fpu		: yes
fpu_exception	: yes
cpuid level	: 22
wp		: yes
flags		: fpu vme de pse tsc msr pae mce cx8 apic sep mtrr pge mca cmov pat pse36 clflush dts acpi mmx fxsr sse sse2 ss ht tm pbe syscall nx pdpe1gb rdtscp lm constant_tsc art arch_perfmon pebs bts rep_good nopl xtopology nonstop_tsc cpuid aperfmperf tsc_known_freq pni pclmulqdq dtes64 monitor ds_cpl vmx est tm2 ssse3 sdbg fma cx16 xtpr pdcm pcid sse4_1 sse4_2 x2apic movbe popcnt tsc_deadline_timer aes xsave avx f16c rdrand lahf_lm abm 3dnowprefetch cpuid_fault epb invpcid_single pti ssbd ibrs ibpb stibp tpr_shadow vnmi flexpriority ept vpid ept_ad fsgsbase tsc_adjust bmi1 hle avx2 smep bmi2 erms invpcid rtm mpx rdseed adx smap clflushopt intel_pt xsaveopt xsavec xgetbv1 xsaves dtherm arat pln pts hwp hwp_notify hwp_act_window hwp_epp flush_l1d
bugs		: cpu_meltdown spectre_v1 spectre_v2 spec_store_bypass l1tf
bogomips	: 4608.00
clflush size	: 64
cache_alignment	: 64
address sizes	: 39 bits physical, 48 bits virtual
power management:

processor	: 3
vendor_id	: GenuineIntel
cpu family	: 6
model		: 78
model name	: Intel(R) Core(TM) i3-6100U CPU @ 2.30GHz
stepping	: 3
microcode	: 0xc6
cpu MHz		: 726.513
cache size	: 3072 KB
physical id	: 0
siblings	: 4
core id		: 1
cpu cores	: 2
apicid		: 3
initial apicid	: 3
fpu		: yes
fpu_exception	: yes
cpuid level	: 22
wp		: yes
flags		: fpu vme de pse tsc msr pae mce cx8 apic sep mtrr pge mca cmov pat pse36 clflush dts acpi mmx fxsr sse sse2 ss ht tm pbe syscall nx pdpe1gb rdtscp lm constant_tsc art arch_perfmon pebs bts rep_good nopl xtopology nonstop_tsc cpuid aperfmperf tsc_known_freq pni pclmulqdq dtes64 monitor ds_cpl vmx est tm2 ssse3 sdbg fma cx16 xtpr pdcm pcid sse4_1 sse4_2 x2apic movbe popcnt tsc_deadline_timer aes xsave avx f16c rdrand lahf_lm abm 3dnowprefetch cpuid_fault epb invpcid_single pti ssbd ibrs ibpb stibp tpr_shadow vnmi flexpriority ept vpid ept_ad fsgsbase tsc_adjust bmi1 hle avx2 smep bmi2 erms invpcid rtm mpx rdseed adx smap clflushopt intel_pt xsaveopt xsavec xgetbv1 xsaves dtherm arat pln pts hwp hwp_notify hwp_act_window hwp_epp flush_l1d
bugs		: cpu_meltdown spectre_v1 spectre_v2 spec_store_bypass l1tf
bogomips	: 4608.00
clflush size	: 64
cache_alignment	: 64
address sizes	: 39 bits physical, 48 bits virtual
power management:



Memory: 4k page, physical 3900016k(2232108k free), swap 1358976k(1295232k free)

vm_info: OpenJDK 64-Bit Server VM (25.141-b15) for linux-amd64 JRE (1.8.0_141-BLFS-b15), built on Jul 31 2017 19:13:20 by "pierre" with gcc 7.1.0

time: Tue May 14 13:20:44 2019
elapsed time: 18316 seconds (0d 5h 5m 16s)

